2018-11-16 18:55:16,692 DEBUG (0.001) SELECT @@SQL_AUTO_IS_NULL; args=None
2018-11-16 18:55:16,695 DEBUG (0.002) SELECT VERSION(); args=None
2018-11-16 18:55:16,774 DEBUG (0.023) SHOW FULL TABLES; args=None
2018-11-16 18:55:16,789 DEBUG (0.012) SELECT `django_migrations`.`app`, `django_migrations`.`name` FROM `django_migrations`; args=()
2018-11-16 18:55:28,045 DEBUG (0.000) SELECT @@SQL_AUTO_IS_NULL; args=None
2018-11-16 18:55:28,045 DEBUG (0.000) SELECT VERSION(); args=None
2018-11-16 18:55:28,053 DEBUG (0.005) SELECT `django_session`.`session_key`, `django_session`.`session_data`, `django_session`.`expire_date` FROM `django_session` WHERE (`django_session`.`session_key` = 'mqoi80xil8ldzfmsk15sk8zxagqxs435' AND `django_session`.`expire_date` > '2018-11-16 10:55:28.041644'); args=('mqoi80xil8ldzfmsk15sk8zxagqxs435', '2018-11-16 10:55:28.041644')
2018-11-16 18:55:28,065 DEBUG (0.010) SELECT `auth_user`.`id`, `auth_user`.`password`, `auth_user`.`last_login`, `auth_user`.`is_superuser`, `auth_user`.`username`, `auth_user`.`first_name`, `auth_user`.`last_name`, `auth_user`.`email`, `auth_user`.`is_staff`, `auth_user`.`is_active`, `auth_user`.`date_joined` FROM `auth_user` WHERE `auth_user`.`id` = 1; args=(1,)
2018-11-16 18:55:28,155 DEBUG (0.017) SELECT `django_admin_log`.`id`, `django_admin_log`.`action_time`, `django_admin_log`.`user_id`, `django_admin_log`.`content_type_id`, `django_admin_log`.`object_id`, `django_admin_log`.`object_repr`, `django_admin_log`.`action_flag`, `django_admin_log`.`change_message`, `auth_user`.`id`, `auth_user`.`password`, `auth_user`.`last_login`, `auth_user`.`is_superuser`, `auth_user`.`username`, `auth_user`.`first_name`, `auth_user`.`last_name`, `auth_user`.`email`, `auth_user`.`is_staff`, `auth_user`.`is_active`, `auth_user`.`date_joined`, `django_content_type`.`id`, `django_content_type`.`app_label`, `django_content_type`.`model` FROM `django_admin_log` INNER JOIN `auth_user` ON (`django_admin_log`.`user_id` = `auth_user`.`id`) LEFT OUTER JOIN `django_content_type` ON (`django_admin_log`.`content_type_id` = `django_content_type`.`id`) WHERE `django_admin_log`.`user_id` = 1 ORDER BY `django_admin_log`.`action_time` DESC LIMIT 10; args=(1,)
2018-11-16 18:55:28,879 DEBUG (0.001) SELECT @@SQL_AUTO_IS_NULL; args=None
2018-11-16 18:55:28,880 DEBUG (0.001) SELECT VERSION(); args=None
2018-11-16 18:55:28,885 DEBUG (0.001) SELECT `django_session`.`session_key`, `django_session`.`session_data`, `django_session`.`expire_date` FROM `django_session` WHERE (`django_session`.`session_key` = 'mqoi80xil8ldzfmsk15sk8zxagqxs435' AND `django_session`.`expire_date` > '2018-11-16 10:55:28.874274'); args=('mqoi80xil8ldzfmsk15sk8zxagqxs435', '2018-11-16 10:55:28.874274')
2018-11-16 18:55:28,888 DEBUG (0.001) SELECT `auth_user`.`id`, `auth_user`.`password`, `auth_user`.`last_login`, `auth_user`.`is_superuser`, `auth_user`.`username`, `auth_user`.`first_name`, `auth_user`.`last_name`, `auth_user`.`email`, `auth_user`.`is_staff`, `auth_user`.`is_active`, `auth_user`.`date_joined` FROM `auth_user` WHERE `auth_user`.`id` = 1; args=(1,)
2018-11-16 18:55:28,915 DEBUG (0.003) SELECT `django_admin_log`.`id`, `django_admin_log`.`action_time`, `django_admin_log`.`user_id`, `django_admin_log`.`content_type_id`, `django_admin_log`.`object_id`, `django_admin_log`.`object_repr`, `django_admin_log`.`action_flag`, `django_admin_log`.`change_message`, `auth_user`.`id`, `auth_user`.`password`, `auth_user`.`last_login`, `auth_user`.`is_superuser`, `auth_user`.`username`, `auth_user`.`first_name`, `auth_user`.`last_name`, `auth_user`.`email`, `auth_user`.`is_staff`, `auth_user`.`is_active`, `auth_user`.`date_joined`, `django_content_type`.`id`, `django_content_type`.`app_label`, `django_content_type`.`model` FROM `django_admin_log` INNER JOIN `auth_user` ON (`django_admin_log`.`user_id` = `auth_user`.`id`) LEFT OUTER JOIN `django_content_type` ON (`django_admin_log`.`content_type_id` = `django_content_type`.`id`) WHERE `django_admin_log`.`user_id` = 1 ORDER BY `django_admin_log`.`action_time` DESC LIMIT 10; args=(1,)
2018-11-16 18:55:37,666 DEBUG (0.000) SELECT @@SQL_AUTO_IS_NULL; args=None
2018-11-16 18:55:37,667 DEBUG (0.000) SELECT VERSION(); args=None
2018-11-16 18:55:37,669 DEBUG (0.001) SELECT `django_session`.`session_key`, `django_session`.`session_data`, `django_session`.`expire_date` FROM `django_session` WHERE (`django_session`.`session_key` = 'mqoi80xil8ldzfmsk15sk8zxagqxs435' AND `django_session`.`expire_date` > '2018-11-16 10:55:37.664775'); args=('mqoi80xil8ldzfmsk15sk8zxagqxs435', '2018-11-16 10:55:37.664775')
2018-11-16 18:55:37,671 DEBUG (0.001) SELECT `auth_user`.`id`, `auth_user`.`password`, `auth_user`.`last_login`, `auth_user`.`is_superuser`, `auth_user`.`username`, `auth_user`.`first_name`, `auth_user`.`last_name`, `auth_user`.`email`, `auth_user`.`is_staff`, `auth_user`.`is_active`, `auth_user`.`date_joined` FROM `auth_user` WHERE `auth_user`.`id` = 1; args=(1,)
2018-11-16 18:55:37,677 DEBUG (0.004) SELECT `users`.`id`, `users`.`username`, `users`.`gender`, `users`.`id_card`, `users`.`age`, `users`.`address`, `users`.`remark`, `users`.`create_time`, `users`.`update_time` FROM `users`; args=()
2018-11-16 18:55:54,083 DEBUG (0.000) SELECT @@SQL_AUTO_IS_NULL; args=None
2018-11-16 18:55:54,084 DEBUG (0.000) SELECT VERSION(); args=None
2018-11-16 18:55:54,085 DEBUG (0.001) SELECT `django_session`.`session_key`, `django_session`.`session_data`, `django_session`.`expire_date` FROM `django_session` WHERE (`django_session`.`session_key` = 'mqoi80xil8ldzfmsk15sk8zxagqxs435' AND `django_session`.`expire_date` > '2018-11-16 10:55:54.081121'); args=('mqoi80xil8ldzfmsk15sk8zxagqxs435', '2018-11-16 10:55:54.081121')
2018-11-16 18:55:54,087 DEBUG (0.001) SELECT `auth_user`.`id`, `auth_user`.`password`, `auth_user`.`last_login`, `auth_user`.`is_superuser`, `auth_user`.`username`, `auth_user`.`first_name`, `auth_user`.`last_name`, `auth_user`.`email`, `auth_user`.`is_staff`, `auth_user`.`is_active`, `auth_user`.`date_joined` FROM `auth_user` WHERE `auth_user`.`id` = 1; args=(1,)
2018-11-16 18:55:54,097 DEBUG (0.009) INSERT INTO `users` (`username`, `gender`, `id_card`, `age`, `address`, `remark`, `create_time`, `update_time`) VALUES ('xiaowang', 0, '1010101', 31, 'bj', 'beijing', '2018-11-16 10:55:54.088823', '2018-11-16 10:55:54.088872'); args=['xiaowang', 0, '1010101', 31, 'bj', 'beijing', '2018-11-16 10:55:54.088823', '2018-11-16 10:55:54.088872']
2018-11-16 18:55:54,205 DEBUG (0.000) SELECT @@SQL_AUTO_IS_NULL; args=None
2018-11-16 18:55:54,205 DEBUG (0.000) SELECT VERSION(); args=None
2018-11-16 18:55:54,208 DEBUG (0.001) SELECT `django_session`.`session_key`, `django_session`.`session_data`, `django_session`.`expire_date` FROM `django_session` WHERE (`django_session`.`session_key` = 'mqoi80xil8ldzfmsk15sk8zxagqxs435' AND `django_session`.`expire_date` > '2018-11-16 10:55:54.202703'); args=('mqoi80xil8ldzfmsk15sk8zxagqxs435', '2018-11-16 10:55:54.202703')
2018-11-16 18:55:54,210 DEBUG (0.001) SELECT `auth_user`.`id`, `auth_user`.`password`, `auth_user`.`last_login`, `auth_user`.`is_superuser`, `auth_user`.`username`, `auth_user`.`first_name`, `auth_user`.`last_name`, `auth_user`.`email`, `auth_user`.`is_staff`, `auth_user`.`is_active`, `auth_user`.`date_joined` FROM `auth_user` WHERE `auth_user`.`id` = 1; args=(1,)
2018-11-16 18:55:54,213 DEBUG (0.001) SELECT `users`.`id`, `users`.`username`, `users`.`gender`, `users`.`id_card`, `users`.`age`, `users`.`address`, `users`.`remark`, `users`.`create_time`, `users`.`update_time` FROM `users`; args=()
2018-11-16 18:56:08,430 DEBUG (0.000) SELECT @@SQL_AUTO_IS_NULL; args=None
2018-11-16 18:56:08,431 DEBUG (0.000) SELECT VERSION(); args=None
2018-11-16 18:56:08,433 DEBUG (0.001) SELECT `django_session`.`session_key`, `django_session`.`session_data`, `django_session`.`expire_date` FROM `django_session` WHERE (`django_session`.`session_key` = 'mqoi80xil8ldzfmsk15sk8zxagqxs435' AND `django_session`.`expire_date` > '2018-11-16 10:56:08.427603'); args=('mqoi80xil8ldzfmsk15sk8zxagqxs435', '2018-11-16 10:56:08.427603')
2018-11-16 18:56:08,435 DEBUG (0.001) SELECT `auth_user`.`id`, `auth_user`.`password`, `auth_user`.`last_login`, `auth_user`.`is_superuser`, `auth_user`.`username`, `auth_user`.`first_name`, `auth_user`.`last_name`, `auth_user`.`email`, `auth_user`.`is_staff`, `auth_user`.`is_active`, `auth_user`.`date_joined` FROM `auth_user` WHERE `auth_user`.`id` = 1; args=(1,)
2018-11-16 18:56:08,437 DEBUG (0.001) INSERT INTO `users` (`username`, `gender`, `id_card`, `age`, `address`, `remark`, `create_time`, `update_time`) VALUES ('xioaohong', 1, '100102', 23, 'bj', 'beijing', '2018-11-16 10:56:08.436978', '2018-11-16 10:56:08.437025'); args=['xioaohong', 1, '100102', 23, 'bj', 'beijing', '2018-11-16 10:56:08.436978', '2018-11-16 10:56:08.437025']
2018-11-16 18:56:08,449 DEBUG (0.000) SELECT @@SQL_AUTO_IS_NULL; args=None
2018-11-16 18:56:08,449 DEBUG (0.000) SELECT VERSION(); args=None
2018-11-16 18:56:08,452 DEBUG (0.001) SELECT `django_session`.`session_key`, `django_session`.`session_data`, `django_session`.`expire_date` FROM `django_session` WHERE (`django_session`.`session_key` = 'mqoi80xil8ldzfmsk15sk8zxagqxs435' AND `django_session`.`expire_date` > '2018-11-16 10:56:08.447157'); args=('mqoi80xil8ldzfmsk15sk8zxagqxs435', '2018-11-16 10:56:08.447157')
2018-11-16 18:56:08,454 DEBUG (0.001) SELECT `auth_user`.`id`, `auth_user`.`password`, `auth_user`.`last_login`, `auth_user`.`is_superuser`, `auth_user`.`username`, `auth_user`.`first_name`, `auth_user`.`last_name`, `auth_user`.`email`, `auth_user`.`is_staff`, `auth_user`.`is_active`, `auth_user`.`date_joined` FROM `auth_user` WHERE `auth_user`.`id` = 1; args=(1,)
2018-11-16 18:56:08,457 DEBUG (0.001) SELECT `users`.`id`, `users`.`username`, `users`.`gender`, `users`.`id_card`, `users`.`age`, `users`.`address`, `users`.`remark`, `users`.`create_time`, `users`.`update_time` FROM `users`; args=()
2018-11-16 18:56:22,205 DEBUG (0.000) SELECT @@SQL_AUTO_IS_NULL; args=None
2018-11-16 18:56:22,206 DEBUG (0.000) SELECT VERSION(); args=None
2018-11-16 18:56:22,208 DEBUG (0.001) SELECT `django_session`.`session_key`, `django_session`.`session_data`, `django_session`.`expire_date` FROM `django_session` WHERE (`django_session`.`session_key` = 'mqoi80xil8ldzfmsk15sk8zxagqxs435' AND `django_session`.`expire_date` > '2018-11-16 10:56:22.203001'); args=('mqoi80xil8ldzfmsk15sk8zxagqxs435', '2018-11-16 10:56:22.203001')
2018-11-16 18:56:22,211 DEBUG (0.001) SELECT `auth_user`.`id`, `auth_user`.`password`, `auth_user`.`last_login`, `auth_user`.`is_superuser`, `auth_user`.`username`, `auth_user`.`first_name`, `auth_user`.`last_name`, `auth_user`.`email`, `auth_user`.`is_staff`, `auth_user`.`is_active`, `auth_user`.`date_joined` FROM `auth_user` WHERE `auth_user`.`id` = 1; args=(1,)
2018-11-16 18:56:22,214 DEBUG (0.001) INSERT INTO `users` (`username`, `gender`, `id_card`, `age`, `address`, `remark`, `create_time`, `update_time`) VALUES ('xiaohua', 1, '100104', 24, 'bj', 'beijing', '2018-11-16 10:56:22.213399', '2018-11-16 10:56:22.213461'); args=['xiaohua', 1, '100104', 24, 'bj', 'beijing', '2018-11-16 10:56:22.213399', '2018-11-16 10:56:22.213461']
2018-11-16 18:56:22,296 DEBUG (0.000) SELECT @@SQL_AUTO_IS_NULL; args=None
2018-11-16 18:56:22,297 DEBUG (0.000) SELECT VERSION(); args=None
2018-11-16 18:56:22,300 DEBUG (0.001) SELECT `django_session`.`session_key`, `django_session`.`session_data`, `django_session`.`expire_date` FROM `django_session` WHERE (`django_session`.`session_key` = 'mqoi80xil8ldzfmsk15sk8zxagqxs435' AND `django_session`.`expire_date` > '2018-11-16 10:56:22.294292'); args=('mqoi80xil8ldzfmsk15sk8zxagqxs435', '2018-11-16 10:56:22.294292')
2018-11-16 18:56:22,302 DEBUG (0.001) SELECT `auth_user`.`id`, `auth_user`.`password`, `auth_user`.`last_login`, `auth_user`.`is_superuser`, `auth_user`.`username`, `auth_user`.`first_name`, `auth_user`.`last_name`, `auth_user`.`email`, `auth_user`.`is_staff`, `auth_user`.`is_active`, `auth_user`.`date_joined` FROM `auth_user` WHERE `auth_user`.`id` = 1; args=(1,)
2018-11-16 18:56:22,304 DEBUG (0.001) SELECT `users`.`id`, `users`.`username`, `users`.`gender`, `users`.`id_card`, `users`.`age`, `users`.`address`, `users`.`remark`, `users`.`create_time`, `users`.`update_time` FROM `users`; args=()
2018-11-16 18:56:37,260 DEBUG (0.000) SELECT @@SQL_AUTO_IS_NULL; args=None
2018-11-16 18:56:37,261 DEBUG (0.000) SELECT VERSION(); args=None
2018-11-16 18:56:37,263 DEBUG (0.001) SELECT `django_session`.`session_key`, `django_session`.`session_data`, `django_session`.`expire_date` FROM `django_session` WHERE (`django_session`.`session_key` = 'mqoi80xil8ldzfmsk15sk8zxagqxs435' AND `django_session`.`expire_date` > '2018-11-16 10:56:37.258112'); args=('mqoi80xil8ldzfmsk15sk8zxagqxs435', '2018-11-16 10:56:37.258112')
2018-11-16 18:56:37,266 DEBUG (0.001) SELECT `auth_user`.`id`, `auth_user`.`password`, `auth_user`.`last_login`, `auth_user`.`is_superuser`, `auth_user`.`username`, `auth_user`.`first_name`, `auth_user`.`last_name`, `auth_user`.`email`, `auth_user`.`is_staff`, `auth_user`.`is_active`, `auth_user`.`date_joined` FROM `auth_user` WHERE `auth_user`.`id` = 1; args=(1,)
2018-11-16 18:56:37,269 DEBUG (0.001) INSERT INTO `users` (`username`, `gender`, `id_card`, `age`, `address`, `remark`, `create_time`, `update_time`) VALUES ('xiaojiao', 1, '100106', 26, 'sh', 'shanghai', '2018-11-16 10:56:37.268349', '2018-11-16 10:56:37.268412'); args=['xiaojiao', 1, '100106', 26, 'sh', 'shanghai', '2018-11-16 10:56:37.268349', '2018-11-16 10:56:37.268412']
2018-11-16 18:56:37,292 DEBUG (0.000) SELECT @@SQL_AUTO_IS_NULL; args=None
2018-11-16 18:56:37,293 DEBUG (0.000) SELECT VERSION(); args=None
2018-11-16 18:56:37,295 DEBUG (0.001) SELECT `django_session`.`session_key`, `django_session`.`session_data`, `django_session`.`expire_date` FROM `django_session` WHERE (`django_session`.`session_key` = 'mqoi80xil8ldzfmsk15sk8zxagqxs435' AND `django_session`.`expire_date` > '2018-11-16 10:56:37.289816'); args=('mqoi80xil8ldzfmsk15sk8zxagqxs435', '2018-11-16 10:56:37.289816')
2018-11-16 18:56:37,298 DEBUG (0.001) SELECT `auth_user`.`id`, `auth_user`.`password`, `auth_user`.`last_login`, `auth_user`.`is_superuser`, `auth_user`.`username`, `auth_user`.`first_name`, `auth_user`.`last_name`, `auth_user`.`email`, `auth_user`.`is_staff`, `auth_user`.`is_active`, `auth_user`.`date_joined` FROM `auth_user` WHERE `auth_user`.`id` = 1; args=(1,)
2018-11-16 18:56:37,300 DEBUG (0.001) SELECT `users`.`id`, `users`.`username`, `users`.`gender`, `users`.`id_card`, `users`.`age`, `users`.`address`, `users`.`remark`, `users`.`create_time`, `users`.`update_time` FROM `users`; args=()
2018-11-16 18:56:51,804 DEBUG (0.000) SELECT @@SQL_AUTO_IS_NULL; args=None
2018-11-16 18:56:51,804 DEBUG (0.000) SELECT VERSION(); args=None
2018-11-16 18:56:51,807 DEBUG (0.001) SELECT `django_session`.`session_key`, `django_session`.`session_data`, `django_session`.`expire_date` FROM `django_session` WHERE (`django_session`.`session_key` = 'mqoi80xil8ldzfmsk15sk8zxagqxs435' AND `django_session`.`expire_date` > '2018-11-16 10:56:51.801358'); args=('mqoi80xil8ldzfmsk15sk8zxagqxs435', '2018-11-16 10:56:51.801358')
2018-11-16 18:56:51,809 DEBUG (0.001) SELECT `auth_user`.`id`, `auth_user`.`password`, `auth_user`.`last_login`, `auth_user`.`is_superuser`, `auth_user`.`username`, `auth_user`.`first_name`, `auth_user`.`last_name`, `auth_user`.`email`, `auth_user`.`is_staff`, `auth_user`.`is_active`, `auth_user`.`date_joined` FROM `auth_user` WHERE `auth_user`.`id` = 1; args=(1,)
2018-11-16 18:56:51,811 DEBUG (0.000) INSERT INTO `users` (`username`, `gender`, `id_card`, `age`, `address`, `remark`, `create_time`, `update_time`) VALUES ('xiaoqian', 1, '100108', 28, 'sh', 'shanghai', '2018-11-16 10:56:51.810859', '2018-11-16 10:56:51.810905'); args=['xiaoqian', 1, '100108', 28, 'sh', 'shanghai', '2018-11-16 10:56:51.810859', '2018-11-16 10:56:51.810905']
2018-11-16 18:56:51,856 DEBUG (0.000) SELECT @@SQL_AUTO_IS_NULL; args=None
2018-11-16 18:56:51,857 DEBUG (0.001) SELECT VERSION(); args=None
2018-11-16 18:56:51,859 DEBUG (0.001) SELECT `django_session`.`session_key`, `django_session`.`session_data`, `django_session`.`expire_date` FROM `django_session` WHERE (`django_session`.`session_key` = 'mqoi80xil8ldzfmsk15sk8zxagqxs435' AND `django_session`.`expire_date` > '2018-11-16 10:56:51.853602'); args=('mqoi80xil8ldzfmsk15sk8zxagqxs435', '2018-11-16 10:56:51.853602')
2018-11-16 18:56:51,862 DEBUG (0.001) SELECT `auth_user`.`id`, `auth_user`.`password`, `auth_user`.`last_login`, `auth_user`.`is_superuser`, `auth_user`.`username`, `auth_user`.`first_name`, `auth_user`.`last_name`, `auth_user`.`email`, `auth_user`.`is_staff`, `auth_user`.`is_active`, `auth_user`.`date_joined` FROM `auth_user` WHERE `auth_user`.`id` = 1; args=(1,)
2018-11-16 18:56:51,865 DEBUG (0.001) SELECT `users`.`id`, `users`.`username`, `users`.`gender`, `users`.`id_card`, `users`.`age`, `users`.`address`, `users`.`remark`, `users`.`create_time`, `users`.`update_time` FROM `users`; args=()
2018-11-16 18:56:53,752 DEBUG (0.000) SELECT @@SQL_AUTO_IS_NULL; args=None
2018-11-16 18:56:53,752 DEBUG (0.000) SELECT VERSION(); args=None
2018-11-16 18:56:53,755 DEBUG (0.001) SELECT `django_session`.`session_key`, `django_session`.`session_data`, `django_session`.`expire_date` FROM `django_session` WHERE (`django_session`.`session_key` = 'mqoi80xil8ldzfmsk15sk8zxagqxs435' AND `django_session`.`expire_date` > '2018-11-16 10:56:53.749708'); args=('mqoi80xil8ldzfmsk15sk8zxagqxs435', '2018-11-16 10:56:53.749708')
2018-11-16 18:56:53,758 DEBUG (0.001) SELECT `auth_user`.`id`, `auth_user`.`password`, `auth_user`.`last_login`, `auth_user`.`is_superuser`, `auth_user`.`username`, `auth_user`.`first_name`, `auth_user`.`last_name`, `auth_user`.`email`, `auth_user`.`is_staff`, `auth_user`.`is_active`, `auth_user`.`date_joined` FROM `auth_user` WHERE `auth_user`.`id` = 1; args=(1,)
2018-11-16 18:56:53,761 DEBUG (0.002) SELECT `users`.`id`, `users`.`username`, `users`.`gender`, `users`.`id_card`, `users`.`age`, `users`.`address`, `users`.`remark`, `users`.`create_time`, `users`.`update_time` FROM `users` WHERE `users`.`id` = 29; args=(29,)
2018-11-16 18:57:00,246 DEBUG (0.000) SELECT @@SQL_AUTO_IS_NULL; args=None
2018-11-16 18:57:00,246 DEBUG (0.000) SELECT VERSION(); args=None
2018-11-16 18:57:00,249 DEBUG (0.001) SELECT `django_session`.`session_key`, `django_session`.`session_data`, `django_session`.`expire_date` FROM `django_session` WHERE (`django_session`.`session_key` = 'mqoi80xil8ldzfmsk15sk8zxagqxs435' AND `django_session`.`expire_date` > '2018-11-16 10:57:00.243700'); args=('mqoi80xil8ldzfmsk15sk8zxagqxs435', '2018-11-16 10:57:00.243700')
2018-11-16 18:57:00,251 DEBUG (0.001) SELECT `auth_user`.`id`, `auth_user`.`password`, `auth_user`.`last_login`, `auth_user`.`is_superuser`, `auth_user`.`username`, `auth_user`.`first_name`, `auth_user`.`last_name`, `auth_user`.`email`, `auth_user`.`is_staff`, `auth_user`.`is_active`, `auth_user`.`date_joined` FROM `auth_user` WHERE `auth_user`.`id` = 1; args=(1,)
2018-11-16 18:57:00,257 DEBUG (0.003) UPDATE `users` SET `id` = 29, `username` = 'xiaohong', `gender` = 0, `id_card` = '111111', `age` = 26, `address` = 'shanghai', `remark` = '上海' WHERE `users`.`id` = 29; args=(29, 'xiaohong', 0, '111111', 26, 'shanghai', '上海', 29)
2018-11-16 18:57:01,389 DEBUG (0.000) SELECT @@SQL_AUTO_IS_NULL; args=None
2018-11-16 18:57:01,389 DEBUG (0.000) SELECT VERSION(); args=None
2018-11-16 18:57:01,394 DEBUG (0.001) SELECT `django_session`.`session_key`, `django_session`.`session_data`, `django_session`.`expire_date` FROM `django_session` WHERE (`django_session`.`session_key` = 'mqoi80xil8ldzfmsk15sk8zxagqxs435' AND `django_session`.`expire_date` > '2018-11-16 10:57:01.386558'); args=('mqoi80xil8ldzfmsk15sk8zxagqxs435', '2018-11-16 10:57:01.386558')
2018-11-16 18:57:01,397 DEBUG (0.001) SELECT `auth_user`.`id`, `auth_user`.`password`, `auth_user`.`last_login`, `auth_user`.`is_superuser`, `auth_user`.`username`, `auth_user`.`first_name`, `auth_user`.`last_name`, `auth_user`.`email`, `auth_user`.`is_staff`, `auth_user`.`is_active`, `auth_user`.`date_joined` FROM `auth_user` WHERE `auth_user`.`id` = 1; args=(1,)
2018-11-16 18:57:01,400 DEBUG (0.001) SELECT `users`.`id`, `users`.`username`, `users`.`gender`, `users`.`id_card`, `users`.`age`, `users`.`address`, `users`.`remark`, `users`.`create_time`, `users`.`update_time` FROM `users` WHERE `users`.`id` = 29; args=(29,)
2018-11-16 18:57:05,380 DEBUG (0.000) SELECT @@SQL_AUTO_IS_NULL; args=None
2018-11-16 18:57:05,381 DEBUG (0.000) SELECT VERSION(); args=None
2018-11-16 18:57:05,383 DEBUG (0.001) SELECT `django_session`.`session_key`, `django_session`.`session_data`, `django_session`.`expire_date` FROM `django_session` WHERE (`django_session`.`session_key` = 'mqoi80xil8ldzfmsk15sk8zxagqxs435' AND `django_session`.`expire_date` > '2018-11-16 10:57:05.378032'); args=('mqoi80xil8ldzfmsk15sk8zxagqxs435', '2018-11-16 10:57:05.378032')
2018-11-16 18:57:05,386 DEBUG (0.001) SELECT `auth_user`.`id`, `auth_user`.`password`, `auth_user`.`last_login`, `auth_user`.`is_superuser`, `auth_user`.`username`, `auth_user`.`first_name`, `auth_user`.`last_name`, `auth_user`.`email`, `auth_user`.`is_staff`, `auth_user`.`is_active`, `auth_user`.`date_joined` FROM `auth_user` WHERE `auth_user`.`id` = 1; args=(1,)
2018-11-16 18:57:05,389 DEBUG (0.001) SELECT `users`.`id`, `users`.`username`, `users`.`gender`, `users`.`id_card`, `users`.`age`, `users`.`address`, `users`.`remark`, `users`.`create_time`, `users`.`update_time` FROM `users` WHERE `users`.`id` = 29; args=(29,)
2018-11-16 18:57:07,090 DEBUG (0.000) SELECT @@SQL_AUTO_IS_NULL; args=None
2018-11-16 18:57:07,091 DEBUG (0.000) SELECT VERSION(); args=None
2018-11-16 18:57:07,093 DEBUG (0.001) SELECT `django_session`.`session_key`, `django_session`.`session_data`, `django_session`.`expire_date` FROM `django_session` WHERE (`django_session`.`session_key` = 'mqoi80xil8ldzfmsk15sk8zxagqxs435' AND `django_session`.`expire_date` > '2018-11-16 10:57:07.088383'); args=('mqoi80xil8ldzfmsk15sk8zxagqxs435', '2018-11-16 10:57:07.088383')
2018-11-16 18:57:07,096 DEBUG (0.001) SELECT `auth_user`.`id`, `auth_user`.`password`, `auth_user`.`last_login`, `auth_user`.`is_superuser`, `auth_user`.`username`, `auth_user`.`first_name`, `auth_user`.`last_name`, `auth_user`.`email`, `auth_user`.`is_staff`, `auth_user`.`is_active`, `auth_user`.`date_joined` FROM `auth_user` WHERE `auth_user`.`id` = 1; args=(1,)
2018-11-16 18:57:07,100 DEBUG (0.002) SELECT `users`.`id`, `users`.`username`, `users`.`gender`, `users`.`id_card`, `users`.`age`, `users`.`address`, `users`.`remark`, `users`.`create_time`, `users`.`update_time` FROM `users`; args=()
2018-11-16 18:57:36,038 DEBUG (0.000) SELECT @@SQL_AUTO_IS_NULL; args=None
2018-11-16 18:57:36,038 DEBUG (0.000) SELECT VERSION(); args=None
2018-11-16 18:57:36,042 DEBUG (0.001) SELECT `django_session`.`session_key`, `django_session`.`session_data`, `django_session`.`expire_date` FROM `django_session` WHERE (`django_session`.`session_key` = 'mqoi80xil8ldzfmsk15sk8zxagqxs435' AND `django_session`.`expire_date` > '2018-11-16 10:57:36.035153'); args=('mqoi80xil8ldzfmsk15sk8zxagqxs435', '2018-11-16 10:57:36.035153')
2018-11-16 18:57:36,045 DEBUG (0.001) SELECT `auth_user`.`id`, `auth_user`.`password`, `auth_user`.`last_login`, `auth_user`.`is_superuser`, `auth_user`.`username`, `auth_user`.`first_name`, `auth_user`.`last_name`, `auth_user`.`email`, `auth_user`.`is_staff`, `auth_user`.`is_active`, `auth_user`.`date_joined` FROM `auth_user` WHERE `auth_user`.`id` = 1; args=(1,)
2018-11-16 18:57:36,047 DEBUG (0.001) SELECT `users`.`id`, `users`.`username`, `users`.`gender`, `users`.`id_card`, `users`.`age`, `users`.`address`, `users`.`remark`, `users`.`create_time`, `users`.`update_time` FROM `users`; args=()
