[2018-09-06 19:33:42,320] - [MainThread] - [usermanage.py-line:77] [WARNING] 你输入的密码有误，请重新输入！
[2018-09-06 19:33:42,516] - [MainThread] - [usermanage.py-line:77] [WARNING] 你输入的密码有误，请重新输入！
[2018-09-06 19:33:42,739] - [MainThread] - [usermanage.py-line:77] [WARNING] 你输入的密码有误，请重新输入！
[2018-09-06 19:33:42,740] - [MainThread] - [usermanage.py-line:77] [WARNING] 你输入错误已经超过三次，账号被锁定！
[2018-09-06 19:51:43,113] - [MainThread] - [usermanage.py-line:89] [DEBUG] 你已经登陆成功！
[2018-09-06 19:51:48,842] - [MainThread] - [usermanage.py-line:89] [DEBUG] 暂无用户相关信息！
[2018-09-06 19:52:00,977] - [MainThread] - [usermanage.py-line:89] [DEBUG] 添加用户信息成功！
[2018-09-06 19:52:08,866] - [MainThread] - [usermanage.py-line:89] [DEBUG] 成功保存用户信息！
[2018-09-06 19:52:11,178] - [MainThread] - [usermanage.py-line:89] [DEBUG] 成功保存用户信息！
[2018-09-06 19:52:11,178] - [MainThread] - [usermanage.py-line:89] [DEBUG] 正在退出系统！
[2018-09-06 19:56:56,738] - [MainThread] - [usermanage.py-line:89] [DEBUG] 你已经登陆成功！
[2018-09-06 19:57:34,882] - [MainThread] - [usermanage.py-line:89] [DEBUG] 添加用户信息成功！
[2018-09-06 19:57:55,642] - [MainThread] - [usermanage.py-line:89] [DEBUG] 添加用户信息成功！
[2018-09-06 19:58:07,746] - [MainThread] - [usermanage.py-line:89] [DEBUG] 返回上级菜单！
[2018-09-06 19:58:37,580] - [MainThread] - [usermanage.py-line:89] [DEBUG] 你已经登陆成功！
[2018-09-06 19:58:53,555] - [MainThread] - [usermanage.py-line:89] [DEBUG] 添加用户信息成功！
[2018-09-06 19:59:06,124] - [MainThread] - [usermanage.py-line:89] [DEBUG] 添加用户信息成功！
[2018-09-06 19:59:14,870] - [MainThread] - [usermanage.py-line:89] [DEBUG] 返回上级菜单！
[2018-09-06 19:59:23,385] - [MainThread] - [usermanage.py-line:89] [DEBUG] 成功保存用户信息！
[2018-09-06 19:59:26,181] - [MainThread] - [usermanage.py-line:89] [DEBUG] 成功保存用户信息！
[2018-09-06 19:59:26,181] - [MainThread] - [usermanage.py-line:89] [DEBUG] 正在退出系统！
