2018-11-11 17:56:58,701 DEBUG (0.000) SELECT @@SQL_AUTO_IS_NULL; args=None
2018-11-11 17:56:58,702 DEBUG (0.000) SELECT VERSION(); args=None
2018-11-11 17:56:59,026 DEBUG (0.001) SHOW FULL TABLES; args=None
2018-11-11 17:56:59,042 DEBUG (0.001) SELECT `django_migrations`.`app`, `django_migrations`.`name` FROM `django_migrations`; args=()
2018-11-11 17:57:00,510 DEBUG (0.000) SELECT @@SQL_AUTO_IS_NULL; args=None
2018-11-11 17:57:00,511 DEBUG (0.000) SELECT VERSION(); args=None
2018-11-11 17:57:00,517 DEBUG (0.001) SELECT `django_session`.`session_key`, `django_session`.`session_data`, `django_session`.`expire_date` FROM `django_session` WHERE (`django_session`.`session_key` = '4jwgceh0ofd8e9l92ee6mtaf8ey6g3ck' AND `django_session`.`expire_date` > '2018-11-11 09:57:00.507718'); args=('4jwgceh0ofd8e9l92ee6mtaf8ey6g3ck', '2018-11-11 09:57:00.507718')
2018-11-11 17:57:00,519 DEBUG (0.001) SELECT `auth_user`.`id`, `auth_user`.`password`, `auth_user`.`last_login`, `auth_user`.`is_superuser`, `auth_user`.`username`, `auth_user`.`first_name`, `auth_user`.`last_name`, `auth_user`.`email`, `auth_user`.`is_staff`, `auth_user`.`is_active`, `auth_user`.`date_joined` FROM `auth_user` WHERE `auth_user`.`id` = 1; args=(1,)
2018-11-11 17:57:00,523 DEBUG (0.003) SELECT `users`.`id`, `users`.`username`, `users`.`sex`, `users`.`city`, `users`.`age`, `users`.`create_time`, `users`.`update_time` FROM `users` ORDER BY `users`.`id` ASC, `users`.`username` ASC LIMIT 21; args=()
2018-11-11 17:57:00,657 DEBUG (0.097) SELECT `users`.`id`, `users`.`username`, `users`.`sex`, `users`.`city`, `users`.`age`, `users`.`create_time`, `users`.`update_time` FROM `users` ORDER BY `users`.`id` ASC, `users`.`username` ASC; args=()
2018-11-11 18:00:46,105 DEBUG (0.000) SELECT @@SQL_AUTO_IS_NULL; args=None
2018-11-11 18:00:46,106 DEBUG (0.000) SELECT VERSION(); args=None
2018-11-11 18:00:46,384 DEBUG (0.001) SHOW FULL TABLES; args=None
2018-11-11 18:00:46,400 DEBUG (0.001) SELECT `django_migrations`.`app`, `django_migrations`.`name` FROM `django_migrations`; args=()
2018-11-11 18:02:05,176 DEBUG (0.000) SELECT @@SQL_AUTO_IS_NULL; args=None
2018-11-11 18:02:05,177 DEBUG (0.001) SELECT VERSION(); args=None
2018-11-11 18:02:05,488 DEBUG (0.001) SHOW FULL TABLES; args=None
2018-11-11 18:02:05,502 DEBUG (0.001) SELECT `django_migrations`.`app`, `django_migrations`.`name` FROM `django_migrations`; args=()
2018-11-11 18:02:21,362 DEBUG (0.000) SELECT @@SQL_AUTO_IS_NULL; args=None
2018-11-11 18:02:21,362 DEBUG (0.000) SELECT VERSION(); args=None
2018-11-11 18:02:21,367 DEBUG (0.001) SELECT `django_session`.`session_key`, `django_session`.`session_data`, `django_session`.`expire_date` FROM `django_session` WHERE (`django_session`.`session_key` = '4jwgceh0ofd8e9l92ee6mtaf8ey6g3ck' AND `django_session`.`expire_date` > '2018-11-11 10:02:21.359192'); args=('4jwgceh0ofd8e9l92ee6mtaf8ey6g3ck', '2018-11-11 10:02:21.359192')
2018-11-11 18:02:21,369 DEBUG (0.001) SELECT `auth_user`.`id`, `auth_user`.`password`, `auth_user`.`last_login`, `auth_user`.`is_superuser`, `auth_user`.`username`, `auth_user`.`first_name`, `auth_user`.`last_name`, `auth_user`.`email`, `auth_user`.`is_staff`, `auth_user`.`is_active`, `auth_user`.`date_joined` FROM `auth_user` WHERE `auth_user`.`id` = 1; args=(1,)
2018-11-11 18:02:21,388 DEBUG (0.018) SELECT `users`.`id`, `users`.`username`, `users`.`sex`, `users`.`city`, `users`.`age`, `users`.`create_time`, `users`.`update_time` FROM `users` ORDER BY `users`.`id` ASC, `users`.`username` ASC LIMIT 21; args=()
2018-11-11 18:02:21,452 DEBUG (0.040) SELECT `users`.`id`, `users`.`username`, `users`.`sex`, `users`.`city`, `users`.`age`, `users`.`create_time`, `users`.`update_time` FROM `users` ORDER BY `users`.`id` ASC, `users`.`username` ASC; args=()
2018-11-11 18:03:03,129 DEBUG (0.000) SELECT @@SQL_AUTO_IS_NULL; args=None
2018-11-11 18:03:03,130 DEBUG (0.000) SELECT VERSION(); args=None
2018-11-11 18:03:03,405 DEBUG (0.003) SHOW FULL TABLES; args=None
2018-11-11 18:03:03,430 DEBUG (0.001) SELECT `django_migrations`.`app`, `django_migrations`.`name` FROM `django_migrations`; args=()
2018-11-11 18:03:07,501 DEBUG (0.001) SELECT @@SQL_AUTO_IS_NULL; args=None
2018-11-11 18:03:07,502 DEBUG (0.001) SELECT VERSION(); args=None
2018-11-11 18:03:07,512 DEBUG (0.002) SELECT `django_session`.`session_key`, `django_session`.`session_data`, `django_session`.`expire_date` FROM `django_session` WHERE (`django_session`.`session_key` = '4jwgceh0ofd8e9l92ee6mtaf8ey6g3ck' AND `django_session`.`expire_date` > '2018-11-11 10:03:07.493826'); args=('4jwgceh0ofd8e9l92ee6mtaf8ey6g3ck', '2018-11-11 10:03:07.493826')
2018-11-11 18:03:07,516 DEBUG (0.001) SELECT `auth_user`.`id`, `auth_user`.`password`, `auth_user`.`last_login`, `auth_user`.`is_superuser`, `auth_user`.`username`, `auth_user`.`first_name`, `auth_user`.`last_name`, `auth_user`.`email`, `auth_user`.`is_staff`, `auth_user`.`is_active`, `auth_user`.`date_joined` FROM `auth_user` WHERE `auth_user`.`id` = 1; args=(1,)
2018-11-11 18:03:07,527 DEBUG (0.008) SELECT `users`.`id`, `users`.`username`, `users`.`sex`, `users`.`city`, `users`.`age`, `users`.`create_time`, `users`.`update_time` FROM `users` ORDER BY `users`.`id` ASC, `users`.`username` ASC LIMIT 21; args=()
2018-11-11 18:03:07,636 DEBUG (0.060) SELECT `users`.`id`, `users`.`username`, `users`.`sex`, `users`.`city`, `users`.`age`, `users`.`create_time`, `users`.`update_time` FROM `users` ORDER BY `users`.`id` ASC, `users`.`username` ASC; args=()
2018-11-11 18:03:23,085 DEBUG (0.000) SELECT @@SQL_AUTO_IS_NULL; args=None
2018-11-11 18:03:23,085 DEBUG (0.000) SELECT VERSION(); args=None
2018-11-11 18:03:23,372 DEBUG (0.001) SHOW FULL TABLES; args=None
2018-11-11 18:03:23,387 DEBUG (0.001) SELECT `django_migrations`.`app`, `django_migrations`.`name` FROM `django_migrations`; args=()
2018-11-11 18:03:33,369 DEBUG (0.000) SELECT @@SQL_AUTO_IS_NULL; args=None
2018-11-11 18:03:33,370 DEBUG (0.001) SELECT VERSION(); args=None
2018-11-11 18:03:33,704 DEBUG (0.001) SHOW FULL TABLES; args=None
2018-11-11 18:03:33,721 DEBUG (0.001) SELECT `django_migrations`.`app`, `django_migrations`.`name` FROM `django_migrations`; args=()
2018-11-11 18:03:36,690 DEBUG (0.001) SELECT @@SQL_AUTO_IS_NULL; args=None
2018-11-11 18:03:36,690 DEBUG (0.000) SELECT VERSION(); args=None
2018-11-11 18:03:36,694 DEBUG (0.001) SELECT `django_session`.`session_key`, `django_session`.`session_data`, `django_session`.`expire_date` FROM `django_session` WHERE (`django_session`.`session_key` = '4jwgceh0ofd8e9l92ee6mtaf8ey6g3ck' AND `django_session`.`expire_date` > '2018-11-11 10:03:36.686504'); args=('4jwgceh0ofd8e9l92ee6mtaf8ey6g3ck', '2018-11-11 10:03:36.686504')
2018-11-11 18:03:36,699 DEBUG (0.003) SELECT `auth_user`.`id`, `auth_user`.`password`, `auth_user`.`last_login`, `auth_user`.`is_superuser`, `auth_user`.`username`, `auth_user`.`first_name`, `auth_user`.`last_name`, `auth_user`.`email`, `auth_user`.`is_staff`, `auth_user`.`is_active`, `auth_user`.`date_joined` FROM `auth_user` WHERE `auth_user`.`id` = 1; args=(1,)
2018-11-11 18:03:36,765 DEBUG (0.039) SELECT `users`.`id`, `users`.`username`, `users`.`sex`, `users`.`city`, `users`.`age`, `users`.`create_time`, `users`.`update_time` FROM `users` ORDER BY `users`.`id` ASC, `users`.`username` ASC; args=()
2018-11-11 18:04:07,336 DEBUG (0.000) SELECT @@SQL_AUTO_IS_NULL; args=None
2018-11-11 18:04:07,337 DEBUG (0.000) SELECT VERSION(); args=None
2018-11-11 18:04:07,679 DEBUG (0.001) SHOW FULL TABLES; args=None
2018-11-11 18:04:07,690 DEBUG (0.001) SELECT `django_migrations`.`app`, `django_migrations`.`name` FROM `django_migrations`; args=()
2018-11-11 18:04:10,137 DEBUG (0.000) SELECT @@SQL_AUTO_IS_NULL; args=None
2018-11-11 18:04:10,137 DEBUG (0.000) SELECT VERSION(); args=None
2018-11-11 18:04:10,141 DEBUG (0.001) SELECT `django_session`.`session_key`, `django_session`.`session_data`, `django_session`.`expire_date` FROM `django_session` WHERE (`django_session`.`session_key` = '4jwgceh0ofd8e9l92ee6mtaf8ey6g3ck' AND `django_session`.`expire_date` > '2018-11-11 10:04:10.129100'); args=('4jwgceh0ofd8e9l92ee6mtaf8ey6g3ck', '2018-11-11 10:04:10.129100')
2018-11-11 18:04:10,143 DEBUG (0.002) SELECT `auth_user`.`id`, `auth_user`.`password`, `auth_user`.`last_login`, `auth_user`.`is_superuser`, `auth_user`.`username`, `auth_user`.`first_name`, `auth_user`.`last_name`, `auth_user`.`email`, `auth_user`.`is_staff`, `auth_user`.`is_active`, `auth_user`.`date_joined` FROM `auth_user` WHERE `auth_user`.`id` = 1; args=(1,)
2018-11-11 18:04:10,311 DEBUG (0.114) SELECT `users`.`id`, `users`.`username`, `users`.`sex`, `users`.`city`, `users`.`age`, `users`.`create_time`, `users`.`update_time` FROM `users` ORDER BY `users`.`id` ASC, `users`.`username` ASC; args=()
2018-11-11 18:04:32,369 DEBUG (0.000) SELECT @@SQL_AUTO_IS_NULL; args=None
2018-11-11 18:04:32,369 DEBUG (0.000) SELECT VERSION(); args=None
2018-11-11 18:04:32,677 DEBUG (0.001) SHOW FULL TABLES; args=None
2018-11-11 18:04:32,692 DEBUG (0.001) SELECT `django_migrations`.`app`, `django_migrations`.`name` FROM `django_migrations`; args=()
2018-11-11 18:04:34,512 DEBUG (0.002) SELECT @@SQL_AUTO_IS_NULL; args=None
2018-11-11 18:04:34,512 DEBUG (0.000) SELECT VERSION(); args=None
2018-11-11 18:04:34,519 DEBUG (0.001) SELECT `django_session`.`session_key`, `django_session`.`session_data`, `django_session`.`expire_date` FROM `django_session` WHERE (`django_session`.`session_key` = '4jwgceh0ofd8e9l92ee6mtaf8ey6g3ck' AND `django_session`.`expire_date` > '2018-11-11 10:04:34.506657'); args=('4jwgceh0ofd8e9l92ee6mtaf8ey6g3ck', '2018-11-11 10:04:34.506657')
2018-11-11 18:04:34,522 DEBUG (0.003) SELECT `auth_user`.`id`, `auth_user`.`password`, `auth_user`.`last_login`, `auth_user`.`is_superuser`, `auth_user`.`username`, `auth_user`.`first_name`, `auth_user`.`last_name`, `auth_user`.`email`, `auth_user`.`is_staff`, `auth_user`.`is_active`, `auth_user`.`date_joined` FROM `auth_user` WHERE `auth_user`.`id` = 1; args=(1,)
2018-11-11 18:04:34,606 DEBUG (0.043) SELECT `users`.`id`, `users`.`username`, `users`.`sex`, `users`.`city`, `users`.`age`, `users`.`create_time`, `users`.`update_time` FROM `users` ORDER BY `users`.`id` ASC, `users`.`username` ASC; args=()
2018-11-11 18:06:24,299 DEBUG (0.000) SELECT @@SQL_AUTO_IS_NULL; args=None
2018-11-11 18:06:24,300 DEBUG (0.000) SELECT VERSION(); args=None
2018-11-11 18:06:24,583 DEBUG (0.001) SHOW FULL TABLES; args=None
2018-11-11 18:06:24,597 DEBUG (0.001) SELECT `django_migrations`.`app`, `django_migrations`.`name` FROM `django_migrations`; args=()
2018-11-11 18:08:26,856 DEBUG (0.000) SELECT @@SQL_AUTO_IS_NULL; args=None
2018-11-11 18:08:26,857 DEBUG (0.000) SELECT VERSION(); args=None
2018-11-11 18:08:26,860 DEBUG (0.001) SELECT `django_session`.`session_key`, `django_session`.`session_data`, `django_session`.`expire_date` FROM `django_session` WHERE (`django_session`.`session_key` = '4jwgceh0ofd8e9l92ee6mtaf8ey6g3ck' AND `django_session`.`expire_date` > '2018-11-11 10:08:26.851687'); args=('4jwgceh0ofd8e9l92ee6mtaf8ey6g3ck', '2018-11-11 10:08:26.851687')
2018-11-11 18:08:26,862 DEBUG (0.001) SELECT `auth_user`.`id`, `auth_user`.`password`, `auth_user`.`last_login`, `auth_user`.`is_superuser`, `auth_user`.`username`, `auth_user`.`first_name`, `auth_user`.`last_name`, `auth_user`.`email`, `auth_user`.`is_staff`, `auth_user`.`is_active`, `auth_user`.`date_joined` FROM `auth_user` WHERE `auth_user`.`id` = 1; args=(1,)
2018-11-11 18:08:26,939 DEBUG (0.034) SELECT `users`.`id`, `users`.`username`, `users`.`sex`, `users`.`city`, `users`.`age`, `users`.`create_time`, `users`.`update_time` FROM `users` ORDER BY `users`.`id` ASC, `users`.`username` ASC; args=()
2018-11-17 19:27:17,390 DEBUG (0.004) SELECT @@SQL_AUTO_IS_NULL; args=None
2018-11-17 19:27:17,391 DEBUG (0.000) SELECT VERSION(); args=None
2018-11-17 19:27:19,466 DEBUG (0.014) SHOW FULL TABLES; args=None
2018-11-17 19:27:19,588 DEBUG (0.021) SELECT `django_migrations`.`app`, `django_migrations`.`name` FROM `django_migrations`; args=()
2018-11-17 19:28:16,879 DEBUG (0.000) SELECT @@SQL_AUTO_IS_NULL; args=None
2018-11-17 19:28:16,880 DEBUG (0.000) SELECT VERSION(); args=None
2018-11-17 19:28:17,417 DEBUG (0.002) SHOW FULL TABLES; args=None
2018-11-17 19:28:17,445 DEBUG (0.001) SELECT `django_migrations`.`app`, `django_migrations`.`name` FROM `django_migrations`; args=()
2018-11-17 19:35:17,503 DEBUG (0.001) SELECT @@SQL_AUTO_IS_NULL; args=None
2018-11-17 19:35:17,506 DEBUG (0.002) SELECT VERSION(); args=None
2018-11-17 19:35:17,536 DEBUG (0.024) SELECT `django_session`.`session_key`, `django_session`.`session_data`, `django_session`.`expire_date` FROM `django_session` WHERE (`django_session`.`session_key` = 'rkcsx8ctg50y356vyfp6huk4hrgaj7vs' AND `django_session`.`expire_date` > '2018-11-17 11:35:17.496637'); args=('rkcsx8ctg50y356vyfp6huk4hrgaj7vs', '2018-11-17 11:35:17.496637')
2018-11-17 19:35:19,300 DEBUG (0.001) SELECT @@SQL_AUTO_IS_NULL; args=None
2018-11-17 19:35:19,302 DEBUG (0.001) SELECT VERSION(); args=None
2018-11-17 19:35:19,312 DEBUG (0.007) SELECT `auth_user`.`id`, `auth_user`.`password`, `auth_user`.`last_login`, `auth_user`.`is_superuser`, `auth_user`.`username`, `auth_user`.`first_name`, `auth_user`.`last_name`, `auth_user`.`email`, `auth_user`.`is_staff`, `auth_user`.`is_active`, `auth_user`.`date_joined` FROM `auth_user` WHERE `auth_user`.`username` = 'monkey'; args=('monkey',)
2018-11-17 19:35:25,439 DEBUG (0.001) SELECT @@SQL_AUTO_IS_NULL; args=None
2018-11-17 19:35:25,440 DEBUG (0.000) SELECT VERSION(); args=None
2018-11-17 19:35:25,444 DEBUG (0.001) SELECT `auth_user`.`id`, `auth_user`.`password`, `auth_user`.`last_login`, `auth_user`.`is_superuser`, `auth_user`.`username`, `auth_user`.`first_name`, `auth_user`.`last_name`, `auth_user`.`email`, `auth_user`.`is_staff`, `auth_user`.`is_active`, `auth_user`.`date_joined` FROM `auth_user` WHERE `auth_user`.`username` = 'monkey'; args=('monkey',)
2018-11-17 19:36:45,650 DEBUG (0.000) SELECT @@SQL_AUTO_IS_NULL; args=None
2018-11-17 19:36:45,650 DEBUG (0.000) SELECT VERSION(); args=None
2018-11-17 19:36:46,185 DEBUG (0.001) SHOW FULL TABLES; args=None
2018-11-17 19:36:46,210 DEBUG (0.001) SELECT `django_migrations`.`app`, `django_migrations`.`name` FROM `django_migrations`; args=()
2018-11-17 19:39:45,514 DEBUG (0.000) SELECT @@SQL_AUTO_IS_NULL; args=None
2018-11-17 19:39:45,515 DEBUG (0.000) SELECT VERSION(); args=None
2018-11-17 19:39:45,872 DEBUG (0.001) SHOW FULL TABLES; args=None
2018-11-17 19:39:45,882 DEBUG (0.001) SELECT `django_migrations`.`app`, `django_migrations`.`name` FROM `django_migrations`; args=()
2018-11-17 19:39:45,888 DEBUG (0.001) SELECT `auth_user`.`id`, `auth_user`.`password`, `auth_user`.`last_login`, `auth_user`.`is_superuser`, `auth_user`.`username`, `auth_user`.`first_name`, `auth_user`.`last_name`, `auth_user`.`email`, `auth_user`.`is_staff`, `auth_user`.`is_active`, `auth_user`.`date_joined` FROM `auth_user` WHERE `auth_user`.`username` = 'monkey'; args=('monkey',)
2018-11-17 19:39:51,689 DEBUG (0.001) SELECT `auth_user`.`id`, `auth_user`.`password`, `auth_user`.`last_login`, `auth_user`.`is_superuser`, `auth_user`.`username`, `auth_user`.`first_name`, `auth_user`.`last_name`, `auth_user`.`email`, `auth_user`.`is_staff`, `auth_user`.`is_active`, `auth_user`.`date_joined` FROM `auth_user` WHERE `auth_user`.`username` = 'monkey'; args=('monkey',)
2018-11-17 19:39:56,983 DEBUG (0.007) INSERT INTO `auth_user` (`password`, `last_login`, `is_superuser`, `username`, `first_name`, `last_name`, `email`, `is_staff`, `is_active`, `date_joined`) VALUES ('pbkdf2_sha256$36000$CWxQ7Ibw5aSt$tctYBV8X0cYeLxBLN3G0mPcHAwz8GKTUFmSI0e4CLxk=', NULL, 1, 'monkey', '', '', '', 1, 1, '2018-11-17 11:39:56.927178'); args=['pbkdf2_sha256$36000$CWxQ7Ibw5aSt$tctYBV8X0cYeLxBLN3G0mPcHAwz8GKTUFmSI0e4CLxk=', None, True, 'monkey', '', '', '', True, True, '2018-11-17 11:39:56.927178']
2018-11-17 19:40:05,415 DEBUG (0.001) SELECT @@SQL_AUTO_IS_NULL; args=None
2018-11-17 19:40:05,417 DEBUG (0.000) SELECT VERSION(); args=None
2018-11-17 19:40:05,996 DEBUG (0.001) SHOW FULL TABLES; args=None
2018-11-17 19:40:06,030 DEBUG (0.001) SELECT `django_migrations`.`app`, `django_migrations`.`name` FROM `django_migrations`; args=()
2018-11-17 19:40:12,583 DEBUG (0.007) SELECT @@SQL_AUTO_IS_NULL; args=None
2018-11-17 19:40:12,597 DEBUG (0.009) SELECT VERSION(); args=None
2018-11-17 19:40:12,604 DEBUG (0.004) SELECT `auth_user`.`id`, `auth_user`.`password`, `auth_user`.`last_login`, `auth_user`.`is_superuser`, `auth_user`.`username`, `auth_user`.`first_name`, `auth_user`.`last_name`, `auth_user`.`email`, `auth_user`.`is_staff`, `auth_user`.`is_active`, `auth_user`.`date_joined` FROM `auth_user` WHERE `auth_user`.`username` = 'monkey'; args=('monkey',)
2018-11-17 19:40:12,704 DEBUG (0.000) SELECT (1) AS `a` FROM `django_session` WHERE `django_session`.`session_key` = 'jxa26fa73u41bxxzcbs9jy547u4qw17x' LIMIT 1; args=('jxa26fa73u41bxxzcbs9jy547u4qw17x',)
2018-11-17 19:40:12,722 DEBUG (0.001) INSERT INTO `django_session` (`session_key`, `session_data`, `expire_date`) VALUES ('jxa26fa73u41bxxzcbs9jy547u4qw17x', 'NzdjOTU4N2RhMWI0MzcxMzQxYjEzYjVjYWM4YWE1MTllODAxMGUzZjp7fQ==', '2018-12-01 11:40:12.719292'); args=('jxa26fa73u41bxxzcbs9jy547u4qw17x', 'NzdjOTU4N2RhMWI0MzcxMzQxYjEzYjVjYWM4YWE1MTllODAxMGUzZjp7fQ==', '2018-12-01 11:40:12.719292')
2018-11-17 19:40:12,744 DEBUG (0.000) UPDATE `auth_user` SET `last_login` = '2018-11-17 11:40:12.742098' WHERE `auth_user`.`id` = 1; args=('2018-11-17 11:40:12.742098', 1)
2018-11-17 19:40:12,752 DEBUG (0.001) UPDATE `django_session` SET `session_data` = 'YTdlODJiNWRhZmFiY2IxMjFlZGRjZmFjM2JlYzJhMGEzY2U5YTc1Yzp7Il9hdXRoX3VzZXJfaWQiOiIxIiwiX2F1dGhfdXNlcl9iYWNrZW5kIjoiZGphbmdvLmNvbnRyaWIuYXV0aC5iYWNrZW5kcy5Nb2RlbEJhY2tlbmQiLCJfYXV0aF91c2VyX2hhc2giOiJmMjIwMDNkY2Y1MTRlNjBhM2ZlOWY4N2JjNGMyMDg5M2I2NDJjMDY3In0=', `expire_date` = '2018-12-01 11:40:12.749736' WHERE `django_session`.`session_key` = 'jxa26fa73u41bxxzcbs9jy547u4qw17x'; args=('YTdlODJiNWRhZmFiY2IxMjFlZGRjZmFjM2JlYzJhMGEzY2U5YTc1Yzp7Il9hdXRoX3VzZXJfaWQiOiIxIiwiX2F1dGhfdXNlcl9iYWNrZW5kIjoiZGphbmdvLmNvbnRyaWIuYXV0aC5iYWNrZW5kcy5Nb2RlbEJhY2tlbmQiLCJfYXV0aF91c2VyX2hhc2giOiJmMjIwMDNkY2Y1MTRlNjBhM2ZlOWY4N2JjNGMyMDg5M2I2NDJjMDY3In0=', '2018-12-01 11:40:12.749736', 'jxa26fa73u41bxxzcbs9jy547u4qw17x')
2018-11-17 19:40:14,233 DEBUG (0.000) SELECT @@SQL_AUTO_IS_NULL; args=None
2018-11-17 19:40:14,234 DEBUG (0.001) SELECT VERSION(); args=None
2018-11-17 19:40:14,238 DEBUG (0.001) SELECT `django_session`.`session_key`, `django_session`.`session_data`, `django_session`.`expire_date` FROM `django_session` WHERE (`django_session`.`session_key` = 'jxa26fa73u41bxxzcbs9jy547u4qw17x' AND `django_session`.`expire_date` > '2018-11-17 11:40:14.229058'); args=('jxa26fa73u41bxxzcbs9jy547u4qw17x', '2018-11-17 11:40:14.229058')
2018-11-17 19:40:14,265 DEBUG (0.001) SELECT `auth_user`.`id`, `auth_user`.`password`, `auth_user`.`last_login`, `auth_user`.`is_superuser`, `auth_user`.`username`, `auth_user`.`first_name`, `auth_user`.`last_name`, `auth_user`.`email`, `auth_user`.`is_staff`, `auth_user`.`is_active`, `auth_user`.`date_joined` FROM `auth_user` WHERE `auth_user`.`id` = 1; args=(1,)
2018-11-17 19:40:14,272 DEBUG (0.000) SELECT `assets`.`id`, `assets`.`hostname`, `assets`.`cpu_num`, `assets`.`cpu_model`, `assets`.`mem_total`, `assets`.`disk`, `assets`.`public_ip`, `assets`.`private_ip`, `assets`.`remote_ip`, `assets`.`op`, `assets`.`status`, `assets`.`os_system`, `assets`.`service_line`, `assets`.`frame`, `assets`.`remark`, `assets`.`create_time`, `assets`.`update_time` FROM `assets`; args=()
2018-11-17 19:40:14,865 DEBUG (0.001) SELECT `assets`.`id`, `assets`.`hostname`, `assets`.`cpu_num`, `assets`.`cpu_model`, `assets`.`mem_total`, `assets`.`disk`, `assets`.`public_ip`, `assets`.`private_ip`, `assets`.`remote_ip`, `assets`.`op`, `assets`.`status`, `assets`.`os_system`, `assets`.`service_line`, `assets`.`frame`, `assets`.`remark`, `assets`.`create_time`, `assets`.`update_time` FROM `assets` LIMIT 21; args=()
2018-11-17 19:40:14,866 DEBUG (0.000) SELECT `assets`.`id`, `assets`.`hostname`, `assets`.`cpu_num`, `assets`.`cpu_model`, `assets`.`mem_total`, `assets`.`disk`, `assets`.`public_ip`, `assets`.`private_ip`, `assets`.`remote_ip`, `assets`.`op`, `assets`.`status`, `assets`.`os_system`, `assets`.`service_line`, `assets`.`frame`, `assets`.`remark`, `assets`.`create_time`, `assets`.`update_time` FROM `assets` LIMIT 21; args=()
2018-11-17 19:40:14,868 DEBUG (0.000) SELECT `assets`.`id`, `assets`.`hostname`, `assets`.`cpu_num`, `assets`.`cpu_model`, `assets`.`mem_total`, `assets`.`disk`, `assets`.`public_ip`, `assets`.`private_ip`, `assets`.`remote_ip`, `assets`.`op`, `assets`.`status`, `assets`.`os_system`, `assets`.`service_line`, `assets`.`frame`, `assets`.`remark`, `assets`.`create_time`, `assets`.`update_time` FROM `assets` LIMIT 21; args=()
2018-11-17 19:40:14,870 DEBUG (0.001) SELECT `assets`.`id`, `assets`.`hostname`, `assets`.`cpu_num`, `assets`.`cpu_model`, `assets`.`mem_total`, `assets`.`disk`, `assets`.`public_ip`, `assets`.`private_ip`, `assets`.`remote_ip`, `assets`.`op`, `assets`.`status`, `assets`.`os_system`, `assets`.`service_line`, `assets`.`frame`, `assets`.`remark`, `assets`.`create_time`, `assets`.`update_time` FROM `assets` LIMIT 21; args=()
2018-11-17 19:40:14,872 DEBUG (0.000) SELECT `assets`.`id`, `assets`.`hostname`, `assets`.`cpu_num`, `assets`.`cpu_model`, `assets`.`mem_total`, `assets`.`disk`, `assets`.`public_ip`, `assets`.`private_ip`, `assets`.`remote_ip`, `assets`.`op`, `assets`.`status`, `assets`.`os_system`, `assets`.`service_line`, `assets`.`frame`, `assets`.`remark`, `assets`.`create_time`, `assets`.`update_time` FROM `assets` LIMIT 21; args=()
2018-11-17 19:40:14,875 DEBUG (0.001) SELECT `assets`.`id`, `assets`.`hostname`, `assets`.`cpu_num`, `assets`.`cpu_model`, `assets`.`mem_total`, `assets`.`disk`, `assets`.`public_ip`, `assets`.`private_ip`, `assets`.`remote_ip`, `assets`.`op`, `assets`.`status`, `assets`.`os_system`, `assets`.`service_line`, `assets`.`frame`, `assets`.`remark`, `assets`.`create_time`, `assets`.`update_time` FROM `assets` LIMIT 21; args=()
2018-11-17 19:40:14,877 DEBUG (0.000) SELECT `assets`.`id`, `assets`.`hostname`, `assets`.`cpu_num`, `assets`.`cpu_model`, `assets`.`mem_total`, `assets`.`disk`, `assets`.`public_ip`, `assets`.`private_ip`, `assets`.`remote_ip`, `assets`.`op`, `assets`.`status`, `assets`.`os_system`, `assets`.`service_line`, `assets`.`frame`, `assets`.`remark`, `assets`.`create_time`, `assets`.`update_time` FROM `assets` LIMIT 21; args=()
2018-11-17 19:40:14,879 DEBUG (0.001) SELECT `assets`.`id`, `assets`.`hostname`, `assets`.`cpu_num`, `assets`.`cpu_model`, `assets`.`mem_total`, `assets`.`disk`, `assets`.`public_ip`, `assets`.`private_ip`, `assets`.`remote_ip`, `assets`.`op`, `assets`.`status`, `assets`.`os_system`, `assets`.`service_line`, `assets`.`frame`, `assets`.`remark`, `assets`.`create_time`, `assets`.`update_time` FROM `assets` LIMIT 21; args=()
2018-11-17 19:40:14,885 DEBUG (0.001) SELECT `assets`.`id`, `assets`.`hostname`, `assets`.`cpu_num`, `assets`.`cpu_model`, `assets`.`mem_total`, `assets`.`disk`, `assets`.`public_ip`, `assets`.`private_ip`, `assets`.`remote_ip`, `assets`.`op`, `assets`.`status`, `assets`.`os_system`, `assets`.`service_line`, `assets`.`frame`, `assets`.`remark`, `assets`.`create_time`, `assets`.`update_time` FROM `assets` LIMIT 21; args=()
2018-11-17 19:40:14,887 DEBUG (0.001) SELECT `assets`.`id`, `assets`.`hostname`, `assets`.`cpu_num`, `assets`.`cpu_model`, `assets`.`mem_total`, `assets`.`disk`, `assets`.`public_ip`, `assets`.`private_ip`, `assets`.`remote_ip`, `assets`.`op`, `assets`.`status`, `assets`.`os_system`, `assets`.`service_line`, `assets`.`frame`, `assets`.`remark`, `assets`.`create_time`, `assets`.`update_time` FROM `assets` LIMIT 21; args=()
2018-11-17 19:40:14,906 DEBUG (0.001) SELECT `assets`.`id`, `assets`.`hostname`, `assets`.`cpu_num`, `assets`.`cpu_model`, `assets`.`mem_total`, `assets`.`disk`, `assets`.`public_ip`, `assets`.`private_ip`, `assets`.`remote_ip`, `assets`.`op`, `assets`.`status`, `assets`.`os_system`, `assets`.`service_line`, `assets`.`frame`, `assets`.`remark`, `assets`.`create_time`, `assets`.`update_time` FROM `assets` LIMIT 21; args=()
2018-11-17 19:40:14,908 DEBUG (0.001) SELECT `assets`.`id`, `assets`.`hostname`, `assets`.`cpu_num`, `assets`.`cpu_model`, `assets`.`mem_total`, `assets`.`disk`, `assets`.`public_ip`, `assets`.`private_ip`, `assets`.`remote_ip`, `assets`.`op`, `assets`.`status`, `assets`.`os_system`, `assets`.`service_line`, `assets`.`frame`, `assets`.`remark`, `assets`.`create_time`, `assets`.`update_time` FROM `assets` LIMIT 21; args=()
2018-11-17 19:40:14,912 DEBUG (0.001) SELECT `assets`.`id`, `assets`.`hostname`, `assets`.`cpu_num`, `assets`.`cpu_model`, `assets`.`mem_total`, `assets`.`disk`, `assets`.`public_ip`, `assets`.`private_ip`, `assets`.`remote_ip`, `assets`.`op`, `assets`.`status`, `assets`.`os_system`, `assets`.`service_line`, `assets`.`frame`, `assets`.`remark`, `assets`.`create_time`, `assets`.`update_time` FROM `assets` LIMIT 21; args=()
2018-11-17 19:40:14,914 DEBUG (0.000) SELECT `assets`.`id`, `assets`.`hostname`, `assets`.`cpu_num`, `assets`.`cpu_model`, `assets`.`mem_total`, `assets`.`disk`, `assets`.`public_ip`, `assets`.`private_ip`, `assets`.`remote_ip`, `assets`.`op`, `assets`.`status`, `assets`.`os_system`, `assets`.`service_line`, `assets`.`frame`, `assets`.`remark`, `assets`.`create_time`, `assets`.`update_time` FROM `assets` LIMIT 21; args=()
2018-11-17 19:40:14,917 DEBUG (0.000) SELECT `assets`.`id`, `assets`.`hostname`, `assets`.`cpu_num`, `assets`.`cpu_model`, `assets`.`mem_total`, `assets`.`disk`, `assets`.`public_ip`, `assets`.`private_ip`, `assets`.`remote_ip`, `assets`.`op`, `assets`.`status`, `assets`.`os_system`, `assets`.`service_line`, `assets`.`frame`, `assets`.`remark`, `assets`.`create_time`, `assets`.`update_time` FROM `assets` LIMIT 21; args=()
2018-11-17 19:40:14,919 DEBUG (0.001) SELECT `assets`.`id`, `assets`.`hostname`, `assets`.`cpu_num`, `assets`.`cpu_model`, `assets`.`mem_total`, `assets`.`disk`, `assets`.`public_ip`, `assets`.`private_ip`, `assets`.`remote_ip`, `assets`.`op`, `assets`.`status`, `assets`.`os_system`, `assets`.`service_line`, `assets`.`frame`, `assets`.`remark`, `assets`.`create_time`, `assets`.`update_time` FROM `assets` LIMIT 21; args=()
2018-11-17 19:40:14,921 DEBUG (0.000) SELECT `assets`.`id`, `assets`.`hostname`, `assets`.`cpu_num`, `assets`.`cpu_model`, `assets`.`mem_total`, `assets`.`disk`, `assets`.`public_ip`, `assets`.`private_ip`, `assets`.`remote_ip`, `assets`.`op`, `assets`.`status`, `assets`.`os_system`, `assets`.`service_line`, `assets`.`frame`, `assets`.`remark`, `assets`.`create_time`, `assets`.`update_time` FROM `assets` LIMIT 21; args=()
2018-11-17 19:40:14,922 DEBUG (0.000) SELECT `assets`.`id`, `assets`.`hostname`, `assets`.`cpu_num`, `assets`.`cpu_model`, `assets`.`mem_total`, `assets`.`disk`, `assets`.`public_ip`, `assets`.`private_ip`, `assets`.`remote_ip`, `assets`.`op`, `assets`.`status`, `assets`.`os_system`, `assets`.`service_line`, `assets`.`frame`, `assets`.`remark`, `assets`.`create_time`, `assets`.`update_time` FROM `assets` LIMIT 21; args=()
2018-11-17 19:40:14,924 DEBUG (0.000) SELECT `assets`.`id`, `assets`.`hostname`, `assets`.`cpu_num`, `assets`.`cpu_model`, `assets`.`mem_total`, `assets`.`disk`, `assets`.`public_ip`, `assets`.`private_ip`, `assets`.`remote_ip`, `assets`.`op`, `assets`.`status`, `assets`.`os_system`, `assets`.`service_line`, `assets`.`frame`, `assets`.`remark`, `assets`.`create_time`, `assets`.`update_time` FROM `assets` LIMIT 21; args=()
2018-11-17 19:40:14,926 DEBUG (0.001) SELECT `assets`.`id`, `assets`.`hostname`, `assets`.`cpu_num`, `assets`.`cpu_model`, `assets`.`mem_total`, `assets`.`disk`, `assets`.`public_ip`, `assets`.`private_ip`, `assets`.`remote_ip`, `assets`.`op`, `assets`.`status`, `assets`.`os_system`, `assets`.`service_line`, `assets`.`frame`, `assets`.`remark`, `assets`.`create_time`, `assets`.`update_time` FROM `assets` LIMIT 21; args=()
2018-11-17 19:40:16,107 DEBUG (0.001) SELECT @@SQL_AUTO_IS_NULL; args=None
2018-11-17 19:40:16,110 DEBUG (0.001) SELECT VERSION(); args=None
2018-11-17 19:40:16,119 DEBUG (0.001) SELECT `django_session`.`session_key`, `django_session`.`session_data`, `django_session`.`expire_date` FROM `django_session` WHERE (`django_session`.`session_key` = 'jxa26fa73u41bxxzcbs9jy547u4qw17x' AND `django_session`.`expire_date` > '2018-11-17 11:40:16.102517'); args=('jxa26fa73u41bxxzcbs9jy547u4qw17x', '2018-11-17 11:40:16.102517')
2018-11-17 19:40:16,122 DEBUG (0.001) SELECT `auth_user`.`id`, `auth_user`.`password`, `auth_user`.`last_login`, `auth_user`.`is_superuser`, `auth_user`.`username`, `auth_user`.`first_name`, `auth_user`.`last_name`, `auth_user`.`email`, `auth_user`.`is_staff`, `auth_user`.`is_active`, `auth_user`.`date_joined` FROM `auth_user` WHERE `auth_user`.`id` = 1; args=(1,)
2018-11-17 19:40:16,164 DEBUG (0.001) SELECT `assets`.`id`, `assets`.`hostname`, `assets`.`cpu_num`, `assets`.`cpu_model`, `assets`.`mem_total`, `assets`.`disk`, `assets`.`public_ip`, `assets`.`private_ip`, `assets`.`remote_ip`, `assets`.`op`, `assets`.`status`, `assets`.`os_system`, `assets`.`service_line`, `assets`.`frame`, `assets`.`remark`, `assets`.`create_time`, `assets`.`update_time` FROM `assets`; args=()
2018-11-17 19:40:16,802 DEBUG (0.000) SELECT `assets`.`id`, `assets`.`hostname`, `assets`.`cpu_num`, `assets`.`cpu_model`, `assets`.`mem_total`, `assets`.`disk`, `assets`.`public_ip`, `assets`.`private_ip`, `assets`.`remote_ip`, `assets`.`op`, `assets`.`status`, `assets`.`os_system`, `assets`.`service_line`, `assets`.`frame`, `assets`.`remark`, `assets`.`create_time`, `assets`.`update_time` FROM `assets` LIMIT 21; args=()
2018-11-17 19:40:16,809 DEBUG (0.002) SELECT `assets`.`id`, `assets`.`hostname`, `assets`.`cpu_num`, `assets`.`cpu_model`, `assets`.`mem_total`, `assets`.`disk`, `assets`.`public_ip`, `assets`.`private_ip`, `assets`.`remote_ip`, `assets`.`op`, `assets`.`status`, `assets`.`os_system`, `assets`.`service_line`, `assets`.`frame`, `assets`.`remark`, `assets`.`create_time`, `assets`.`update_time` FROM `assets` LIMIT 21; args=()
2018-11-17 19:40:16,812 DEBUG (0.001) SELECT `assets`.`id`, `assets`.`hostname`, `assets`.`cpu_num`, `assets`.`cpu_model`, `assets`.`mem_total`, `assets`.`disk`, `assets`.`public_ip`, `assets`.`private_ip`, `assets`.`remote_ip`, `assets`.`op`, `assets`.`status`, `assets`.`os_system`, `assets`.`service_line`, `assets`.`frame`, `assets`.`remark`, `assets`.`create_time`, `assets`.`update_time` FROM `assets` LIMIT 21; args=()
2018-11-17 19:40:16,816 DEBUG (0.001) SELECT `assets`.`id`, `assets`.`hostname`, `assets`.`cpu_num`, `assets`.`cpu_model`, `assets`.`mem_total`, `assets`.`disk`, `assets`.`public_ip`, `assets`.`private_ip`, `assets`.`remote_ip`, `assets`.`op`, `assets`.`status`, `assets`.`os_system`, `assets`.`service_line`, `assets`.`frame`, `assets`.`remark`, `assets`.`create_time`, `assets`.`update_time` FROM `assets` LIMIT 21; args=()
2018-11-17 19:40:16,818 DEBUG (0.001) SELECT `assets`.`id`, `assets`.`hostname`, `assets`.`cpu_num`, `assets`.`cpu_model`, `assets`.`mem_total`, `assets`.`disk`, `assets`.`public_ip`, `assets`.`private_ip`, `assets`.`remote_ip`, `assets`.`op`, `assets`.`status`, `assets`.`os_system`, `assets`.`service_line`, `assets`.`frame`, `assets`.`remark`, `assets`.`create_time`, `assets`.`update_time` FROM `assets` LIMIT 21; args=()
2018-11-17 19:40:16,821 DEBUG (0.000) SELECT `assets`.`id`, `assets`.`hostname`, `assets`.`cpu_num`, `assets`.`cpu_model`, `assets`.`mem_total`, `assets`.`disk`, `assets`.`public_ip`, `assets`.`private_ip`, `assets`.`remote_ip`, `assets`.`op`, `assets`.`status`, `assets`.`os_system`, `assets`.`service_line`, `assets`.`frame`, `assets`.`remark`, `assets`.`create_time`, `assets`.`update_time` FROM `assets` LIMIT 21; args=()
2018-11-17 19:40:16,829 DEBUG (0.002) SELECT `assets`.`id`, `assets`.`hostname`, `assets`.`cpu_num`, `assets`.`cpu_model`, `assets`.`mem_total`, `assets`.`disk`, `assets`.`public_ip`, `assets`.`private_ip`, `assets`.`remote_ip`, `assets`.`op`, `assets`.`status`, `assets`.`os_system`, `assets`.`service_line`, `assets`.`frame`, `assets`.`remark`, `assets`.`create_time`, `assets`.`update_time` FROM `assets` LIMIT 21; args=()
2018-11-17 19:40:16,837 DEBUG (0.001) SELECT `assets`.`id`, `assets`.`hostname`, `assets`.`cpu_num`, `assets`.`cpu_model`, `assets`.`mem_total`, `assets`.`disk`, `assets`.`public_ip`, `assets`.`private_ip`, `assets`.`remote_ip`, `assets`.`op`, `assets`.`status`, `assets`.`os_system`, `assets`.`service_line`, `assets`.`frame`, `assets`.`remark`, `assets`.`create_time`, `assets`.`update_time` FROM `assets` LIMIT 21; args=()
2018-11-17 19:40:16,873 DEBUG (0.001) SELECT `assets`.`id`, `assets`.`hostname`, `assets`.`cpu_num`, `assets`.`cpu_model`, `assets`.`mem_total`, `assets`.`disk`, `assets`.`public_ip`, `assets`.`private_ip`, `assets`.`remote_ip`, `assets`.`op`, `assets`.`status`, `assets`.`os_system`, `assets`.`service_line`, `assets`.`frame`, `assets`.`remark`, `assets`.`create_time`, `assets`.`update_time` FROM `assets` LIMIT 21; args=()
2018-11-17 19:40:16,874 DEBUG (0.000) SELECT `assets`.`id`, `assets`.`hostname`, `assets`.`cpu_num`, `assets`.`cpu_model`, `assets`.`mem_total`, `assets`.`disk`, `assets`.`public_ip`, `assets`.`private_ip`, `assets`.`remote_ip`, `assets`.`op`, `assets`.`status`, `assets`.`os_system`, `assets`.`service_line`, `assets`.`frame`, `assets`.`remark`, `assets`.`create_time`, `assets`.`update_time` FROM `assets` LIMIT 21; args=()
2018-11-17 19:40:16,877 DEBUG (0.000) SELECT `assets`.`id`, `assets`.`hostname`, `assets`.`cpu_num`, `assets`.`cpu_model`, `assets`.`mem_total`, `assets`.`disk`, `assets`.`public_ip`, `assets`.`private_ip`, `assets`.`remote_ip`, `assets`.`op`, `assets`.`status`, `assets`.`os_system`, `assets`.`service_line`, `assets`.`frame`, `assets`.`remark`, `assets`.`create_time`, `assets`.`update_time` FROM `assets` LIMIT 21; args=()
2018-11-17 19:40:16,880 DEBUG (0.000) SELECT `assets`.`id`, `assets`.`hostname`, `assets`.`cpu_num`, `assets`.`cpu_model`, `assets`.`mem_total`, `assets`.`disk`, `assets`.`public_ip`, `assets`.`private_ip`, `assets`.`remote_ip`, `assets`.`op`, `assets`.`status`, `assets`.`os_system`, `assets`.`service_line`, `assets`.`frame`, `assets`.`remark`, `assets`.`create_time`, `assets`.`update_time` FROM `assets` LIMIT 21; args=()
2018-11-17 19:40:16,950 DEBUG (0.001) SELECT `assets`.`id`, `assets`.`hostname`, `assets`.`cpu_num`, `assets`.`cpu_model`, `assets`.`mem_total`, `assets`.`disk`, `assets`.`public_ip`, `assets`.`private_ip`, `assets`.`remote_ip`, `assets`.`op`, `assets`.`status`, `assets`.`os_system`, `assets`.`service_line`, `assets`.`frame`, `assets`.`remark`, `assets`.`create_time`, `assets`.`update_time` FROM `assets` LIMIT 21; args=()
2018-11-17 19:40:16,953 DEBUG (0.002) SELECT `assets`.`id`, `assets`.`hostname`, `assets`.`cpu_num`, `assets`.`cpu_model`, `assets`.`mem_total`, `assets`.`disk`, `assets`.`public_ip`, `assets`.`private_ip`, `assets`.`remote_ip`, `assets`.`op`, `assets`.`status`, `assets`.`os_system`, `assets`.`service_line`, `assets`.`frame`, `assets`.`remark`, `assets`.`create_time`, `assets`.`update_time` FROM `assets` LIMIT 21; args=()
2018-11-17 19:40:16,955 DEBUG (0.001) SELECT `assets`.`id`, `assets`.`hostname`, `assets`.`cpu_num`, `assets`.`cpu_model`, `assets`.`mem_total`, `assets`.`disk`, `assets`.`public_ip`, `assets`.`private_ip`, `assets`.`remote_ip`, `assets`.`op`, `assets`.`status`, `assets`.`os_system`, `assets`.`service_line`, `assets`.`frame`, `assets`.`remark`, `assets`.`create_time`, `assets`.`update_time` FROM `assets` LIMIT 21; args=()
2018-11-17 19:40:16,956 DEBUG (0.000) SELECT `assets`.`id`, `assets`.`hostname`, `assets`.`cpu_num`, `assets`.`cpu_model`, `assets`.`mem_total`, `assets`.`disk`, `assets`.`public_ip`, `assets`.`private_ip`, `assets`.`remote_ip`, `assets`.`op`, `assets`.`status`, `assets`.`os_system`, `assets`.`service_line`, `assets`.`frame`, `assets`.`remark`, `assets`.`create_time`, `assets`.`update_time` FROM `assets` LIMIT 21; args=()
2018-11-17 19:40:16,959 DEBUG (0.001) SELECT `assets`.`id`, `assets`.`hostname`, `assets`.`cpu_num`, `assets`.`cpu_model`, `assets`.`mem_total`, `assets`.`disk`, `assets`.`public_ip`, `assets`.`private_ip`, `assets`.`remote_ip`, `assets`.`op`, `assets`.`status`, `assets`.`os_system`, `assets`.`service_line`, `assets`.`frame`, `assets`.`remark`, `assets`.`create_time`, `assets`.`update_time` FROM `assets` LIMIT 21; args=()
2018-11-17 19:40:16,962 DEBUG (0.002) SELECT `assets`.`id`, `assets`.`hostname`, `assets`.`cpu_num`, `assets`.`cpu_model`, `assets`.`mem_total`, `assets`.`disk`, `assets`.`public_ip`, `assets`.`private_ip`, `assets`.`remote_ip`, `assets`.`op`, `assets`.`status`, `assets`.`os_system`, `assets`.`service_line`, `assets`.`frame`, `assets`.`remark`, `assets`.`create_time`, `assets`.`update_time` FROM `assets` LIMIT 21; args=()
2018-11-17 19:40:16,967 DEBUG (0.001) SELECT `assets`.`id`, `assets`.`hostname`, `assets`.`cpu_num`, `assets`.`cpu_model`, `assets`.`mem_total`, `assets`.`disk`, `assets`.`public_ip`, `assets`.`private_ip`, `assets`.`remote_ip`, `assets`.`op`, `assets`.`status`, `assets`.`os_system`, `assets`.`service_line`, `assets`.`frame`, `assets`.`remark`, `assets`.`create_time`, `assets`.`update_time` FROM `assets` LIMIT 21; args=()
2018-11-17 19:40:16,974 DEBUG (0.005) SELECT `assets`.`id`, `assets`.`hostname`, `assets`.`cpu_num`, `assets`.`cpu_model`, `assets`.`mem_total`, `assets`.`disk`, `assets`.`public_ip`, `assets`.`private_ip`, `assets`.`remote_ip`, `assets`.`op`, `assets`.`status`, `assets`.`os_system`, `assets`.`service_line`, `assets`.`frame`, `assets`.`remark`, `assets`.`create_time`, `assets`.`update_time` FROM `assets` LIMIT 21; args=()
2018-11-17 19:41:59,057 DEBUG (0.000) SELECT @@SQL_AUTO_IS_NULL; args=None
2018-11-17 19:41:59,058 DEBUG (0.000) SELECT VERSION(); args=None
2018-11-17 19:41:59,580 DEBUG (0.001) SHOW FULL TABLES; args=None
2018-11-17 19:41:59,612 DEBUG (0.001) SELECT `django_migrations`.`app`, `django_migrations`.`name` FROM `django_migrations`; args=()
2018-11-17 19:42:01,589 DEBUG (0.000) SELECT @@SQL_AUTO_IS_NULL; args=None
2018-11-17 19:42:01,590 DEBUG (0.000) SELECT VERSION(); args=None
2018-11-17 19:42:01,596 DEBUG (0.001) SELECT `django_session`.`session_key`, `django_session`.`session_data`, `django_session`.`expire_date` FROM `django_session` WHERE (`django_session`.`session_key` = 'jxa26fa73u41bxxzcbs9jy547u4qw17x' AND `django_session`.`expire_date` > '2018-11-17 11:42:01.587357'); args=('jxa26fa73u41bxxzcbs9jy547u4qw17x', '2018-11-17 11:42:01.587357')
2018-11-17 19:42:03,490 DEBUG (0.006) SELECT @@SQL_AUTO_IS_NULL; args=None
2018-11-17 19:42:03,493 DEBUG (0.002) SELECT VERSION(); args=None
2018-11-17 19:42:03,506 DEBUG (0.002) SELECT `auth_user`.`id`, `auth_user`.`password`, `auth_user`.`last_login`, `auth_user`.`is_superuser`, `auth_user`.`username`, `auth_user`.`first_name`, `auth_user`.`last_name`, `auth_user`.`email`, `auth_user`.`is_staff`, `auth_user`.`is_active`, `auth_user`.`date_joined` FROM `auth_user` WHERE `auth_user`.`username` = 'monkey'; args=('monkey',)
2018-11-17 19:42:09,061 DEBUG (0.001) SELECT @@SQL_AUTO_IS_NULL; args=None
2018-11-17 19:42:09,062 DEBUG (0.001) SELECT VERSION(); args=None
2018-11-17 19:42:09,077 DEBUG (0.003) SELECT `auth_user`.`id`, `auth_user`.`password`, `auth_user`.`last_login`, `auth_user`.`is_superuser`, `auth_user`.`username`, `auth_user`.`first_name`, `auth_user`.`last_name`, `auth_user`.`email`, `auth_user`.`is_staff`, `auth_user`.`is_active`, `auth_user`.`date_joined` FROM `auth_user` WHERE `auth_user`.`username` = 'monkey'; args=('monkey',)
2018-11-17 19:42:14,931 DEBUG (0.000) SELECT @@SQL_AUTO_IS_NULL; args=None
2018-11-17 19:42:14,932 DEBUG (0.000) SELECT VERSION(); args=None
2018-11-17 19:42:15,308 DEBUG (0.002) SHOW FULL TABLES; args=None
2018-11-17 19:42:15,320 DEBUG (0.001) SELECT `django_migrations`.`app`, `django_migrations`.`name` FROM `django_migrations`; args=()
2018-11-17 19:42:15,325 DEBUG (0.001) SELECT `auth_user`.`id`, `auth_user`.`password`, `auth_user`.`last_login`, `auth_user`.`is_superuser`, `auth_user`.`username`, `auth_user`.`first_name`, `auth_user`.`last_name`, `auth_user`.`email`, `auth_user`.`is_staff`, `auth_user`.`is_active`, `auth_user`.`date_joined` FROM `auth_user` WHERE `auth_user`.`username` = 'monkey'; args=('monkey',)
2018-11-17 19:42:16,311 DEBUG (0.001) SELECT `auth_user`.`id`, `auth_user`.`password`, `auth_user`.`last_login`, `auth_user`.`is_superuser`, `auth_user`.`username`, `auth_user`.`first_name`, `auth_user`.`last_name`, `auth_user`.`email`, `auth_user`.`is_staff`, `auth_user`.`is_active`, `auth_user`.`date_joined` FROM `auth_user` WHERE `auth_user`.`username` = 'monkey'; args=('monkey',)
2018-11-17 19:42:21,069 DEBUG (0.000) INSERT INTO `auth_user` (`password`, `last_login`, `is_superuser`, `username`, `first_name`, `last_name`, `email`, `is_staff`, `is_active`, `date_joined`) VALUES ('pbkdf2_sha256$36000$ev1ny9PF9wvA$GEFOhm/RCNOzjVWj5ZtvAjBEox4T5dFv0MnTnHsUkMg=', NULL, 1, 'monkey', '', '', '', 1, 1, '2018-11-17 11:42:21.018422'); args=['pbkdf2_sha256$36000$ev1ny9PF9wvA$GEFOhm/RCNOzjVWj5ZtvAjBEox4T5dFv0MnTnHsUkMg=', None, True, 'monkey', '', '', '', True, True, '2018-11-17 11:42:21.018422']
2018-11-17 19:42:28,275 DEBUG (0.000) SELECT @@SQL_AUTO_IS_NULL; args=None
2018-11-17 19:42:28,277 DEBUG (0.000) SELECT VERSION(); args=None
2018-11-17 19:42:28,787 DEBUG (0.001) SHOW FULL TABLES; args=None
2018-11-17 19:42:28,821 DEBUG (0.001) SELECT `django_migrations`.`app`, `django_migrations`.`name` FROM `django_migrations`; args=()
2018-11-17 19:42:30,813 DEBUG (0.001) SELECT @@SQL_AUTO_IS_NULL; args=None
2018-11-17 19:42:30,815 DEBUG (0.001) SELECT VERSION(); args=None
2018-11-17 19:42:30,828 DEBUG (0.001) SELECT `auth_user`.`id`, `auth_user`.`password`, `auth_user`.`last_login`, `auth_user`.`is_superuser`, `auth_user`.`username`, `auth_user`.`first_name`, `auth_user`.`last_name`, `auth_user`.`email`, `auth_user`.`is_staff`, `auth_user`.`is_active`, `auth_user`.`date_joined` FROM `auth_user` WHERE `auth_user`.`username` = 'monkey'; args=('monkey',)
2018-11-17 19:42:30,918 DEBUG (0.009) SELECT (1) AS `a` FROM `django_session` WHERE `django_session`.`session_key` = 'ic43dezllkh7xv3id0ivbdcbdmaj30k0' LIMIT 1; args=('ic43dezllkh7xv3id0ivbdcbdmaj30k0',)
2018-11-17 19:42:30,924 DEBUG (0.003) INSERT INTO `django_session` (`session_key`, `session_data`, `expire_date`) VALUES ('ic43dezllkh7xv3id0ivbdcbdmaj30k0', 'NzdjOTU4N2RhMWI0MzcxMzQxYjEzYjVjYWM4YWE1MTllODAxMGUzZjp7fQ==', '2018-12-01 11:42:30.919807'); args=('ic43dezllkh7xv3id0ivbdcbdmaj30k0', 'NzdjOTU4N2RhMWI0MzcxMzQxYjEzYjVjYWM4YWE1MTllODAxMGUzZjp7fQ==', '2018-12-01 11:42:30.919807')
2018-11-17 19:42:30,936 DEBUG (0.000) UPDATE `auth_user` SET `last_login` = '2018-11-17 11:42:30.935391' WHERE `auth_user`.`id` = 2; args=('2018-11-17 11:42:30.935391', 2)
2018-11-17 19:42:30,948 DEBUG (0.006) UPDATE `django_session` SET `session_data` = 'ZDk4Yzc1MDUyMjE3OGNkNGFlMTE4ODljNDhjNDliMjhkNGFhYWJlNTp7Il9hdXRoX3VzZXJfaWQiOiIyIiwiX2F1dGhfdXNlcl9iYWNrZW5kIjoiZGphbmdvLmNvbnRyaWIuYXV0aC5iYWNrZW5kcy5Nb2RlbEJhY2tlbmQiLCJfYXV0aF91c2VyX2hhc2giOiI0MjI4MTVmOWViMjNhNzE0YjMyMTk2YjU0NDdmYzAyOTYxZTdhMDQzIn0=', `expire_date` = '2018-12-01 11:42:30.941389' WHERE `django_session`.`session_key` = 'ic43dezllkh7xv3id0ivbdcbdmaj30k0'; args=('ZDk4Yzc1MDUyMjE3OGNkNGFlMTE4ODljNDhjNDliMjhkNGFhYWJlNTp7Il9hdXRoX3VzZXJfaWQiOiIyIiwiX2F1dGhfdXNlcl9iYWNrZW5kIjoiZGphbmdvLmNvbnRyaWIuYXV0aC5iYWNrZW5kcy5Nb2RlbEJhY2tlbmQiLCJfYXV0aF91c2VyX2hhc2giOiI0MjI4MTVmOWViMjNhNzE0YjMyMTk2YjU0NDdmYzAyOTYxZTdhMDQzIn0=', '2018-12-01 11:42:30.941389', 'ic43dezllkh7xv3id0ivbdcbdmaj30k0')
2018-11-17 19:42:32,403 DEBUG (0.001) SELECT @@SQL_AUTO_IS_NULL; args=None
2018-11-17 19:42:32,404 DEBUG (0.001) SELECT VERSION(); args=None
2018-11-17 19:42:32,412 DEBUG (0.001) SELECT `django_session`.`session_key`, `django_session`.`session_data`, `django_session`.`expire_date` FROM `django_session` WHERE (`django_session`.`session_key` = 'ic43dezllkh7xv3id0ivbdcbdmaj30k0' AND `django_session`.`expire_date` > '2018-11-17 11:42:32.398305'); args=('ic43dezllkh7xv3id0ivbdcbdmaj30k0', '2018-11-17 11:42:32.398305')
2018-11-17 19:42:32,414 DEBUG (0.001) SELECT `auth_user`.`id`, `auth_user`.`password`, `auth_user`.`last_login`, `auth_user`.`is_superuser`, `auth_user`.`username`, `auth_user`.`first_name`, `auth_user`.`last_name`, `auth_user`.`email`, `auth_user`.`is_staff`, `auth_user`.`is_active`, `auth_user`.`date_joined` FROM `auth_user` WHERE `auth_user`.`id` = 2; args=(2,)
2018-11-17 19:42:32,431 DEBUG (0.002) SELECT `assets`.`id`, `assets`.`hostname`, `assets`.`cpu_num`, `assets`.`cpu_model`, `assets`.`mem_total`, `assets`.`disk`, `assets`.`public_ip`, `assets`.`private_ip`, `assets`.`remote_ip`, `assets`.`op`, `assets`.`status`, `assets`.`os_system`, `assets`.`service_line`, `assets`.`frame`, `assets`.`remark`, `assets`.`create_time`, `assets`.`update_time` FROM `assets`; args=()
2018-11-17 19:42:35,986 DEBUG (0.000) SELECT @@SQL_AUTO_IS_NULL; args=None
2018-11-17 19:42:35,987 DEBUG (0.000) SELECT VERSION(); args=None
2018-11-17 19:42:35,989 DEBUG (0.001) SELECT `django_session`.`session_key`, `django_session`.`session_data`, `django_session`.`expire_date` FROM `django_session` WHERE (`django_session`.`session_key` = 'ic43dezllkh7xv3id0ivbdcbdmaj30k0' AND `django_session`.`expire_date` > '2018-11-17 11:42:35.984500'); args=('ic43dezllkh7xv3id0ivbdcbdmaj30k0', '2018-11-17 11:42:35.984500')
2018-11-17 19:42:35,991 DEBUG (0.001) SELECT `auth_user`.`id`, `auth_user`.`password`, `auth_user`.`last_login`, `auth_user`.`is_superuser`, `auth_user`.`username`, `auth_user`.`first_name`, `auth_user`.`last_name`, `auth_user`.`email`, `auth_user`.`is_staff`, `auth_user`.`is_active`, `auth_user`.`date_joined` FROM `auth_user` WHERE `auth_user`.`id` = 2; args=(2,)
2018-11-17 19:42:36,003 DEBUG (0.003) SELECT `assets`.`id`, `assets`.`hostname`, `assets`.`cpu_num`, `assets`.`cpu_model`, `assets`.`mem_total`, `assets`.`disk`, `assets`.`public_ip`, `assets`.`private_ip`, `assets`.`remote_ip`, `assets`.`op`, `assets`.`status`, `assets`.`os_system`, `assets`.`service_line`, `assets`.`frame`, `assets`.`remark`, `assets`.`create_time`, `assets`.`update_time` FROM `assets`; args=()
2018-11-17 19:42:39,101 DEBUG (0.000) SELECT @@SQL_AUTO_IS_NULL; args=None
2018-11-17 19:42:39,102 DEBUG (0.000) SELECT VERSION(); args=None
2018-11-17 19:42:39,104 DEBUG (0.000) SELECT `django_session`.`session_key`, `django_session`.`session_data`, `django_session`.`expire_date` FROM `django_session` WHERE (`django_session`.`session_key` = 'ic43dezllkh7xv3id0ivbdcbdmaj30k0' AND `django_session`.`expire_date` > '2018-11-17 11:42:39.099241'); args=('ic43dezllkh7xv3id0ivbdcbdmaj30k0', '2018-11-17 11:42:39.099241')
2018-11-17 19:42:39,107 DEBUG (0.001) SELECT `auth_user`.`id`, `auth_user`.`password`, `auth_user`.`last_login`, `auth_user`.`is_superuser`, `auth_user`.`username`, `auth_user`.`first_name`, `auth_user`.`last_name`, `auth_user`.`email`, `auth_user`.`is_staff`, `auth_user`.`is_active`, `auth_user`.`date_joined` FROM `auth_user` WHERE `auth_user`.`id` = 2; args=(2,)
2018-11-17 19:42:39,117 DEBUG (0.001) SELECT `assets`.`id`, `assets`.`hostname`, `assets`.`cpu_num`, `assets`.`cpu_model`, `assets`.`mem_total`, `assets`.`disk`, `assets`.`public_ip`, `assets`.`private_ip`, `assets`.`remote_ip`, `assets`.`op`, `assets`.`status`, `assets`.`os_system`, `assets`.`service_line`, `assets`.`frame`, `assets`.`remark`, `assets`.`create_time`, `assets`.`update_time` FROM `assets`; args=()
2018-11-17 19:42:46,924 DEBUG (0.000) SELECT @@SQL_AUTO_IS_NULL; args=None
2018-11-17 19:42:46,924 DEBUG (0.000) SELECT VERSION(); args=None
2018-11-17 19:42:46,928 DEBUG (0.001) SELECT `django_session`.`session_key`, `django_session`.`session_data`, `django_session`.`expire_date` FROM `django_session` WHERE (`django_session`.`session_key` = 'ic43dezllkh7xv3id0ivbdcbdmaj30k0' AND `django_session`.`expire_date` > '2018-11-17 11:42:46.920390'); args=('ic43dezllkh7xv3id0ivbdcbdmaj30k0', '2018-11-17 11:42:46.920390')
2018-11-17 19:42:46,931 DEBUG (0.001) SELECT `auth_user`.`id`, `auth_user`.`password`, `auth_user`.`last_login`, `auth_user`.`is_superuser`, `auth_user`.`username`, `auth_user`.`first_name`, `auth_user`.`last_name`, `auth_user`.`email`, `auth_user`.`is_staff`, `auth_user`.`is_active`, `auth_user`.`date_joined` FROM `auth_user` WHERE `auth_user`.`id` = 2; args=(2,)
2018-11-17 19:42:46,934 DEBUG (0.002) SELECT `assets`.`id`, `assets`.`hostname`, `assets`.`cpu_num`, `assets`.`cpu_model`, `assets`.`mem_total`, `assets`.`disk`, `assets`.`public_ip`, `assets`.`private_ip`, `assets`.`remote_ip`, `assets`.`op`, `assets`.`status`, `assets`.`os_system`, `assets`.`service_line`, `assets`.`frame`, `assets`.`remark`, `assets`.`create_time`, `assets`.`update_time` FROM `assets`; args=()
2018-11-17 20:01:58,595 DEBUG (0.001) SELECT @@SQL_AUTO_IS_NULL; args=None
2018-11-17 20:01:58,601 DEBUG (0.001) SELECT VERSION(); args=None
2018-11-17 20:01:58,604 DEBUG (0.001) SELECT `django_session`.`session_key`, `django_session`.`session_data`, `django_session`.`expire_date` FROM `django_session` WHERE (`django_session`.`session_key` = 'ic43dezllkh7xv3id0ivbdcbdmaj30k0' AND `django_session`.`expire_date` > '2018-11-17 12:01:58.592706'); args=('ic43dezllkh7xv3id0ivbdcbdmaj30k0', '2018-11-17 12:01:58.592706')
2018-11-17 20:01:58,607 DEBUG (0.001) SELECT `auth_user`.`id`, `auth_user`.`password`, `auth_user`.`last_login`, `auth_user`.`is_superuser`, `auth_user`.`username`, `auth_user`.`first_name`, `auth_user`.`last_name`, `auth_user`.`email`, `auth_user`.`is_staff`, `auth_user`.`is_active`, `auth_user`.`date_joined` FROM `auth_user` WHERE `auth_user`.`id` = 2; args=(2,)
2018-11-17 20:01:58,620 DEBUG (0.003) SELECT `assets`.`id`, `assets`.`hostname`, `assets`.`cpu_num`, `assets`.`cpu_model`, `assets`.`mem_total`, `assets`.`disk`, `assets`.`public_ip`, `assets`.`private_ip`, `assets`.`remote_ip`, `assets`.`op`, `assets`.`status`, `assets`.`os_system`, `assets`.`service_line`, `assets`.`frame`, `assets`.`remark`, `assets`.`create_time`, `assets`.`update_time` FROM `assets`; args=()
2018-11-17 20:02:00,413 DEBUG (0.000) SELECT @@SQL_AUTO_IS_NULL; args=None
2018-11-17 20:02:00,414 DEBUG (0.000) SELECT VERSION(); args=None
2018-11-17 20:02:00,421 DEBUG (0.003) SELECT `django_session`.`session_key`, `django_session`.`session_data`, `django_session`.`expire_date` FROM `django_session` WHERE (`django_session`.`session_key` = 'ic43dezllkh7xv3id0ivbdcbdmaj30k0' AND `django_session`.`expire_date` > '2018-11-17 12:02:00.410615'); args=('ic43dezllkh7xv3id0ivbdcbdmaj30k0', '2018-11-17 12:02:00.410615')
2018-11-17 20:02:00,424 DEBUG (0.001) SELECT `auth_user`.`id`, `auth_user`.`password`, `auth_user`.`last_login`, `auth_user`.`is_superuser`, `auth_user`.`username`, `auth_user`.`first_name`, `auth_user`.`last_name`, `auth_user`.`email`, `auth_user`.`is_staff`, `auth_user`.`is_active`, `auth_user`.`date_joined` FROM `auth_user` WHERE `auth_user`.`id` = 2; args=(2,)
2018-11-17 20:02:00,438 DEBUG (0.002) SELECT `assets`.`id`, `assets`.`hostname`, `assets`.`cpu_num`, `assets`.`cpu_model`, `assets`.`mem_total`, `assets`.`disk`, `assets`.`public_ip`, `assets`.`private_ip`, `assets`.`remote_ip`, `assets`.`op`, `assets`.`status`, `assets`.`os_system`, `assets`.`service_line`, `assets`.`frame`, `assets`.`remark`, `assets`.`create_time`, `assets`.`update_time` FROM `assets`; args=()
2018-11-17 20:02:04,511 DEBUG (0.000) SELECT @@SQL_AUTO_IS_NULL; args=None
2018-11-17 20:02:04,512 DEBUG (0.000) SELECT VERSION(); args=None
2018-11-17 20:02:04,515 DEBUG (0.001) SELECT `django_session`.`session_key`, `django_session`.`session_data`, `django_session`.`expire_date` FROM `django_session` WHERE (`django_session`.`session_key` = 'ic43dezllkh7xv3id0ivbdcbdmaj30k0' AND `django_session`.`expire_date` > '2018-11-17 12:02:04.509035'); args=('ic43dezllkh7xv3id0ivbdcbdmaj30k0', '2018-11-17 12:02:04.509035')
2018-11-17 20:02:04,520 DEBUG (0.003) SELECT `auth_user`.`id`, `auth_user`.`password`, `auth_user`.`last_login`, `auth_user`.`is_superuser`, `auth_user`.`username`, `auth_user`.`first_name`, `auth_user`.`last_name`, `auth_user`.`email`, `auth_user`.`is_staff`, `auth_user`.`is_active`, `auth_user`.`date_joined` FROM `auth_user` WHERE `auth_user`.`id` = 2; args=(2,)
2018-11-17 20:02:04,535 DEBUG (0.005) SELECT `assets`.`id`, `assets`.`hostname`, `assets`.`cpu_num`, `assets`.`cpu_model`, `assets`.`mem_total`, `assets`.`disk`, `assets`.`public_ip`, `assets`.`private_ip`, `assets`.`remote_ip`, `assets`.`op`, `assets`.`status`, `assets`.`os_system`, `assets`.`service_line`, `assets`.`frame`, `assets`.`remark`, `assets`.`create_time`, `assets`.`update_time` FROM `assets`; args=()
2018-11-17 20:02:06,050 DEBUG (0.000) SELECT @@SQL_AUTO_IS_NULL; args=None
2018-11-17 20:02:06,051 DEBUG (0.000) SELECT VERSION(); args=None
2018-11-17 20:02:06,053 DEBUG (0.001) SELECT `django_session`.`session_key`, `django_session`.`session_data`, `django_session`.`expire_date` FROM `django_session` WHERE (`django_session`.`session_key` = 'ic43dezllkh7xv3id0ivbdcbdmaj30k0' AND `django_session`.`expire_date` > '2018-11-17 12:02:06.046442'); args=('ic43dezllkh7xv3id0ivbdcbdmaj30k0', '2018-11-17 12:02:06.046442')
2018-11-17 20:02:06,057 DEBUG (0.001) SELECT `auth_user`.`id`, `auth_user`.`password`, `auth_user`.`last_login`, `auth_user`.`is_superuser`, `auth_user`.`username`, `auth_user`.`first_name`, `auth_user`.`last_name`, `auth_user`.`email`, `auth_user`.`is_staff`, `auth_user`.`is_active`, `auth_user`.`date_joined` FROM `auth_user` WHERE `auth_user`.`id` = 2; args=(2,)
2018-11-17 20:02:06,072 DEBUG (0.005) SELECT `assets`.`id`, `assets`.`hostname`, `assets`.`cpu_num`, `assets`.`cpu_model`, `assets`.`mem_total`, `assets`.`disk`, `assets`.`public_ip`, `assets`.`private_ip`, `assets`.`remote_ip`, `assets`.`op`, `assets`.`status`, `assets`.`os_system`, `assets`.`service_line`, `assets`.`frame`, `assets`.`remark`, `assets`.`create_time`, `assets`.`update_time` FROM `assets`; args=()
2018-11-17 20:03:36,245 DEBUG (0.000) SELECT @@SQL_AUTO_IS_NULL; args=None
2018-11-17 20:03:36,247 DEBUG (0.001) SELECT VERSION(); args=None
2018-11-17 20:03:36,250 DEBUG (0.001) SELECT `django_session`.`session_key`, `django_session`.`session_data`, `django_session`.`expire_date` FROM `django_session` WHERE (`django_session`.`session_key` = 'ic43dezllkh7xv3id0ivbdcbdmaj30k0' AND `django_session`.`expire_date` > '2018-11-17 12:03:36.243566'); args=('ic43dezllkh7xv3id0ivbdcbdmaj30k0', '2018-11-17 12:03:36.243566')
2018-11-17 20:03:36,255 DEBUG (0.002) SELECT `auth_user`.`id`, `auth_user`.`password`, `auth_user`.`last_login`, `auth_user`.`is_superuser`, `auth_user`.`username`, `auth_user`.`first_name`, `auth_user`.`last_name`, `auth_user`.`email`, `auth_user`.`is_staff`, `auth_user`.`is_active`, `auth_user`.`date_joined` FROM `auth_user` WHERE `auth_user`.`id` = 2; args=(2,)
2018-11-17 20:03:36,269 DEBUG (0.003) SELECT `assets`.`id`, `assets`.`hostname`, `assets`.`cpu_num`, `assets`.`cpu_model`, `assets`.`mem_total`, `assets`.`disk`, `assets`.`public_ip`, `assets`.`private_ip`, `assets`.`remote_ip`, `assets`.`op`, `assets`.`status`, `assets`.`os_system`, `assets`.`service_line`, `assets`.`frame`, `assets`.`remark`, `assets`.`create_time`, `assets`.`update_time` FROM `assets`; args=()
2018-11-17 20:11:30,850 DEBUG (0.001) SELECT @@SQL_AUTO_IS_NULL; args=None
2018-11-17 20:11:30,852 DEBUG (0.001) SELECT VERSION(); args=None
2018-11-17 20:11:30,859 DEBUG (0.002) SELECT `django_session`.`session_key`, `django_session`.`session_data`, `django_session`.`expire_date` FROM `django_session` WHERE (`django_session`.`session_key` = 'ic43dezllkh7xv3id0ivbdcbdmaj30k0' AND `django_session`.`expire_date` > '2018-11-17 12:11:30.847027'); args=('ic43dezllkh7xv3id0ivbdcbdmaj30k0', '2018-11-17 12:11:30.847027')
2018-11-17 20:11:30,864 DEBUG (0.003) SELECT `auth_user`.`id`, `auth_user`.`password`, `auth_user`.`last_login`, `auth_user`.`is_superuser`, `auth_user`.`username`, `auth_user`.`first_name`, `auth_user`.`last_name`, `auth_user`.`email`, `auth_user`.`is_staff`, `auth_user`.`is_active`, `auth_user`.`date_joined` FROM `auth_user` WHERE `auth_user`.`id` = 2; args=(2,)
2018-11-17 20:11:30,874 DEBUG (0.002) SELECT `assets`.`id`, `assets`.`hostname`, `assets`.`cpu_num`, `assets`.`cpu_model`, `assets`.`mem_total`, `assets`.`disk`, `assets`.`public_ip`, `assets`.`private_ip`, `assets`.`remote_ip`, `assets`.`op`, `assets`.`status`, `assets`.`os_system`, `assets`.`service_line`, `assets`.`frame`, `assets`.`remark`, `assets`.`create_time`, `assets`.`update_time` FROM `assets`; args=()
2018-11-17 20:11:33,370 DEBUG (0.000) SELECT @@SQL_AUTO_IS_NULL; args=None
2018-11-17 20:11:33,371 DEBUG (0.001) SELECT VERSION(); args=None
2018-11-17 20:11:33,376 DEBUG (0.002) SELECT `django_session`.`session_key`, `django_session`.`session_data`, `django_session`.`expire_date` FROM `django_session` WHERE (`django_session`.`session_key` = 'ic43dezllkh7xv3id0ivbdcbdmaj30k0' AND `django_session`.`expire_date` > '2018-11-17 12:11:33.366660'); args=('ic43dezllkh7xv3id0ivbdcbdmaj30k0', '2018-11-17 12:11:33.366660')
2018-11-17 20:11:33,390 DEBUG (0.007) SELECT `auth_user`.`id`, `auth_user`.`password`, `auth_user`.`last_login`, `auth_user`.`is_superuser`, `auth_user`.`username`, `auth_user`.`first_name`, `auth_user`.`last_name`, `auth_user`.`email`, `auth_user`.`is_staff`, `auth_user`.`is_active`, `auth_user`.`date_joined` FROM `auth_user` WHERE `auth_user`.`id` = 2; args=(2,)
2018-11-17 20:11:33,407 DEBUG (0.012) SELECT `assets`.`id`, `assets`.`hostname`, `assets`.`cpu_num`, `assets`.`cpu_model`, `assets`.`mem_total`, `assets`.`disk`, `assets`.`public_ip`, `assets`.`private_ip`, `assets`.`remote_ip`, `assets`.`op`, `assets`.`status`, `assets`.`os_system`, `assets`.`service_line`, `assets`.`frame`, `assets`.`remark`, `assets`.`create_time`, `assets`.`update_time` FROM `assets` WHERE `assets`.`id` = 1; args=(1,)
2018-11-17 20:11:39,048 DEBUG (0.001) SELECT @@SQL_AUTO_IS_NULL; args=None
2018-11-17 20:11:39,051 DEBUG (0.001) SELECT VERSION(); args=None
2018-11-17 20:11:39,061 DEBUG (0.001) SELECT `django_session`.`session_key`, `django_session`.`session_data`, `django_session`.`expire_date` FROM `django_session` WHERE (`django_session`.`session_key` = 'ic43dezllkh7xv3id0ivbdcbdmaj30k0' AND `django_session`.`expire_date` > '2018-11-17 12:11:39.042398'); args=('ic43dezllkh7xv3id0ivbdcbdmaj30k0', '2018-11-17 12:11:39.042398')
2018-11-17 20:11:39,066 DEBUG (0.001) SELECT `auth_user`.`id`, `auth_user`.`password`, `auth_user`.`last_login`, `auth_user`.`is_superuser`, `auth_user`.`username`, `auth_user`.`first_name`, `auth_user`.`last_name`, `auth_user`.`email`, `auth_user`.`is_staff`, `auth_user`.`is_active`, `auth_user`.`date_joined` FROM `auth_user` WHERE `auth_user`.`id` = 2; args=(2,)
2018-11-17 20:11:39,080 DEBUG (0.002) SELECT `assets`.`id`, `assets`.`hostname`, `assets`.`cpu_num`, `assets`.`cpu_model`, `assets`.`mem_total`, `assets`.`disk`, `assets`.`public_ip`, `assets`.`private_ip`, `assets`.`remote_ip`, `assets`.`op`, `assets`.`status`, `assets`.`os_system`, `assets`.`service_line`, `assets`.`frame`, `assets`.`remark`, `assets`.`create_time`, `assets`.`update_time` FROM `assets`; args=()
2018-11-17 20:15:22,311 DEBUG (0.000) SELECT @@SQL_AUTO_IS_NULL; args=None
2018-11-17 20:15:22,312 DEBUG (0.000) SELECT VERSION(); args=None
2018-11-17 20:15:22,316 DEBUG (0.001) SELECT `django_session`.`session_key`, `django_session`.`session_data`, `django_session`.`expire_date` FROM `django_session` WHERE (`django_session`.`session_key` = 'ic43dezllkh7xv3id0ivbdcbdmaj30k0' AND `django_session`.`expire_date` > '2018-11-17 12:15:22.306858'); args=('ic43dezllkh7xv3id0ivbdcbdmaj30k0', '2018-11-17 12:15:22.306858')
2018-11-17 20:15:22,320 DEBUG (0.002) SELECT `auth_user`.`id`, `auth_user`.`password`, `auth_user`.`last_login`, `auth_user`.`is_superuser`, `auth_user`.`username`, `auth_user`.`first_name`, `auth_user`.`last_name`, `auth_user`.`email`, `auth_user`.`is_staff`, `auth_user`.`is_active`, `auth_user`.`date_joined` FROM `auth_user` WHERE `auth_user`.`id` = 2; args=(2,)
2018-11-17 20:15:22,331 DEBUG (0.002) SELECT `assets`.`id`, `assets`.`hostname`, `assets`.`cpu_num`, `assets`.`cpu_model`, `assets`.`mem_total`, `assets`.`disk`, `assets`.`public_ip`, `assets`.`private_ip`, `assets`.`remote_ip`, `assets`.`op`, `assets`.`status`, `assets`.`os_system`, `assets`.`service_line`, `assets`.`frame`, `assets`.`remark`, `assets`.`create_time`, `assets`.`update_time` FROM `assets`; args=()
2018-11-17 20:15:54,362 DEBUG (0.000) SELECT @@SQL_AUTO_IS_NULL; args=None
2018-11-17 20:15:54,364 DEBUG (0.001) SELECT VERSION(); args=None
2018-11-17 20:15:54,367 DEBUG (0.001) SELECT `django_session`.`session_key`, `django_session`.`session_data`, `django_session`.`expire_date` FROM `django_session` WHERE (`django_session`.`session_key` = 'ic43dezllkh7xv3id0ivbdcbdmaj30k0' AND `django_session`.`expire_date` > '2018-11-17 12:15:54.358916'); args=('ic43dezllkh7xv3id0ivbdcbdmaj30k0', '2018-11-17 12:15:54.358916')
2018-11-17 20:15:54,369 DEBUG (0.001) SELECT `auth_user`.`id`, `auth_user`.`password`, `auth_user`.`last_login`, `auth_user`.`is_superuser`, `auth_user`.`username`, `auth_user`.`first_name`, `auth_user`.`last_name`, `auth_user`.`email`, `auth_user`.`is_staff`, `auth_user`.`is_active`, `auth_user`.`date_joined` FROM `auth_user` WHERE `auth_user`.`id` = 2; args=(2,)
2018-11-17 20:15:54,379 DEBUG (0.002) SELECT `assets`.`id`, `assets`.`hostname`, `assets`.`cpu_num`, `assets`.`cpu_model`, `assets`.`mem_total`, `assets`.`disk`, `assets`.`public_ip`, `assets`.`private_ip`, `assets`.`remote_ip`, `assets`.`op`, `assets`.`status`, `assets`.`os_system`, `assets`.`service_line`, `assets`.`frame`, `assets`.`remark`, `assets`.`create_time`, `assets`.`update_time` FROM `assets`; args=()
2018-11-17 20:15:55,114 DEBUG (0.001) SELECT @@SQL_AUTO_IS_NULL; args=None
2018-11-17 20:15:55,115 DEBUG (0.001) SELECT VERSION(); args=None
2018-11-17 20:15:55,119 DEBUG (0.001) SELECT `django_session`.`session_key`, `django_session`.`session_data`, `django_session`.`expire_date` FROM `django_session` WHERE (`django_session`.`session_key` = 'ic43dezllkh7xv3id0ivbdcbdmaj30k0' AND `django_session`.`expire_date` > '2018-11-17 12:15:55.109228'); args=('ic43dezllkh7xv3id0ivbdcbdmaj30k0', '2018-11-17 12:15:55.109228')
2018-11-17 20:15:55,124 DEBUG (0.002) SELECT `auth_user`.`id`, `auth_user`.`password`, `auth_user`.`last_login`, `auth_user`.`is_superuser`, `auth_user`.`username`, `auth_user`.`first_name`, `auth_user`.`last_name`, `auth_user`.`email`, `auth_user`.`is_staff`, `auth_user`.`is_active`, `auth_user`.`date_joined` FROM `auth_user` WHERE `auth_user`.`id` = 2; args=(2,)
2018-11-17 20:15:55,137 DEBUG (0.004) SELECT `assets`.`id`, `assets`.`hostname`, `assets`.`cpu_num`, `assets`.`cpu_model`, `assets`.`mem_total`, `assets`.`disk`, `assets`.`public_ip`, `assets`.`private_ip`, `assets`.`remote_ip`, `assets`.`op`, `assets`.`status`, `assets`.`os_system`, `assets`.`service_line`, `assets`.`frame`, `assets`.`remark`, `assets`.`create_time`, `assets`.`update_time` FROM `assets`; args=()
2018-11-17 20:15:59,173 DEBUG (0.000) SELECT @@SQL_AUTO_IS_NULL; args=None
2018-11-17 20:15:59,174 DEBUG (0.001) SELECT VERSION(); args=None
2018-11-17 20:15:59,182 DEBUG (0.003) SELECT `django_session`.`session_key`, `django_session`.`session_data`, `django_session`.`expire_date` FROM `django_session` WHERE (`django_session`.`session_key` = 'ic43dezllkh7xv3id0ivbdcbdmaj30k0' AND `django_session`.`expire_date` > '2018-11-17 12:15:59.171024'); args=('ic43dezllkh7xv3id0ivbdcbdmaj30k0', '2018-11-17 12:15:59.171024')
2018-11-17 20:15:59,188 DEBUG (0.004) SELECT `auth_user`.`id`, `auth_user`.`password`, `auth_user`.`last_login`, `auth_user`.`is_superuser`, `auth_user`.`username`, `auth_user`.`first_name`, `auth_user`.`last_name`, `auth_user`.`email`, `auth_user`.`is_staff`, `auth_user`.`is_active`, `auth_user`.`date_joined` FROM `auth_user` WHERE `auth_user`.`id` = 2; args=(2,)
2018-11-17 20:15:59,205 DEBUG (0.003) SELECT `assets`.`id`, `assets`.`hostname`, `assets`.`cpu_num`, `assets`.`cpu_model`, `assets`.`mem_total`, `assets`.`disk`, `assets`.`public_ip`, `assets`.`private_ip`, `assets`.`remote_ip`, `assets`.`op`, `assets`.`status`, `assets`.`os_system`, `assets`.`service_line`, `assets`.`frame`, `assets`.`remark`, `assets`.`create_time`, `assets`.`update_time` FROM `assets`; args=()
2018-11-17 20:16:00,364 DEBUG (0.003) SELECT @@SQL_AUTO_IS_NULL; args=None
2018-11-17 20:16:00,367 DEBUG (0.001) SELECT VERSION(); args=None
2018-11-17 20:16:00,371 DEBUG (0.001) SELECT `django_session`.`session_key`, `django_session`.`session_data`, `django_session`.`expire_date` FROM `django_session` WHERE (`django_session`.`session_key` = 'ic43dezllkh7xv3id0ivbdcbdmaj30k0' AND `django_session`.`expire_date` > '2018-11-17 12:16:00.357496'); args=('ic43dezllkh7xv3id0ivbdcbdmaj30k0', '2018-11-17 12:16:00.357496')
2018-11-17 20:16:00,375 DEBUG (0.001) SELECT `auth_user`.`id`, `auth_user`.`password`, `auth_user`.`last_login`, `auth_user`.`is_superuser`, `auth_user`.`username`, `auth_user`.`first_name`, `auth_user`.`last_name`, `auth_user`.`email`, `auth_user`.`is_staff`, `auth_user`.`is_active`, `auth_user`.`date_joined` FROM `auth_user` WHERE `auth_user`.`id` = 2; args=(2,)
2018-11-17 20:16:00,386 DEBUG (0.002) SELECT `assets`.`id`, `assets`.`hostname`, `assets`.`cpu_num`, `assets`.`cpu_model`, `assets`.`mem_total`, `assets`.`disk`, `assets`.`public_ip`, `assets`.`private_ip`, `assets`.`remote_ip`, `assets`.`op`, `assets`.`status`, `assets`.`os_system`, `assets`.`service_line`, `assets`.`frame`, `assets`.`remark`, `assets`.`create_time`, `assets`.`update_time` FROM `assets`; args=()
2018-11-17 20:16:07,282 DEBUG (0.000) SELECT @@SQL_AUTO_IS_NULL; args=None
2018-11-17 20:16:07,283 DEBUG (0.000) SELECT VERSION(); args=None
2018-11-17 20:16:07,286 DEBUG (0.001) SELECT `django_session`.`session_key`, `django_session`.`session_data`, `django_session`.`expire_date` FROM `django_session` WHERE (`django_session`.`session_key` = 'ic43dezllkh7xv3id0ivbdcbdmaj30k0' AND `django_session`.`expire_date` > '2018-11-17 12:16:07.276980'); args=('ic43dezllkh7xv3id0ivbdcbdmaj30k0', '2018-11-17 12:16:07.276980')
2018-11-17 20:16:07,290 DEBUG (0.002) SELECT `auth_user`.`id`, `auth_user`.`password`, `auth_user`.`last_login`, `auth_user`.`is_superuser`, `auth_user`.`username`, `auth_user`.`first_name`, `auth_user`.`last_name`, `auth_user`.`email`, `auth_user`.`is_staff`, `auth_user`.`is_active`, `auth_user`.`date_joined` FROM `auth_user` WHERE `auth_user`.`id` = 2; args=(2,)
2018-11-17 20:16:07,302 DEBUG (0.002) SELECT `assets`.`id`, `assets`.`hostname`, `assets`.`cpu_num`, `assets`.`cpu_model`, `assets`.`mem_total`, `assets`.`disk`, `assets`.`public_ip`, `assets`.`private_ip`, `assets`.`remote_ip`, `assets`.`op`, `assets`.`status`, `assets`.`os_system`, `assets`.`service_line`, `assets`.`frame`, `assets`.`remark`, `assets`.`create_time`, `assets`.`update_time` FROM `assets`; args=()
2018-11-17 20:36:18,486 DEBUG (0.001) SELECT @@SQL_AUTO_IS_NULL; args=None
2018-11-17 20:36:18,489 DEBUG (0.001) SELECT VERSION(); args=None
2018-11-17 20:36:18,495 DEBUG (0.003) SELECT `django_session`.`session_key`, `django_session`.`session_data`, `django_session`.`expire_date` FROM `django_session` WHERE (`django_session`.`session_key` = 'ic43dezllkh7xv3id0ivbdcbdmaj30k0' AND `django_session`.`expire_date` > '2018-11-17 12:36:18.475191'); args=('ic43dezllkh7xv3id0ivbdcbdmaj30k0', '2018-11-17 12:36:18.475191')
2018-11-17 20:36:18,500 DEBUG (0.001) SELECT `auth_user`.`id`, `auth_user`.`password`, `auth_user`.`last_login`, `auth_user`.`is_superuser`, `auth_user`.`username`, `auth_user`.`first_name`, `auth_user`.`last_name`, `auth_user`.`email`, `auth_user`.`is_staff`, `auth_user`.`is_active`, `auth_user`.`date_joined` FROM `auth_user` WHERE `auth_user`.`id` = 2; args=(2,)
2018-11-17 20:36:18,509 DEBUG (0.002) SELECT `assets`.`id`, `assets`.`hostname`, `assets`.`cpu_num`, `assets`.`cpu_model`, `assets`.`mem_total`, `assets`.`disk`, `assets`.`public_ip`, `assets`.`private_ip`, `assets`.`remote_ip`, `assets`.`op`, `assets`.`status`, `assets`.`os_system`, `assets`.`service_line`, `assets`.`frame`, `assets`.`remark`, `assets`.`create_time`, `assets`.`update_time` FROM `assets`; args=()
2018-11-17 20:36:20,754 DEBUG (0.000) SELECT @@SQL_AUTO_IS_NULL; args=None
2018-11-17 20:36:20,755 DEBUG (0.000) SELECT VERSION(); args=None
2018-11-17 20:36:20,759 DEBUG (0.001) SELECT `django_session`.`session_key`, `django_session`.`session_data`, `django_session`.`expire_date` FROM `django_session` WHERE (`django_session`.`session_key` = 'ic43dezllkh7xv3id0ivbdcbdmaj30k0' AND `django_session`.`expire_date` > '2018-11-17 12:36:20.750776'); args=('ic43dezllkh7xv3id0ivbdcbdmaj30k0', '2018-11-17 12:36:20.750776')
2018-11-17 20:36:20,762 DEBUG (0.001) SELECT `auth_user`.`id`, `auth_user`.`password`, `auth_user`.`last_login`, `auth_user`.`is_superuser`, `auth_user`.`username`, `auth_user`.`first_name`, `auth_user`.`last_name`, `auth_user`.`email`, `auth_user`.`is_staff`, `auth_user`.`is_active`, `auth_user`.`date_joined` FROM `auth_user` WHERE `auth_user`.`id` = 2; args=(2,)
2018-11-17 20:36:20,773 DEBUG (0.002) SELECT `assets`.`id`, `assets`.`hostname`, `assets`.`cpu_num`, `assets`.`cpu_model`, `assets`.`mem_total`, `assets`.`disk`, `assets`.`public_ip`, `assets`.`private_ip`, `assets`.`remote_ip`, `assets`.`op`, `assets`.`status`, `assets`.`os_system`, `assets`.`service_line`, `assets`.`frame`, `assets`.`remark`, `assets`.`create_time`, `assets`.`update_time` FROM `assets`; args=()
2018-11-17 20:36:26,596 DEBUG (0.000) SELECT @@SQL_AUTO_IS_NULL; args=None
2018-11-17 20:36:26,597 DEBUG (0.000) SELECT VERSION(); args=None
2018-11-17 20:36:26,602 DEBUG (0.001) SELECT `django_session`.`session_key`, `django_session`.`session_data`, `django_session`.`expire_date` FROM `django_session` WHERE (`django_session`.`session_key` = 'ic43dezllkh7xv3id0ivbdcbdmaj30k0' AND `django_session`.`expire_date` > '2018-11-17 12:36:26.593598'); args=('ic43dezllkh7xv3id0ivbdcbdmaj30k0', '2018-11-17 12:36:26.593598')
2018-11-17 20:36:26,606 DEBUG (0.002) SELECT `auth_user`.`id`, `auth_user`.`password`, `auth_user`.`last_login`, `auth_user`.`is_superuser`, `auth_user`.`username`, `auth_user`.`first_name`, `auth_user`.`last_name`, `auth_user`.`email`, `auth_user`.`is_staff`, `auth_user`.`is_active`, `auth_user`.`date_joined` FROM `auth_user` WHERE `auth_user`.`id` = 2; args=(2,)
2018-11-17 20:36:26,620 DEBUG (0.003) SELECT `assets`.`id`, `assets`.`hostname`, `assets`.`cpu_num`, `assets`.`cpu_model`, `assets`.`mem_total`, `assets`.`disk`, `assets`.`public_ip`, `assets`.`private_ip`, `assets`.`remote_ip`, `assets`.`op`, `assets`.`status`, `assets`.`os_system`, `assets`.`service_line`, `assets`.`frame`, `assets`.`remark`, `assets`.`create_time`, `assets`.`update_time` FROM `assets`; args=()
2018-11-17 20:36:29,667 DEBUG (0.000) SELECT @@SQL_AUTO_IS_NULL; args=None
2018-11-17 20:36:29,668 DEBUG (0.000) SELECT VERSION(); args=None
2018-11-17 20:36:29,671 DEBUG (0.001) SELECT `django_session`.`session_key`, `django_session`.`session_data`, `django_session`.`expire_date` FROM `django_session` WHERE (`django_session`.`session_key` = 'ic43dezllkh7xv3id0ivbdcbdmaj30k0' AND `django_session`.`expire_date` > '2018-11-17 12:36:29.664952'); args=('ic43dezllkh7xv3id0ivbdcbdmaj30k0', '2018-11-17 12:36:29.664952')
2018-11-17 20:36:29,673 DEBUG (0.001) SELECT `auth_user`.`id`, `auth_user`.`password`, `auth_user`.`last_login`, `auth_user`.`is_superuser`, `auth_user`.`username`, `auth_user`.`first_name`, `auth_user`.`last_name`, `auth_user`.`email`, `auth_user`.`is_staff`, `auth_user`.`is_active`, `auth_user`.`date_joined` FROM `auth_user` WHERE `auth_user`.`id` = 2; args=(2,)
2018-11-17 20:36:29,675 DEBUG (0.001) SELECT `assets`.`id`, `assets`.`hostname`, `assets`.`cpu_num`, `assets`.`cpu_model`, `assets`.`mem_total`, `assets`.`disk`, `assets`.`public_ip`, `assets`.`private_ip`, `assets`.`remote_ip`, `assets`.`op`, `assets`.`status`, `assets`.`os_system`, `assets`.`service_line`, `assets`.`frame`, `assets`.`remark`, `assets`.`create_time`, `assets`.`update_time` FROM `assets` WHERE `assets`.`id` = 13; args=(13,)
2018-11-17 20:36:29,678 DEBUG (0.001) DELETE FROM `assets` WHERE `assets`.`id` IN (13); args=(13,)
2018-11-17 20:36:32,290 DEBUG (0.000) SELECT @@SQL_AUTO_IS_NULL; args=None
2018-11-17 20:36:32,292 DEBUG (0.001) SELECT VERSION(); args=None
2018-11-17 20:36:32,294 DEBUG (0.001) SELECT `django_session`.`session_key`, `django_session`.`session_data`, `django_session`.`expire_date` FROM `django_session` WHERE (`django_session`.`session_key` = 'ic43dezllkh7xv3id0ivbdcbdmaj30k0' AND `django_session`.`expire_date` > '2018-11-17 12:36:32.288012'); args=('ic43dezllkh7xv3id0ivbdcbdmaj30k0', '2018-11-17 12:36:32.288012')
2018-11-17 20:36:32,301 DEBUG (0.004) SELECT `auth_user`.`id`, `auth_user`.`password`, `auth_user`.`last_login`, `auth_user`.`is_superuser`, `auth_user`.`username`, `auth_user`.`first_name`, `auth_user`.`last_name`, `auth_user`.`email`, `auth_user`.`is_staff`, `auth_user`.`is_active`, `auth_user`.`date_joined` FROM `auth_user` WHERE `auth_user`.`id` = 2; args=(2,)
2018-11-17 20:36:32,320 DEBUG (0.003) SELECT `assets`.`id`, `assets`.`hostname`, `assets`.`cpu_num`, `assets`.`cpu_model`, `assets`.`mem_total`, `assets`.`disk`, `assets`.`public_ip`, `assets`.`private_ip`, `assets`.`remote_ip`, `assets`.`op`, `assets`.`status`, `assets`.`os_system`, `assets`.`service_line`, `assets`.`frame`, `assets`.`remark`, `assets`.`create_time`, `assets`.`update_time` FROM `assets`; args=()
2018-11-17 20:36:40,506 DEBUG (0.000) SELECT @@SQL_AUTO_IS_NULL; args=None
2018-11-17 20:36:40,507 DEBUG (0.000) SELECT VERSION(); args=None
2018-11-17 20:36:40,509 DEBUG (0.001) SELECT `django_session`.`session_key`, `django_session`.`session_data`, `django_session`.`expire_date` FROM `django_session` WHERE (`django_session`.`session_key` = 'ic43dezllkh7xv3id0ivbdcbdmaj30k0' AND `django_session`.`expire_date` > '2018-11-17 12:36:40.503823'); args=('ic43dezllkh7xv3id0ivbdcbdmaj30k0', '2018-11-17 12:36:40.503823')
2018-11-17 20:36:40,512 DEBUG (0.001) SELECT `auth_user`.`id`, `auth_user`.`password`, `auth_user`.`last_login`, `auth_user`.`is_superuser`, `auth_user`.`username`, `auth_user`.`first_name`, `auth_user`.`last_name`, `auth_user`.`email`, `auth_user`.`is_staff`, `auth_user`.`is_active`, `auth_user`.`date_joined` FROM `auth_user` WHERE `auth_user`.`id` = 2; args=(2,)
2018-11-17 20:36:40,523 DEBUG (0.002) SELECT `assets`.`id`, `assets`.`hostname`, `assets`.`cpu_num`, `assets`.`cpu_model`, `assets`.`mem_total`, `assets`.`disk`, `assets`.`public_ip`, `assets`.`private_ip`, `assets`.`remote_ip`, `assets`.`op`, `assets`.`status`, `assets`.`os_system`, `assets`.`service_line`, `assets`.`frame`, `assets`.`remark`, `assets`.`create_time`, `assets`.`update_time` FROM `assets`; args=()
2018-11-17 20:36:40,833 DEBUG (0.001) SELECT @@SQL_AUTO_IS_NULL; args=None
2018-11-17 20:36:40,838 DEBUG (0.004) SELECT VERSION(); args=None
2018-11-17 20:36:40,845 DEBUG (0.003) SELECT `django_session`.`session_key`, `django_session`.`session_data`, `django_session`.`expire_date` FROM `django_session` WHERE (`django_session`.`session_key` = 'ic43dezllkh7xv3id0ivbdcbdmaj30k0' AND `django_session`.`expire_date` > '2018-11-17 12:36:40.827376'); args=('ic43dezllkh7xv3id0ivbdcbdmaj30k0', '2018-11-17 12:36:40.827376')
2018-11-17 20:36:40,849 DEBUG (0.002) SELECT `auth_user`.`id`, `auth_user`.`password`, `auth_user`.`last_login`, `auth_user`.`is_superuser`, `auth_user`.`username`, `auth_user`.`first_name`, `auth_user`.`last_name`, `auth_user`.`email`, `auth_user`.`is_staff`, `auth_user`.`is_active`, `auth_user`.`date_joined` FROM `auth_user` WHERE `auth_user`.`id` = 2; args=(2,)
2018-11-17 20:36:40,870 DEBUG (0.002) SELECT `assets`.`id`, `assets`.`hostname`, `assets`.`cpu_num`, `assets`.`cpu_model`, `assets`.`mem_total`, `assets`.`disk`, `assets`.`public_ip`, `assets`.`private_ip`, `assets`.`remote_ip`, `assets`.`op`, `assets`.`status`, `assets`.`os_system`, `assets`.`service_line`, `assets`.`frame`, `assets`.`remark`, `assets`.`create_time`, `assets`.`update_time` FROM `assets`; args=()
2018-11-17 20:36:41,891 DEBUG (0.005) SELECT @@SQL_AUTO_IS_NULL; args=None
2018-11-17 20:36:41,893 DEBUG (0.001) SELECT VERSION(); args=None
2018-11-17 20:36:41,900 DEBUG (0.002) SELECT `django_session`.`session_key`, `django_session`.`session_data`, `django_session`.`expire_date` FROM `django_session` WHERE (`django_session`.`session_key` = 'ic43dezllkh7xv3id0ivbdcbdmaj30k0' AND `django_session`.`expire_date` > '2018-11-17 12:36:41.883189'); args=('ic43dezllkh7xv3id0ivbdcbdmaj30k0', '2018-11-17 12:36:41.883189')
2018-11-17 20:36:41,908 DEBUG (0.004) SELECT `auth_user`.`id`, `auth_user`.`password`, `auth_user`.`last_login`, `auth_user`.`is_superuser`, `auth_user`.`username`, `auth_user`.`first_name`, `auth_user`.`last_name`, `auth_user`.`email`, `auth_user`.`is_staff`, `auth_user`.`is_active`, `auth_user`.`date_joined` FROM `auth_user` WHERE `auth_user`.`id` = 2; args=(2,)
2018-11-17 20:36:41,922 DEBUG (0.004) SELECT `assets`.`id`, `assets`.`hostname`, `assets`.`cpu_num`, `assets`.`cpu_model`, `assets`.`mem_total`, `assets`.`disk`, `assets`.`public_ip`, `assets`.`private_ip`, `assets`.`remote_ip`, `assets`.`op`, `assets`.`status`, `assets`.`os_system`, `assets`.`service_line`, `assets`.`frame`, `assets`.`remark`, `assets`.`create_time`, `assets`.`update_time` FROM `assets` WHERE `assets`.`id` = 1; args=(1,)
2018-11-17 20:36:48,282 DEBUG (0.001) SELECT @@SQL_AUTO_IS_NULL; args=None
2018-11-17 20:36:48,283 DEBUG (0.000) SELECT VERSION(); args=None
2018-11-17 20:36:48,287 DEBUG (0.001) SELECT `django_session`.`session_key`, `django_session`.`session_data`, `django_session`.`expire_date` FROM `django_session` WHERE (`django_session`.`session_key` = 'ic43dezllkh7xv3id0ivbdcbdmaj30k0' AND `django_session`.`expire_date` > '2018-11-17 12:36:48.278546'); args=('ic43dezllkh7xv3id0ivbdcbdmaj30k0', '2018-11-17 12:36:48.278546')
2018-11-17 20:36:48,290 DEBUG (0.001) SELECT `auth_user`.`id`, `auth_user`.`password`, `auth_user`.`last_login`, `auth_user`.`is_superuser`, `auth_user`.`username`, `auth_user`.`first_name`, `auth_user`.`last_name`, `auth_user`.`email`, `auth_user`.`is_staff`, `auth_user`.`is_active`, `auth_user`.`date_joined` FROM `auth_user` WHERE `auth_user`.`id` = 2; args=(2,)
2018-11-17 20:36:48,295 DEBUG (0.003) SELECT `assets`.`id`, `assets`.`hostname`, `assets`.`cpu_num`, `assets`.`cpu_model`, `assets`.`mem_total`, `assets`.`disk`, `assets`.`public_ip`, `assets`.`private_ip`, `assets`.`remote_ip`, `assets`.`op`, `assets`.`status`, `assets`.`os_system`, `assets`.`service_line`, `assets`.`frame`, `assets`.`remark`, `assets`.`create_time`, `assets`.`update_time` FROM `assets` WHERE `assets`.`id` = 12; args=(12,)
2018-11-17 20:36:50,944 DEBUG (0.001) SELECT @@SQL_AUTO_IS_NULL; args=None
2018-11-17 20:36:50,949 DEBUG (0.000) SELECT VERSION(); args=None
2018-11-17 20:36:50,952 DEBUG (0.000) SELECT @@SQL_AUTO_IS_NULL; args=None
2018-11-17 20:36:50,953 DEBUG (0.000) SELECT VERSION(); args=None
2018-11-17 20:36:50,954 DEBUG (0.000) SELECT `django_session`.`session_key`, `django_session`.`session_data`, `django_session`.`expire_date` FROM `django_session` WHERE (`django_session`.`session_key` = 'ic43dezllkh7xv3id0ivbdcbdmaj30k0' AND `django_session`.`expire_date` > '2018-11-17 12:36:50.939671'); args=('ic43dezllkh7xv3id0ivbdcbdmaj30k0', '2018-11-17 12:36:50.939671')
2018-11-17 20:36:50,956 DEBUG (0.001) SELECT `auth_user`.`id`, `auth_user`.`password`, `auth_user`.`last_login`, `auth_user`.`is_superuser`, `auth_user`.`username`, `auth_user`.`first_name`, `auth_user`.`last_name`, `auth_user`.`email`, `auth_user`.`is_staff`, `auth_user`.`is_active`, `auth_user`.`date_joined` FROM `auth_user` WHERE `auth_user`.`id` = 2; args=(2,)
2018-11-17 20:36:50,959 DEBUG (0.001) SELECT `django_session`.`session_key`, `django_session`.`session_data`, `django_session`.`expire_date` FROM `django_session` WHERE (`django_session`.`session_key` = 'ic43dezllkh7xv3id0ivbdcbdmaj30k0' AND `django_session`.`expire_date` > '2018-11-17 12:36:50.948033'); args=('ic43dezllkh7xv3id0ivbdcbdmaj30k0', '2018-11-17 12:36:50.948033')
2018-11-17 20:36:50,961 DEBUG (0.001) UPDATE `assets` SET `private_ip` = '192.168.1.21', `public_ip` = '105.56.23.91', `status` = 1, `remark` = '1' WHERE `assets`.`id` = 1; args=('192.168.1.21', '105.56.23.91', 1, '1', 1)
2018-11-17 20:36:50,965 DEBUG (0.002) SELECT `auth_user`.`id`, `auth_user`.`password`, `auth_user`.`last_login`, `auth_user`.`is_superuser`, `auth_user`.`username`, `auth_user`.`first_name`, `auth_user`.`last_name`, `auth_user`.`email`, `auth_user`.`is_staff`, `auth_user`.`is_active`, `auth_user`.`date_joined` FROM `auth_user` WHERE `auth_user`.`id` = 2; args=(2,)
2018-11-17 20:36:50,968 DEBUG (0.000) UPDATE `assets` SET `private_ip` = '192.168.1.21', `public_ip` = '105.56.23.91', `status` = 1, `remark` = '1' WHERE `assets`.`id` = 12; args=('192.168.1.21', '105.56.23.91', 1, '1', 12)
2018-11-17 20:36:54,607 DEBUG (0.000) SELECT @@SQL_AUTO_IS_NULL; args=None
2018-11-17 20:36:54,608 DEBUG (0.000) SELECT VERSION(); args=None
2018-11-17 20:36:54,613 DEBUG (0.001) SELECT `django_session`.`session_key`, `django_session`.`session_data`, `django_session`.`expire_date` FROM `django_session` WHERE (`django_session`.`session_key` = 'ic43dezllkh7xv3id0ivbdcbdmaj30k0' AND `django_session`.`expire_date` > '2018-11-17 12:36:54.604402'); args=('ic43dezllkh7xv3id0ivbdcbdmaj30k0', '2018-11-17 12:36:54.604402')
2018-11-17 20:36:54,616 DEBUG (0.001) SELECT `auth_user`.`id`, `auth_user`.`password`, `auth_user`.`last_login`, `auth_user`.`is_superuser`, `auth_user`.`username`, `auth_user`.`first_name`, `auth_user`.`last_name`, `auth_user`.`email`, `auth_user`.`is_staff`, `auth_user`.`is_active`, `auth_user`.`date_joined` FROM `auth_user` WHERE `auth_user`.`id` = 2; args=(2,)
2018-11-17 20:36:54,625 DEBUG (0.002) SELECT `assets`.`id`, `assets`.`hostname`, `assets`.`cpu_num`, `assets`.`cpu_model`, `assets`.`mem_total`, `assets`.`disk`, `assets`.`public_ip`, `assets`.`private_ip`, `assets`.`remote_ip`, `assets`.`op`, `assets`.`status`, `assets`.`os_system`, `assets`.`service_line`, `assets`.`frame`, `assets`.`remark`, `assets`.`create_time`, `assets`.`update_time` FROM `assets`; args=()
2018-11-17 20:37:25,652 DEBUG (0.001) SELECT @@SQL_AUTO_IS_NULL; args=None
2018-11-17 20:37:25,654 DEBUG (0.001) SELECT VERSION(); args=None
2018-11-17 20:37:25,664 DEBUG (0.001) SELECT `django_session`.`session_key`, `django_session`.`session_data`, `django_session`.`expire_date` FROM `django_session` WHERE (`django_session`.`session_key` = 'ic43dezllkh7xv3id0ivbdcbdmaj30k0' AND `django_session`.`expire_date` > '2018-11-17 12:37:25.647560'); args=('ic43dezllkh7xv3id0ivbdcbdmaj30k0', '2018-11-17 12:37:25.647560')
2018-11-17 20:37:25,668 DEBUG (0.001) SELECT `auth_user`.`id`, `auth_user`.`password`, `auth_user`.`last_login`, `auth_user`.`is_superuser`, `auth_user`.`username`, `auth_user`.`first_name`, `auth_user`.`last_name`, `auth_user`.`email`, `auth_user`.`is_staff`, `auth_user`.`is_active`, `auth_user`.`date_joined` FROM `auth_user` WHERE `auth_user`.`id` = 2; args=(2,)
2018-11-17 20:37:25,685 DEBUG (0.002) SELECT `assets`.`id`, `assets`.`hostname`, `assets`.`cpu_num`, `assets`.`cpu_model`, `assets`.`mem_total`, `assets`.`disk`, `assets`.`public_ip`, `assets`.`private_ip`, `assets`.`remote_ip`, `assets`.`op`, `assets`.`status`, `assets`.`os_system`, `assets`.`service_line`, `assets`.`frame`, `assets`.`remark`, `assets`.`create_time`, `assets`.`update_time` FROM `assets`; args=()
2018-11-17 20:37:26,022 DEBUG (0.002) SELECT @@SQL_AUTO_IS_NULL; args=None
2018-11-17 20:37:26,023 DEBUG (0.001) SELECT VERSION(); args=None
2018-11-17 20:37:26,029 DEBUG (0.001) SELECT `django_session`.`session_key`, `django_session`.`session_data`, `django_session`.`expire_date` FROM `django_session` WHERE (`django_session`.`session_key` = 'ic43dezllkh7xv3id0ivbdcbdmaj30k0' AND `django_session`.`expire_date` > '2018-11-17 12:37:26.017148'); args=('ic43dezllkh7xv3id0ivbdcbdmaj30k0', '2018-11-17 12:37:26.017148')
2018-11-17 20:37:26,040 DEBUG (0.008) SELECT `auth_user`.`id`, `auth_user`.`password`, `auth_user`.`last_login`, `auth_user`.`is_superuser`, `auth_user`.`username`, `auth_user`.`first_name`, `auth_user`.`last_name`, `auth_user`.`email`, `auth_user`.`is_staff`, `auth_user`.`is_active`, `auth_user`.`date_joined` FROM `auth_user` WHERE `auth_user`.`id` = 2; args=(2,)
2018-11-17 20:37:26,064 DEBUG (0.007) SELECT `assets`.`id`, `assets`.`hostname`, `assets`.`cpu_num`, `assets`.`cpu_model`, `assets`.`mem_total`, `assets`.`disk`, `assets`.`public_ip`, `assets`.`private_ip`, `assets`.`remote_ip`, `assets`.`op`, `assets`.`status`, `assets`.`os_system`, `assets`.`service_line`, `assets`.`frame`, `assets`.`remark`, `assets`.`create_time`, `assets`.`update_time` FROM `assets`; args=()
2018-11-17 20:37:28,156 DEBUG (0.000) SELECT @@SQL_AUTO_IS_NULL; args=None
2018-11-17 20:37:28,157 DEBUG (0.000) SELECT VERSION(); args=None
2018-11-17 20:37:28,162 DEBUG (0.001) SELECT `django_session`.`session_key`, `django_session`.`session_data`, `django_session`.`expire_date` FROM `django_session` WHERE (`django_session`.`session_key` = 'ic43dezllkh7xv3id0ivbdcbdmaj30k0' AND `django_session`.`expire_date` > '2018-11-17 12:37:28.154455'); args=('ic43dezllkh7xv3id0ivbdcbdmaj30k0', '2018-11-17 12:37:28.154455')
2018-11-17 20:37:28,167 DEBUG (0.003) SELECT `auth_user`.`id`, `auth_user`.`password`, `auth_user`.`last_login`, `auth_user`.`is_superuser`, `auth_user`.`username`, `auth_user`.`first_name`, `auth_user`.`last_name`, `auth_user`.`email`, `auth_user`.`is_staff`, `auth_user`.`is_active`, `auth_user`.`date_joined` FROM `auth_user` WHERE `auth_user`.`id` = 2; args=(2,)
2018-11-17 20:37:28,179 DEBUG (0.003) SELECT `assets`.`id`, `assets`.`hostname`, `assets`.`cpu_num`, `assets`.`cpu_model`, `assets`.`mem_total`, `assets`.`disk`, `assets`.`public_ip`, `assets`.`private_ip`, `assets`.`remote_ip`, `assets`.`op`, `assets`.`status`, `assets`.`os_system`, `assets`.`service_line`, `assets`.`frame`, `assets`.`remark`, `assets`.`create_time`, `assets`.`update_time` FROM `assets`; args=()
2018-11-17 20:37:35,208 DEBUG (0.001) SELECT @@SQL_AUTO_IS_NULL; args=None
2018-11-17 20:37:35,209 DEBUG (0.000) SELECT VERSION(); args=None
2018-11-17 20:37:35,212 DEBUG (0.001) SELECT `django_session`.`session_key`, `django_session`.`session_data`, `django_session`.`expire_date` FROM `django_session` WHERE (`django_session`.`session_key` = 'ic43dezllkh7xv3id0ivbdcbdmaj30k0' AND `django_session`.`expire_date` > '2018-11-17 12:37:35.203658'); args=('ic43dezllkh7xv3id0ivbdcbdmaj30k0', '2018-11-17 12:37:35.203658')
2018-11-17 20:37:35,215 DEBUG (0.001) SELECT `auth_user`.`id`, `auth_user`.`password`, `auth_user`.`last_login`, `auth_user`.`is_superuser`, `auth_user`.`username`, `auth_user`.`first_name`, `auth_user`.`last_name`, `auth_user`.`email`, `auth_user`.`is_staff`, `auth_user`.`is_active`, `auth_user`.`date_joined` FROM `auth_user` WHERE `auth_user`.`id` = 2; args=(2,)
2018-11-17 20:37:35,224 DEBUG (0.000) SELECT `users`.`id`, `users`.`username`, `users`.`sex`, `users`.`city`, `users`.`age`, `users`.`create_time`, `users`.`update_time` FROM `users` ORDER BY `users`.`id` ASC, `users`.`username` ASC; args=()
2018-11-17 20:37:35,360 DEBUG (0.000) SELECT `users`.`id`, `users`.`username`, `users`.`sex`, `users`.`city`, `users`.`age`, `users`.`create_time`, `users`.`update_time` FROM `users` ORDER BY `users`.`id` ASC, `users`.`username` ASC LIMIT 21; args=()
2018-11-17 20:37:35,362 DEBUG (0.000) SELECT `users`.`id`, `users`.`username`, `users`.`sex`, `users`.`city`, `users`.`age`, `users`.`create_time`, `users`.`update_time` FROM `users` ORDER BY `users`.`id` ASC, `users`.`username` ASC LIMIT 21; args=()
2018-11-17 20:37:35,364 DEBUG (0.000) SELECT `users`.`id`, `users`.`username`, `users`.`sex`, `users`.`city`, `users`.`age`, `users`.`create_time`, `users`.`update_time` FROM `users` ORDER BY `users`.`id` ASC, `users`.`username` ASC LIMIT 21; args=()
2018-11-17 20:37:35,365 DEBUG (0.000) SELECT `users`.`id`, `users`.`username`, `users`.`sex`, `users`.`city`, `users`.`age`, `users`.`create_time`, `users`.`update_time` FROM `users` ORDER BY `users`.`id` ASC, `users`.`username` ASC LIMIT 21; args=()
2018-11-17 20:37:35,366 DEBUG (0.000) SELECT `users`.`id`, `users`.`username`, `users`.`sex`, `users`.`city`, `users`.`age`, `users`.`create_time`, `users`.`update_time` FROM `users` ORDER BY `users`.`id` ASC, `users`.`username` ASC LIMIT 21; args=()
2018-11-17 20:37:35,368 DEBUG (0.000) SELECT `users`.`id`, `users`.`username`, `users`.`sex`, `users`.`city`, `users`.`age`, `users`.`create_time`, `users`.`update_time` FROM `users` ORDER BY `users`.`id` ASC, `users`.`username` ASC LIMIT 21; args=()
2018-11-17 20:37:35,371 DEBUG (0.001) SELECT `users`.`id`, `users`.`username`, `users`.`sex`, `users`.`city`, `users`.`age`, `users`.`create_time`, `users`.`update_time` FROM `users` ORDER BY `users`.`id` ASC, `users`.`username` ASC LIMIT 21; args=()
2018-11-17 20:37:35,373 DEBUG (0.000) SELECT `users`.`id`, `users`.`username`, `users`.`sex`, `users`.`city`, `users`.`age`, `users`.`create_time`, `users`.`update_time` FROM `users` ORDER BY `users`.`id` ASC, `users`.`username` ASC LIMIT 21; args=()
2018-11-17 20:37:35,374 DEBUG (0.000) SELECT `users`.`id`, `users`.`username`, `users`.`sex`, `users`.`city`, `users`.`age`, `users`.`create_time`, `users`.`update_time` FROM `users` ORDER BY `users`.`id` ASC, `users`.`username` ASC LIMIT 21; args=()
2018-11-17 20:37:35,375 DEBUG (0.000) SELECT `users`.`id`, `users`.`username`, `users`.`sex`, `users`.`city`, `users`.`age`, `users`.`create_time`, `users`.`update_time` FROM `users` ORDER BY `users`.`id` ASC, `users`.`username` ASC LIMIT 21; args=()
2018-11-17 20:37:35,375 DEBUG (0.000) SELECT `users`.`id`, `users`.`username`, `users`.`sex`, `users`.`city`, `users`.`age`, `users`.`create_time`, `users`.`update_time` FROM `users` ORDER BY `users`.`id` ASC, `users`.`username` ASC LIMIT 21; args=()
2018-11-17 20:37:35,377 DEBUG (0.001) SELECT `users`.`id`, `users`.`username`, `users`.`sex`, `users`.`city`, `users`.`age`, `users`.`create_time`, `users`.`update_time` FROM `users` ORDER BY `users`.`id` ASC, `users`.`username` ASC LIMIT 21; args=()
2018-11-17 20:37:35,379 DEBUG (0.000) SELECT `users`.`id`, `users`.`username`, `users`.`sex`, `users`.`city`, `users`.`age`, `users`.`create_time`, `users`.`update_time` FROM `users` ORDER BY `users`.`id` ASC, `users`.`username` ASC LIMIT 21; args=()
2018-11-17 20:37:46,520 DEBUG (0.001) SELECT @@SQL_AUTO_IS_NULL; args=None
2018-11-17 20:37:46,521 DEBUG (0.001) SELECT VERSION(); args=None
2018-11-17 20:37:46,525 DEBUG (0.001) SELECT `django_session`.`session_key`, `django_session`.`session_data`, `django_session`.`expire_date` FROM `django_session` WHERE (`django_session`.`session_key` = 'ic43dezllkh7xv3id0ivbdcbdmaj30k0' AND `django_session`.`expire_date` > '2018-11-17 12:37:46.516075'); args=('ic43dezllkh7xv3id0ivbdcbdmaj30k0', '2018-11-17 12:37:46.516075')
2018-11-17 20:37:46,528 DEBUG (0.002) SELECT `auth_user`.`id`, `auth_user`.`password`, `auth_user`.`last_login`, `auth_user`.`is_superuser`, `auth_user`.`username`, `auth_user`.`first_name`, `auth_user`.`last_name`, `auth_user`.`email`, `auth_user`.`is_staff`, `auth_user`.`is_active`, `auth_user`.`date_joined` FROM `auth_user` WHERE `auth_user`.`id` = 2; args=(2,)
2018-11-17 20:37:46,537 DEBUG (0.001) SELECT `assets`.`id`, `assets`.`hostname`, `assets`.`cpu_num`, `assets`.`cpu_model`, `assets`.`mem_total`, `assets`.`disk`, `assets`.`public_ip`, `assets`.`private_ip`, `assets`.`remote_ip`, `assets`.`op`, `assets`.`status`, `assets`.`os_system`, `assets`.`service_line`, `assets`.`frame`, `assets`.`remark`, `assets`.`create_time`, `assets`.`update_time` FROM `assets`; args=()
