2018-11-11 17:57:00 [django.server:124] [INFO] - "GET /user/list/ HTTP/1.1" 200 605848
2018-11-11 17:57:00 [django.server:124] [WARNING] - "GET /static/fonts/fontawesome-webfont.woff2?v=4.7.0 HTTP/1.1" 404 1714
2018-11-11 18:02:21,556 INFO "GET /user/list/ HTTP/1.1" 200 605848
2018-11-11 18:02:21,628 WARNING "GET /static/fonts/fontawesome-webfont.woff2?v=4.7.0 HTTP/1.1" 404 1714
2018-11-11 18:03:07 [django.server:124] [INFO] - "GET /user/list/ HTTP/1.1" 200 605848
2018-11-11 18:03:07 [django.server:124] [WARNING] - "GET /static/fonts/fontawesome-webfont.woff2?v=4.7.0 HTTP/1.1" 404 1714
2018-11-11 18:03:36 [django.server:124] [INFO] - "GET /user/list/ HTTP/1.1" 200 605848
2018-11-11 18:03:36 [django.server:124] [WARNING] - "GET /static/fonts/fontawesome-webfont.woff2?v=4.7.0 HTTP/1.1" 404 1714
2018-11-11 18:04:10 [django.server:124] [INFO] - "GET /user/list/ HTTP/1.1" 200 605848
2018-11-11 18:04:10 [django.server:124] [WARNING] - "GET /static/fonts/fontawesome-webfont.woff2?v=4.7.0 HTTP/1.1" 404 1714
2018-11-11 18:04:34 [django.server:124] [INFO] - "GET /user/list/ HTTP/1.1" 200 605848
2018-11-11 18:04:34 [django.server:124] [WARNING] - "GET /static/fonts/fontawesome-webfont.woff2?v=4.7.0 HTTP/1.1" 404 1714
2018-11-11 18:08:27 [django.server:124] [INFO] - "GET /user/list/ HTTP/1.1" 200 605848
2018-11-11 18:08:27 [django.server:124] [WARNING] - "GET /static/fonts/fontawesome-webfont.woff2?v=4.7.0 HTTP/1.1" 404 1714
2018-11-17 19:28:19 [django.server:124] [INFO] - "GET / HTTP/1.1" 200 9826
2018-11-17 19:28:19 [django.server:124] [INFO] - "GET /static/css/font-awesome.min.css HTTP/1.1" 200 31000
2018-11-17 19:28:19 [django.server:124] [INFO] - "GET /static/css/morris.css HTTP/1.1" 200 433
2018-11-17 19:28:19 [django.server:124] [INFO] - "GET /static/css/bootstrap.min.css HTTP/1.1" 200 121200
2018-11-17 19:28:19 [django.server:124] [INFO] - "GET /static/css/ionicons.min.css HTTP/1.1" 200 51284
2018-11-17 19:28:19 [django.server:124] [INFO] - "GET /static/css/_all-skins.min.css HTTP/1.1" 200 41583
2018-11-17 19:28:19 [django.server:124] [INFO] - "GET /static/css/daterangepicker.css HTTP/1.1" 200 8163
2018-11-17 19:28:19 [django.server:124] [INFO] - "GET /static/css/AdminLTE.min.css HTTP/1.1" 200 91480
2018-11-17 19:28:19 [django.server:124] [INFO] - "GET /static/css/jquery-jvectormap.css HTTP/1.1" 200 6635
2018-11-17 19:28:19 [django.server:124] [INFO] - "GET /static/css/bootstrap3-wysihtml5.min.css HTTP/1.1" 200 2226
2018-11-17 19:28:19 [django.server:124] [INFO] - "GET /static/css/bootstrap-datepicker.min.css HTTP/1.1" 200 15731
2018-11-17 19:28:19 [django.server:124] [INFO] - "GET /static/img/user2-160x160.jpg HTTP/1.1" 200 7070
2018-11-17 19:28:19 [django.server:124] [INFO] - "GET /static/js/adminlte.min.js HTTP/1.1" 200 14478
2018-11-17 19:28:19 [django.server:124] [INFO] - "GET /static/js/jquery.min.js HTTP/1.1" 200 86927
2018-11-17 19:28:19 [django.server:124] [INFO] - "GET /static/js/bootstrap.min.js HTTP/1.1" 200 37045
2018-11-17 19:28:19 [django.server:124] [WARNING] - "GET /static/fonts/fontawesome-webfont.woff2?v=4.7.0 HTTP/1.1" 404 1714
2018-11-17 19:28:19 [django.server:124] [INFO] - "GET /static/fonts/fontawesome-webfont.woff?v=4.7.0 HTTP/1.1" 200 98024
2018-11-17 19:28:20 [django.template:925] [DEBUG] - Exception while resolving variable 'name' in template 'unknown'.
Traceback (most recent call last):
  File "/home/monkey/python36env/lib/python3.6/site-packages/django/core/handlers/exception.py", line 41, in inner
    response = get_response(request)
  File "/home/monkey/python36env/lib/python3.6/site-packages/django/core/handlers/base.py", line 172, in _get_response
    resolver_match = resolver.resolve(request.path_info)
  File "/home/monkey/python36env/lib/python3.6/site-packages/django/urls/resolvers.py", line 392, in resolve
    raise Resolver404({'tried': tried, 'path': new_path})
django.urls.exceptions.Resolver404: {'tried': [[<RegexURLResolver <RegexURLPattern list> (admin:admin) ^admin/>], [<RegexURLPattern None ^assets/list/$>], [<RegexURLPattern None ^assets/add/$>], [<RegexURLPattern None ^assets/edit/(?P<pk>[0-9]+)/$>], [<RegexURLPattern None ^assets/export/$>], [<RegexURLPattern None ^assets/detail/$>], [<RegexURLPattern None ^assets/delete/(?P<pk>[0-9]+)/$>], [<RegexURLPattern None ^account/login/$>], [<RegexURLPattern None ^account/logout/$>], [<RegexURLPattern None ^$>], [<RegexURLPattern None ^user/list/$>], [<RegexURLPattern None ^user/add/$>], [<RegexURLPattern None ^user/detail/$>], [<RegexURLPattern None ^user/delete/(?P<pk>[0-9]+)/$>], [<RegexURLPattern None ^user/edit/(?P<pk>[0-9]+)/$>]], 'path': 'favicon.ico'}

During handling of the above exception, another exception occurred:

Traceback (most recent call last):
  File "/home/monkey/python36env/lib/python3.6/site-packages/django/template/base.py", line 882, in _resolve_lookup
    current = current[bit]
TypeError: 'RegexURLResolver' object is not subscriptable

During handling of the above exception, another exception occurred:

Traceback (most recent call last):
  File "/home/monkey/python36env/lib/python3.6/site-packages/django/template/base.py", line 890, in _resolve_lookup
    current = getattr(current, bit)
AttributeError: 'RegexURLResolver' object has no attribute 'name'

During handling of the above exception, another exception occurred:

Traceback (most recent call last):
  File "/home/monkey/python36env/lib/python3.6/site-packages/django/template/base.py", line 896, in _resolve_lookup
    current = current[int(bit)]
ValueError: invalid literal for int() with base 10: 'name'

During handling of the above exception, another exception occurred:

Traceback (most recent call last):
  File "/home/monkey/python36env/lib/python3.6/site-packages/django/template/base.py", line 903, in _resolve_lookup
    (bit, current))  # missing attribute
django.template.base.VariableDoesNotExist: Failed lookup for key [name] in '<RegexURLResolver <RegexURLPattern list> (admin:admin) ^admin/>'
2018-11-17 19:28:20 [django.server:124] [WARNING] - "GET /favicon.ico HTTP/1.1" 404 3633
2018-11-17 19:28:57 [django.server:124] [INFO] - "GET / HTTP/1.1" 200 2
2018-11-17 19:28:58 [django.server:124] [INFO] - "GET / HTTP/1.1" 200 2
2018-11-17 19:31:05 [django.server:124] [INFO] - "GET / HTTP/1.1" 200 9613
2018-11-17 19:31:05 [django.server:124] [WARNING] - "GET /static/fonts/fontawesome-webfont.woff2?v=4.7.0 HTTP/1.1" 404 1714
2018-11-17 19:31:15 [django.server:124] [INFO] - "GET / HTTP/1.1" 200 9041
2018-11-17 19:31:15 [django.server:124] [WARNING] - "GET /static/fonts/fontawesome-webfont.woff2?v=4.7.0 HTTP/1.1" 404 1714
2018-11-17 19:31:25 [django.server:124] [INFO] - "GET / HTTP/1.1" 200 9041
2018-11-17 19:31:26 [django.server:124] [WARNING] - "GET /static/fonts/fontawesome-webfont.woff2?v=4.7.0 HTTP/1.1" 404 1714
2018-11-17 19:31:52 [django.server:124] [INFO] - "GET / HTTP/1.1" 200 7288
2018-11-17 19:31:52 [django.server:124] [INFO] - "GET /static/css/font-awesome.min.css HTTP/1.1" 304 0
2018-11-17 19:31:52 [django.server:124] [INFO] - "GET /static/css/bootstrap.min.css HTTP/1.1" 304 0
2018-11-17 19:31:52 [django.server:124] [INFO] - "GET /static/css/ionicons.min.css HTTP/1.1" 304 0
2018-11-17 19:31:52 [django.server:124] [INFO] - "GET /static/css/AdminLTE.min.css HTTP/1.1" 304 0
2018-11-17 19:31:52 [django.server:124] [INFO] - "GET /static/css/_all-skins.min.css HTTP/1.1" 304 0
2018-11-17 19:31:52 [django.server:124] [INFO] - "GET /static/css/jquery-jvectormap.css HTTP/1.1" 304 0
2018-11-17 19:31:52 [django.server:124] [INFO] - "GET /static/css/morris.css HTTP/1.1" 304 0
2018-11-17 19:31:52 [django.server:124] [INFO] - "GET /static/css/bootstrap-datepicker.min.css HTTP/1.1" 304 0
2018-11-17 19:31:52 [django.server:124] [INFO] - "GET /static/css/daterangepicker.css HTTP/1.1" 304 0
2018-11-17 19:31:52 [django.server:124] [INFO] - "GET /static/js/jquery.min.js HTTP/1.1" 304 0
2018-11-17 19:31:52 [django.server:124] [INFO] - "GET /static/css/bootstrap3-wysihtml5.min.css HTTP/1.1" 304 0
2018-11-17 19:31:52 [django.server:124] [INFO] - "GET /static/js/adminlte.min.js HTTP/1.1" 304 0
2018-11-17 19:31:52 [django.server:124] [INFO] - "GET /static/img/user2-160x160.jpg HTTP/1.1" 304 0
2018-11-17 19:31:52 [django.server:124] [INFO] - "GET /static/js/bootstrap.min.js HTTP/1.1" 304 0
2018-11-17 19:31:52 [django.server:124] [WARNING] - "GET /static/fonts/fontawesome-webfont.woff2?v=4.7.0 HTTP/1.1" 404 1714
2018-11-17 19:31:52 [django.server:124] [INFO] - "GET /static/fonts/fontawesome-webfont.woff?v=4.7.0 HTTP/1.1" 304 0
2018-11-17 19:31:57 [django.server:124] [INFO] - "GET / HTTP/1.1" 200 7127
2018-11-17 19:31:58 [django.server:124] [WARNING] - "GET /static/fonts/fontawesome-webfont.woff2?v=4.7.0 HTTP/1.1" 404 1714
2018-11-17 19:32:02 [django.server:124] [INFO] - "GET / HTTP/1.1" 200 7127
2018-11-17 19:32:03 [django.server:124] [WARNING] - "GET /static/fonts/fontawesome-webfont.woff2?v=4.7.0 HTTP/1.1" 404 1714
2018-11-17 19:32:21 [django.server:124] [INFO] - "GET / HTTP/1.1" 200 7127
2018-11-17 19:32:21 [django.server:124] [WARNING] - "GET /static/fonts/fontawesome-webfont.woff2?v=4.7.0 HTTP/1.1" 404 1714
2018-11-17 19:33:14 [django.server:124] [INFO] - "GET / HTTP/1.1" 200 7131
2018-11-17 19:33:14 [django.server:124] [WARNING] - "GET /static/fonts/fontawesome-webfont.woff2?v=4.7.0 HTTP/1.1" 404 1714
2018-11-17 19:33:15 [django.server:124] [INFO] - "GET / HTTP/1.1" 200 7131
2018-11-17 19:33:15 [django.server:124] [WARNING] - "GET /static/fonts/fontawesome-webfont.woff2?v=4.7.0 HTTP/1.1" 404 1714
2018-11-17 19:34:01 [django.server:124] [INFO] - "GET / HTTP/1.1" 200 7036
2018-11-17 19:34:01 [django.server:124] [WARNING] - "GET /static/fonts/fontawesome-webfont.woff2?v=4.7.0 HTTP/1.1" 404 1714
2018-11-17 19:34:32 [django.server:124] [INFO] - "GET / HTTP/1.1" 200 7036
2018-11-17 19:34:32 [django.server:124] [WARNING] - "GET /static/fonts/fontawesome-webfont.woff2?v=4.7.0 HTTP/1.1" 404 1714
2018-11-17 19:34:32 [django.server:124] [INFO] - "GET / HTTP/1.1" 200 7036
2018-11-17 19:34:32 [django.server:124] [WARNING] - "GET /static/fonts/fontawesome-webfont.woff2?v=4.7.0 HTTP/1.1" 404 1714
2018-11-17 19:34:43 [django.server:124] [INFO] - "GET / HTTP/1.1" 200 7036
2018-11-17 19:34:43 [django.server:124] [WARNING] - "GET /static/fonts/fontawesome-webfont.woff2?v=4.7.0 HTTP/1.1" 404 1714
2018-11-17 19:34:44 [django.server:124] [INFO] - "GET / HTTP/1.1" 200 7036
2018-11-17 19:34:44 [django.server:124] [WARNING] - "GET /static/fonts/fontawesome-webfont.woff2?v=4.7.0 HTTP/1.1" 404 1714
2018-11-17 19:35:07 [django.server:124] [INFO] - "GET / HTTP/1.1" 200 7036
2018-11-17 19:35:07 [django.server:124] [WARNING] - "GET /static/fonts/fontawesome-webfont.woff2?v=4.7.0 HTTP/1.1" 404 1714
2018-11-17 19:35:17 [django.server:124] [INFO] - "GET /user/list/ HTTP/1.1" 302 0
2018-11-17 19:35:17 [django.template:925] [DEBUG] - Exception while resolving variable 'errmsg' in template 'login.html'.
Traceback (most recent call last):
  File "/home/monkey/python36env/lib/python3.6/site-packages/django/template/base.py", line 882, in _resolve_lookup
    current = current[bit]
  File "/home/monkey/python36env/lib/python3.6/site-packages/django/template/context.py", line 87, in __getitem__
    raise KeyError(key)
KeyError: 'errmsg'

During handling of the above exception, another exception occurred:

Traceback (most recent call last):
  File "/home/monkey/python36env/lib/python3.6/site-packages/django/template/base.py", line 888, in _resolve_lookup
    if isinstance(current, BaseContext) and getattr(type(current), bit):
AttributeError: type object 'RequestContext' has no attribute 'errmsg'

During handling of the above exception, another exception occurred:

Traceback (most recent call last):
  File "/home/monkey/python36env/lib/python3.6/site-packages/django/template/base.py", line 896, in _resolve_lookup
    current = current[int(bit)]
ValueError: invalid literal for int() with base 10: 'errmsg'

During handling of the above exception, another exception occurred:

Traceback (most recent call last):
  File "/home/monkey/python36env/lib/python3.6/site-packages/django/template/base.py", line 903, in _resolve_lookup
    (bit, current))  # missing attribute
django.template.base.VariableDoesNotExist: Failed lookup for key [errmsg] in "[{'True': True, 'False': False, 'None': None}, {'csrf_token': <SimpleLazyObject: <function csrf.<locals>._get_val at 0x7fda106b79d8>>, 'request': <WSGIRequest: GET '/account/login/?next=/user/list/'>, 'user': <SimpleLazyObject: <function AuthenticationMiddleware.process_request.<locals>.<lambda> at 0x7fda10bd6bf8>>, 'perms': <django.contrib.auth.context_processors.PermWrapper object at 0x7fda10924fd0>, 'messages': <django.contrib.messages.storage.fallback.FallbackStorage object at 0x7fda10694f60>, 'DEFAULT_MESSAGE_LEVELS': {'DEBUG': 10, 'INFO': 20, 'SUCCESS': 25, 'WARNING': 30, 'ERROR': 40}}, {}]"
2018-11-17 19:35:17 [django.server:124] [INFO] - "GET /account/login/?next=/user/list/ HTTP/1.1" 200 2118
2018-11-17 19:35:17 [django.server:124] [INFO] - "GET /static/css/blue.css HTTP/1.1" 200 1611
2018-11-17 19:35:17 [django.server:124] [WARNING] - "GET /static/fonts/glyphicons-halflings-regular.woff2 HTTP/1.1" 404 1733
2018-11-17 19:35:17 [django.server:124] [WARNING] - "GET /static/fonts/glyphicons-halflings-regular.woff HTTP/1.1" 404 1730
2018-11-17 19:35:18 [django.server:124] [INFO] - "GET /static/fonts/glyphicons-halflings-regular.ttf HTTP/1.1" 200 45404
2018-11-17 19:35:19 [django.server:124] [INFO] - "POST /account/login/ HTTP/1.1" 200 2130
2018-11-17 19:35:19 [django.server:124] [WARNING] - "GET /static/fonts/glyphicons-halflings-regular.woff2 HTTP/1.1" 404 1733
2018-11-17 19:35:19 [django.server:124] [WARNING] - "GET /static/fonts/glyphicons-halflings-regular.woff HTTP/1.1" 404 1730
2018-11-17 19:35:25 [django.server:124] [INFO] - "POST /account/login/ HTTP/1.1" 200 2130
2018-11-17 19:35:25 [django.server:124] [INFO] - "GET /static/css/font-awesome.min.css HTTP/1.1" 304 0
2018-11-17 19:35:25 [django.server:124] [INFO] - "GET /static/css/bootstrap.min.css HTTP/1.1" 304 0
2018-11-17 19:35:25 [django.server:124] [INFO] - "GET /static/css/ionicons.min.css HTTP/1.1" 304 0
2018-11-17 19:35:25 [django.server:124] [INFO] - "GET /static/css/AdminLTE.min.css HTTP/1.1" 304 0
2018-11-17 19:35:25 [django.server:124] [WARNING] - "GET /static/fonts/glyphicons-halflings-regular.woff2 HTTP/1.1" 404 1733
2018-11-17 19:35:25 [django.server:124] [WARNING] - "GET /static/fonts/glyphicons-halflings-regular.woff HTTP/1.1" 404 1730
2018-11-17 19:35:31 [django.server:124] [INFO] - "GET / HTTP/1.1" 200 7036
2018-11-17 19:35:31 [django.server:124] [INFO] - "GET /static/css/morris.css HTTP/1.1" 304 0
2018-11-17 19:35:31 [django.server:124] [INFO] - "GET /static/css/jquery-jvectormap.css HTTP/1.1" 304 0
2018-11-17 19:35:31 [django.server:124] [INFO] - "GET /static/css/bootstrap-datepicker.min.css HTTP/1.1" 304 0
2018-11-17 19:35:31 [django.server:124] [INFO] - "GET /static/css/_all-skins.min.css HTTP/1.1" 304 0
2018-11-17 19:35:31 [django.server:124] [INFO] - "GET /static/js/jquery.min.js HTTP/1.1" 304 0
2018-11-17 19:35:31 [django.server:124] [INFO] - "GET /static/css/bootstrap3-wysihtml5.min.css HTTP/1.1" 304 0
2018-11-17 19:35:32 [django.server:124] [INFO] - "GET /static/js/bootstrap.min.js HTTP/1.1" 304 0
2018-11-17 19:35:32 [django.server:124] [INFO] - "GET /static/js/adminlte.min.js HTTP/1.1" 304 0
2018-11-17 19:35:32 [django.server:124] [INFO] - "GET /static/css/daterangepicker.css HTTP/1.1" 304 0
2018-11-17 19:35:32 [django.server:124] [INFO] - "GET /static/img/user2-160x160.jpg HTTP/1.1" 304 0
2018-11-17 19:35:32 [django.server:124] [WARNING] - "GET /static/fonts/fontawesome-webfont.woff2?v=4.7.0 HTTP/1.1" 404 1714
2018-11-17 19:35:32 [django.server:124] [INFO] - "GET /static/fonts/fontawesome-webfont.woff?v=4.7.0 HTTP/1.1" 304 0
2018-11-17 19:37:57 [django.server:124] [INFO] - "GET / HTTP/1.1" 200 7020
2018-11-17 19:37:57 [django.server:124] [WARNING] - "GET /static/fonts/fontawesome-webfont.woff2?v=4.7.0 HTTP/1.1" 404 1714
2018-11-17 19:37:59 [django.server:124] [INFO] - "GET /assets/list/ HTTP/1.1" 302 0
2018-11-17 19:37:59 [django.template:925] [DEBUG] - Exception while resolving variable 'errmsg' in template 'login.html'.
Traceback (most recent call last):
  File "/home/monkey/python36env/lib/python3.6/site-packages/django/template/base.py", line 882, in _resolve_lookup
    current = current[bit]
  File "/home/monkey/python36env/lib/python3.6/site-packages/django/template/context.py", line 87, in __getitem__
    raise KeyError(key)
KeyError: 'errmsg'

During handling of the above exception, another exception occurred:

Traceback (most recent call last):
  File "/home/monkey/python36env/lib/python3.6/site-packages/django/template/base.py", line 888, in _resolve_lookup
    if isinstance(current, BaseContext) and getattr(type(current), bit):
AttributeError: type object 'RequestContext' has no attribute 'errmsg'

During handling of the above exception, another exception occurred:

Traceback (most recent call last):
  File "/home/monkey/python36env/lib/python3.6/site-packages/django/template/base.py", line 896, in _resolve_lookup
    current = current[int(bit)]
ValueError: invalid literal for int() with base 10: 'errmsg'

During handling of the above exception, another exception occurred:

Traceback (most recent call last):
  File "/home/monkey/python36env/lib/python3.6/site-packages/django/template/base.py", line 903, in _resolve_lookup
    (bit, current))  # missing attribute
django.template.base.VariableDoesNotExist: Failed lookup for key [errmsg] in "[{'True': True, 'False': False, 'None': None}, {'csrf_token': <SimpleLazyObject: <function csrf.<locals>._get_val at 0x7fbbec9ae950>>, 'request': <WSGIRequest: GET '/account/login/?next=/assets/list/'>, 'user': <SimpleLazyObject: <function AuthenticationMiddleware.process_request.<locals>.<lambda> at 0x7fbbec9ae730>>, 'perms': <django.contrib.auth.context_processors.PermWrapper object at 0x7fbbec757978>, 'messages': <django.contrib.messages.storage.fallback.FallbackStorage object at 0x7fbbec7574a8>, 'DEFAULT_MESSAGE_LEVELS': {'DEBUG': 10, 'INFO': 20, 'SUCCESS': 25, 'WARNING': 30, 'ERROR': 40}}, {}]"
2018-11-17 19:37:59 [django.server:124] [INFO] - "GET /account/login/?next=/assets/list/ HTTP/1.1" 200 2118
2018-11-17 19:37:59 [django.server:124] [WARNING] - "GET /static/fonts/glyphicons-halflings-regular.woff2 HTTP/1.1" 404 1733
2018-11-17 19:38:00 [django.server:124] [WARNING] - "GET /static/fonts/glyphicons-halflings-regular.woff HTTP/1.1" 404 1730
2018-11-17 19:38:03 [django.server:124] [WARNING] - "GET /static/fonts/fontawesome-webfont.woff2?v=4.7.0 HTTP/1.1" 404 1714
2018-11-17 19:40:08 [django.server:124] [INFO] - "GET / HTTP/1.1" 200 7020
2018-11-17 19:40:08 [django.server:124] [INFO] - "GET /static/css/font-awesome.min.css HTTP/1.1" 304 0
2018-11-17 19:40:08 [django.server:124] [INFO] - "GET /static/css/_all-skins.min.css HTTP/1.1" 304 0
2018-11-17 19:40:08 [django.server:124] [INFO] - "GET /static/css/ionicons.min.css HTTP/1.1" 304 0
2018-11-17 19:40:08 [django.server:124] [INFO] - "GET /static/css/morris.css HTTP/1.1" 304 0
2018-11-17 19:40:08 [django.server:124] [INFO] - "GET /static/css/bootstrap.min.css HTTP/1.1" 304 0
2018-11-17 19:40:08 [django.server:124] [INFO] - "GET /static/css/AdminLTE.min.css HTTP/1.1" 304 0
2018-11-17 19:40:08 [django.server:124] [INFO] - "GET /static/css/bootstrap-datepicker.min.css HTTP/1.1" 304 0
2018-11-17 19:40:08 [django.server:124] [INFO] - "GET /static/css/jquery-jvectormap.css HTTP/1.1" 304 0
2018-11-17 19:40:08 [django.server:124] [INFO] - "GET /static/css/daterangepicker.css HTTP/1.1" 304 0
2018-11-17 19:40:08 [django.server:124] [INFO] - "GET /static/js/jquery.min.js HTTP/1.1" 304 0
2018-11-17 19:40:08 [django.server:124] [INFO] - "GET /static/css/bootstrap3-wysihtml5.min.css HTTP/1.1" 304 0
2018-11-17 19:40:08 [django.server:124] [INFO] - "GET /static/js/bootstrap.min.js HTTP/1.1" 304 0
2018-11-17 19:40:08 [django.server:124] [INFO] - "GET /static/js/adminlte.min.js HTTP/1.1" 304 0
2018-11-17 19:40:08 [django.server:124] [INFO] - "GET /static/img/user2-160x160.jpg HTTP/1.1" 304 0
2018-11-17 19:40:08 [django.server:124] [WARNING] - "GET /static/fonts/fontawesome-webfont.woff2?v=4.7.0 HTTP/1.1" 404 1714
2018-11-17 19:40:08 [django.server:124] [INFO] - "GET /static/fonts/fontawesome-webfont.woff?v=4.7.0 HTTP/1.1" 304 0
2018-11-17 19:40:11 [django.server:124] [INFO] - "GET /assets/list/ HTTP/1.1" 302 0
2018-11-17 19:40:11 [django.template:925] [DEBUG] - Exception while resolving variable 'errmsg' in template 'login.html'.
Traceback (most recent call last):
  File "/home/monkey/python36env/lib/python3.6/site-packages/django/template/base.py", line 882, in _resolve_lookup
    current = current[bit]
  File "/home/monkey/python36env/lib/python3.6/site-packages/django/template/context.py", line 87, in __getitem__
    raise KeyError(key)
KeyError: 'errmsg'

During handling of the above exception, another exception occurred:

Traceback (most recent call last):
  File "/home/monkey/python36env/lib/python3.6/site-packages/django/template/base.py", line 888, in _resolve_lookup
    if isinstance(current, BaseContext) and getattr(type(current), bit):
AttributeError: type object 'RequestContext' has no attribute 'errmsg'

During handling of the above exception, another exception occurred:

Traceback (most recent call last):
  File "/home/monkey/python36env/lib/python3.6/site-packages/django/template/base.py", line 896, in _resolve_lookup
    current = current[int(bit)]
ValueError: invalid literal for int() with base 10: 'errmsg'

During handling of the above exception, another exception occurred:

Traceback (most recent call last):
  File "/home/monkey/python36env/lib/python3.6/site-packages/django/template/base.py", line 903, in _resolve_lookup
    (bit, current))  # missing attribute
django.template.base.VariableDoesNotExist: Failed lookup for key [errmsg] in "[{'True': True, 'False': False, 'None': None}, {'csrf_token': <SimpleLazyObject: <function csrf.<locals>._get_val at 0x7f1f148d4ae8>>, 'request': <WSGIRequest: GET '/account/login/?next=/assets/list/'>, 'user': <SimpleLazyObject: <function AuthenticationMiddleware.process_request.<locals>.<lambda> at 0x7f1f15f7cb70>>, 'perms': <django.contrib.auth.context_processors.PermWrapper object at 0x7f1f146915c0>, 'messages': <django.contrib.messages.storage.fallback.FallbackStorage object at 0x7f1f146910b8>, 'DEFAULT_MESSAGE_LEVELS': {'DEBUG': 10, 'INFO': 20, 'SUCCESS': 25, 'WARNING': 30, 'ERROR': 40}}, {}]"
2018-11-17 19:40:11 [django.server:124] [INFO] - "GET /account/login/?next=/assets/list/ HTTP/1.1" 200 2118
2018-11-17 19:40:11 [django.server:124] [INFO] - "GET /static/css/blue.css HTTP/1.1" 304 0
2018-11-17 19:40:11 [django.server:124] [WARNING] - "GET /static/fonts/glyphicons-halflings-regular.woff2 HTTP/1.1" 404 1733
2018-11-17 19:40:11 [django.server:124] [WARNING] - "GET /static/fonts/glyphicons-halflings-regular.woff HTTP/1.1" 404 1730
2018-11-17 19:40:11 [django.server:124] [INFO] - "GET /static/fonts/glyphicons-halflings-regular.ttf HTTP/1.1" 304 0
2018-11-17 19:40:12 [django.server:124] [INFO] - "POST /account/login/ HTTP/1.1" 302 0
2018-11-17 19:40:12 [django.server:124] [INFO] - "GET / HTTP/1.1" 200 7020
2018-11-17 19:40:12 [django.server:124] [WARNING] - "GET /static/fonts/fontawesome-webfont.woff2?v=4.7.0 HTTP/1.1" 404 1714
2018-11-17 19:40:20 [django.server:124] [ERROR] - "GET /assets/list/ HTTP/1.1" 500 288518
2018-11-17 19:40:20 [django.server:124] [ERROR] - "GET /assets/list/ HTTP/1.1" 500 288518
2018-11-17 19:42:01 [django.server:124] [INFO] - "GET /assets/list/ HTTP/1.1" 302 0
2018-11-17 19:42:01 [django.template:925] [DEBUG] - Exception while resolving variable 'errmsg' in template 'login.html'.
Traceback (most recent call last):
  File "/home/monkey/python36env/lib/python3.6/site-packages/django/template/base.py", line 882, in _resolve_lookup
    current = current[bit]
  File "/home/monkey/python36env/lib/python3.6/site-packages/django/template/context.py", line 87, in __getitem__
    raise KeyError(key)
KeyError: 'errmsg'

During handling of the above exception, another exception occurred:

Traceback (most recent call last):
  File "/home/monkey/python36env/lib/python3.6/site-packages/django/template/base.py", line 888, in _resolve_lookup
    if isinstance(current, BaseContext) and getattr(type(current), bit):
AttributeError: type object 'RequestContext' has no attribute 'errmsg'

During handling of the above exception, another exception occurred:

Traceback (most recent call last):
  File "/home/monkey/python36env/lib/python3.6/site-packages/django/template/base.py", line 896, in _resolve_lookup
    current = current[int(bit)]
ValueError: invalid literal for int() with base 10: 'errmsg'

During handling of the above exception, another exception occurred:

Traceback (most recent call last):
  File "/home/monkey/python36env/lib/python3.6/site-packages/django/template/base.py", line 903, in _resolve_lookup
    (bit, current))  # missing attribute
django.template.base.VariableDoesNotExist: Failed lookup for key [errmsg] in "[{'True': True, 'False': False, 'None': None}, {'csrf_token': <SimpleLazyObject: <function csrf.<locals>._get_val at 0x7f84dfffe268>>, 'request': <WSGIRequest: GET '/account/login/?next=/assets/list/'>, 'user': <SimpleLazyObject: <function AuthenticationMiddleware.process_request.<locals>.<lambda> at 0x7f84ed642158>>, 'perms': <django.contrib.auth.context_processors.PermWrapper object at 0x7f84dff950b8>, 'messages': <django.contrib.messages.storage.fallback.FallbackStorage object at 0x7f84dffcb4e0>, 'DEFAULT_MESSAGE_LEVELS': {'DEBUG': 10, 'INFO': 20, 'SUCCESS': 25, 'WARNING': 30, 'ERROR': 40}}, {}]"
2018-11-17 19:42:01 [django.server:124] [INFO] - "GET /account/login/?next=/assets/list/ HTTP/1.1" 200 2118
2018-11-17 19:42:02 [django.server:124] [WARNING] - "GET /static/fonts/glyphicons-halflings-regular.woff2 HTTP/1.1" 404 1733
2018-11-17 19:42:02 [django.server:124] [WARNING] - "GET /static/fonts/glyphicons-halflings-regular.woff HTTP/1.1" 404 1730
2018-11-17 19:42:03 [django.server:124] [INFO] - "POST /account/login/ HTTP/1.1" 200 2130
2018-11-17 19:42:03 [django.server:124] [WARNING] - "GET /static/fonts/glyphicons-halflings-regular.woff2 HTTP/1.1" 404 1733
2018-11-17 19:42:03 [django.server:124] [WARNING] - "GET /static/fonts/glyphicons-halflings-regular.woff HTTP/1.1" 404 1730
2018-11-17 19:42:09 [django.server:124] [INFO] - "POST /account/login/ HTTP/1.1" 200 2130
2018-11-17 19:42:09 [django.server:124] [WARNING] - "GET /static/fonts/glyphicons-halflings-regular.woff2 HTTP/1.1" 404 1733
2018-11-17 19:42:09 [django.server:124] [WARNING] - "GET /static/fonts/glyphicons-halflings-regular.woff HTTP/1.1" 404 1730
2018-11-17 19:42:30 [django.server:124] [INFO] - "POST /account/login/ HTTP/1.1" 302 0
2018-11-17 19:42:31 [django.server:124] [INFO] - "GET / HTTP/1.1" 200 7020
2018-11-17 19:42:31 [django.server:124] [WARNING] - "GET /static/fonts/fontawesome-webfont.woff2?v=4.7.0 HTTP/1.1" 404 1714
2018-11-17 19:42:32 [django.server:124] [INFO] - "GET /assets/list/ HTTP/1.1" 200 19514
2018-11-17 19:42:32 [django.server:124] [WARNING] - "GET /static/fonts/fontawesome-webfont.woff2?v=4.7.0 HTTP/1.1" 404 1714
2018-11-17 19:42:36 [django.server:124] [INFO] - "GET /assets/list/ HTTP/1.1" 200 19514
2018-11-17 19:42:36 [django.server:124] [WARNING] - "GET /static/fonts/fontawesome-webfont.woff2?v=4.7.0 HTTP/1.1" 404 1714
2018-11-17 19:42:39 [django.server:124] [INFO] - "GET /assets/list/ HTTP/1.1" 200 19514
2018-11-17 19:42:39 [django.server:124] [WARNING] - "GET /static/fonts/fontawesome-webfont.woff2?v=4.7.0 HTTP/1.1" 404 1714
2018-11-17 19:42:46 [django.server:124] [INFO] - "GET /assets/export/ HTTP/1.1" 200 235
2018-11-17 19:44:23 [django.server:124] [WARNING] - "GET /static/css/bootstrap.min.css.map HTTP/1.1" 404 1688
2018-11-17 20:01:58 [django.server:124] [INFO] - "GET /assets/list/ HTTP/1.1" 200 19512
2018-11-17 20:01:58 [django.server:124] [INFO] - "GET /static/css/bootstrap.min.css HTTP/1.1" 304 0
2018-11-17 20:01:58 [django.server:124] [INFO] - "GET /static/css/_all-skins.min.css HTTP/1.1" 304 0
2018-11-17 20:01:58 [django.server:124] [INFO] - "GET /static/css/morris.css HTTP/1.1" 304 0
2018-11-17 20:01:58 [django.server:124] [INFO] - "GET /static/css/AdminLTE.min.css HTTP/1.1" 304 0
2018-11-17 20:01:58 [django.server:124] [INFO] - "GET /static/css/ionicons.min.css HTTP/1.1" 304 0
2018-11-17 20:01:58 [django.server:124] [INFO] - "GET /static/css/bootstrap-datepicker.min.css HTTP/1.1" 304 0
2018-11-17 20:01:58 [django.server:124] [INFO] - "GET /static/css/daterangepicker.css HTTP/1.1" 304 0
2018-11-17 20:01:58 [django.server:124] [INFO] - "GET /static/css/bootstrap3-wysihtml5.min.css HTTP/1.1" 304 0
2018-11-17 20:01:58 [django.server:124] [INFO] - "GET /static/js/jquery.min.js HTTP/1.1" 304 0
2018-11-17 20:01:58 [django.server:124] [INFO] - "GET /static/css/font-awesome.min.css HTTP/1.1" 304 0
2018-11-17 20:01:58 [django.server:124] [INFO] - "GET /static/css/jquery-jvectormap.css HTTP/1.1" 304 0
2018-11-17 20:01:58 [django.server:124] [INFO] - "GET /static/js/bootstrap.min.js HTTP/1.1" 304 0
2018-11-17 20:01:58 [django.server:124] [INFO] - "GET /static/js/adminlte.min.js HTTP/1.1" 304 0
2018-11-17 20:01:58 [django.server:124] [INFO] - "GET /static/img/user2-160x160.jpg HTTP/1.1" 304 0
2018-11-17 20:01:58 [django.server:124] [WARNING] - "GET /static/fonts/fontawesome-webfont.woff2?v=4.7.0 HTTP/1.1" 404 1714
2018-11-17 20:01:59 [django.server:124] [INFO] - "GET /static/fonts/fontawesome-webfont.woff?v=4.7.0 HTTP/1.1" 304 0
2018-11-17 20:02:00 [django.server:124] [INFO] - "GET /assets/list/ HTTP/1.1" 200 19512
2018-11-17 20:02:00 [django.server:124] [WARNING] - "GET /static/fonts/fontawesome-webfont.woff2?v=4.7.0 HTTP/1.1" 404 1714
2018-11-17 20:02:04 [django.server:124] [INFO] - "GET /assets/list/ HTTP/1.1" 200 19512
2018-11-17 20:02:04 [django.server:124] [WARNING] - "GET /static/fonts/fontawesome-webfont.woff2?v=4.7.0 HTTP/1.1" 404 1714
2018-11-17 20:02:06 [django.server:124] [INFO] - "GET /assets/list/ HTTP/1.1" 200 19512
2018-11-17 20:02:06 [django.server:124] [WARNING] - "GET /static/fonts/fontawesome-webfont.woff2?v=4.7.0 HTTP/1.1" 404 1714
2018-11-17 20:03:36 [django.server:124] [INFO] - "GET /assets/list/ HTTP/1.1" 200 19512
2018-11-17 20:03:36 [django.server:124] [WARNING] - "GET /static/fonts/fontawesome-webfont.woff2?v=4.7.0 HTTP/1.1" 404 1714
2018-11-17 20:11:30 [django.server:124] [INFO] - "GET /assets/list/ HTTP/1.1" 200 19512
2018-11-17 20:11:31 [django.server:124] [INFO] - "GET /static/css/bootstrap.min.css HTTP/1.1" 304 0
2018-11-17 20:11:31 [django.server:124] [INFO] - "GET /static/css/ionicons.min.css HTTP/1.1" 304 0
2018-11-17 20:11:31 [django.server:124] [INFO] - "GET /static/css/AdminLTE.min.css HTTP/1.1" 304 0
2018-11-17 20:11:31 [django.server:124] [INFO] - "GET /static/css/morris.css HTTP/1.1" 304 0
2018-11-17 20:11:31 [django.server:124] [INFO] - "GET /static/css/font-awesome.min.css HTTP/1.1" 304 0
2018-11-17 20:11:31 [django.server:124] [INFO] - "GET /static/css/_all-skins.min.css HTTP/1.1" 304 0
2018-11-17 20:11:31 [django.server:124] [INFO] - "GET /static/css/jquery-jvectormap.css HTTP/1.1" 304 0
2018-11-17 20:11:31 [django.server:124] [INFO] - "GET /static/css/bootstrap-datepicker.min.css HTTP/1.1" 304 0
2018-11-17 20:11:31 [django.server:124] [INFO] - "GET /static/js/jquery.min.js HTTP/1.1" 304 0
2018-11-17 20:11:31 [django.server:124] [INFO] - "GET /static/css/daterangepicker.css HTTP/1.1" 304 0
2018-11-17 20:11:31 [django.server:124] [INFO] - "GET /static/css/bootstrap3-wysihtml5.min.css HTTP/1.1" 304 0
2018-11-17 20:11:31 [django.server:124] [INFO] - "GET /static/js/bootstrap.min.js HTTP/1.1" 304 0
2018-11-17 20:11:31 [django.server:124] [INFO] - "GET /static/js/adminlte.min.js HTTP/1.1" 304 0
2018-11-17 20:11:31 [django.server:124] [INFO] - "GET /static/img/user2-160x160.jpg HTTP/1.1" 304 0
2018-11-17 20:11:31 [django.server:124] [WARNING] - "GET /static/fonts/fontawesome-webfont.woff2?v=4.7.0 HTTP/1.1" 404 1714
2018-11-17 20:11:31 [django.server:124] [INFO] - "GET /static/fonts/fontawesome-webfont.woff?v=4.7.0 HTTP/1.1" 304 0
2018-11-17 20:11:33 [django.server:124] [INFO] - "GET /assets/detail/?pk=1 HTTP/1.1" 200 119
2018-11-17 20:11:39 [django.server:124] [INFO] - "GET /assets/list/ HTTP/1.1" 200 19512
2018-11-17 20:11:39 [django.server:124] [WARNING] - "GET /static/fonts/fontawesome-webfont.woff2?v=4.7.0 HTTP/1.1" 404 1714
2018-11-17 20:15:22 [django.server:124] [INFO] - "GET /assets/list/ HTTP/1.1" 200 19532
2018-11-17 20:15:22 [django.server:124] [WARNING] - "GET /static/fonts/fontawesome-webfont.woff2?v=4.7.0 HTTP/1.1" 404 1714
2018-11-17 20:15:54 [django.server:124] [INFO] - "GET /assets/list/ HTTP/1.1" 200 19585
2018-11-17 20:15:54 [django.server:124] [INFO] - "GET /static/js/sweetalert.min.js HTTP/1.1" 200 16145
2018-11-17 20:15:54 [django.server:124] [WARNING] - "GET /static/fonts/fontawesome-webfont.woff2?v=4.7.0 HTTP/1.1" 404 1714
2018-11-17 20:15:55 [django.server:124] [INFO] - "GET /assets/list/ HTTP/1.1" 200 19585
2018-11-17 20:15:55 [django.server:124] [WARNING] - "GET /static/fonts/fontawesome-webfont.woff2?v=4.7.0 HTTP/1.1" 404 1714
2018-11-17 20:15:59 [django.server:124] [INFO] - "GET /assets/list/ HTTP/1.1" 200 19585
2018-11-17 20:15:59 [django.server:124] [WARNING] - "GET /static/fonts/fontawesome-webfont.woff2?v=4.7.0 HTTP/1.1" 404 1714
2018-11-17 20:16:00 [django.server:124] [INFO] - "GET /assets/list/ HTTP/1.1" 200 19585
2018-11-17 20:16:00 [django.server:124] [WARNING] - "GET /static/fonts/fontawesome-webfont.woff2?v=4.7.0 HTTP/1.1" 404 1714
2018-11-17 20:16:07 [django.server:124] [INFO] - "GET /assets/list/ HTTP/1.1" 200 19585
2018-11-17 20:16:07 [django.server:124] [WARNING] - "GET /static/fonts/fontawesome-webfont.woff2?v=4.7.0 HTTP/1.1" 404 1714
2018-11-17 20:36:18 [django.server:124] [INFO] - "GET /assets/list/ HTTP/1.1" 200 19648
2018-11-17 20:36:18 [django.server:124] [INFO] - "GET /static/css/bootstrap.min.css HTTP/1.1" 304 0
2018-11-17 20:36:18 [django.server:124] [INFO] - "GET /static/css/ionicons.min.css HTTP/1.1" 304 0
2018-11-17 20:36:18 [django.server:124] [INFO] - "GET /static/css/font-awesome.min.css HTTP/1.1" 304 0
2018-11-17 20:36:18 [django.server:124] [INFO] - "GET /static/css/jquery-jvectormap.css HTTP/1.1" 304 0
2018-11-17 20:36:18 [django.server:124] [INFO] - "GET /static/css/_all-skins.min.css HTTP/1.1" 304 0
2018-11-17 20:36:18 [django.server:124] [INFO] - "GET /static/css/morris.css HTTP/1.1" 304 0
2018-11-17 20:36:18 [django.server:124] [INFO] - "GET /static/css/AdminLTE.min.css HTTP/1.1" 304 0
2018-11-17 20:36:18 [django.server:124] [INFO] - "GET /static/css/daterangepicker.css HTTP/1.1" 304 0
2018-11-17 20:36:18 [django.server:124] [INFO] - "GET /static/css/bootstrap-datepicker.min.css HTTP/1.1" 304 0
2018-11-17 20:36:18 [django.server:124] [INFO] - "GET /static/css/bootstrap3-wysihtml5.min.css HTTP/1.1" 304 0
2018-11-17 20:36:18 [django.server:124] [INFO] - "GET /static/css/sweetalert.css HTTP/1.1" 200 18130
2018-11-17 20:36:18 [django.server:124] [INFO] - "GET /static/js/jquery.min.js HTTP/1.1" 304 0
2018-11-17 20:36:18 [django.server:124] [INFO] - "GET /static/js/adminlte.min.js HTTP/1.1" 304 0
2018-11-17 20:36:18 [django.server:124] [INFO] - "GET /static/js/bootstrap.min.js HTTP/1.1" 304 0
2018-11-17 20:36:18 [django.server:124] [INFO] - "GET /static/js/sweetalert.min.js HTTP/1.1" 304 0
2018-11-17 20:36:18 [django.server:124] [INFO] - "GET /static/img/user2-160x160.jpg HTTP/1.1" 304 0
2018-11-17 20:36:18 [django.server:124] [WARNING] - "GET /static/fonts/fontawesome-webfont.woff2?v=4.7.0 HTTP/1.1" 404 1714
2018-11-17 20:36:18 [django.server:124] [INFO] - "GET /static/fonts/fontawesome-webfont.woff?v=4.7.0 HTTP/1.1" 304 0
2018-11-17 20:36:20 [django.server:124] [INFO] - "GET /assets/list/ HTTP/1.1" 200 19648
2018-11-17 20:36:20 [django.server:124] [WARNING] - "GET /static/fonts/fontawesome-webfont.woff2?v=4.7.0 HTTP/1.1" 404 1714
2018-11-17 20:36:26 [django.server:124] [INFO] - "GET /assets/list/ HTTP/1.1" 200 19648
2018-11-17 20:36:26 [django.server:124] [WARNING] - "GET /static/fonts/fontawesome-webfont.woff2?v=4.7.0 HTTP/1.1" 404 1714
2018-11-17 20:36:29 [django.server:124] [INFO] - "DELETE /assets/delete/13/ HTTP/1.1" 200 10
2018-11-17 20:36:32 [django.server:124] [INFO] - "GET /assets/list/ HTTP/1.1" 200 18939
2018-11-17 20:36:32 [django.server:124] [WARNING] - "GET /static/fonts/fontawesome-webfont.woff2?v=4.7.0 HTTP/1.1" 404 1714
2018-11-17 20:36:40 [django.server:124] [INFO] - "GET /assets/list/ HTTP/1.1" 200 18919
2018-11-17 20:36:40 [django.server:124] [WARNING] - "GET /static/fonts/fontawesome-webfont.woff2?v=4.7.0 HTTP/1.1" 404 1714
2018-11-17 20:36:40 [django.server:124] [INFO] - "GET /assets/list/ HTTP/1.1" 200 18919
2018-11-17 20:36:41 [django.server:124] [WARNING] - "GET /static/fonts/fontawesome-webfont.woff2?v=4.7.0 HTTP/1.1" 404 1714
2018-11-17 20:36:41 [django.server:124] [INFO] - "GET /assets/detail/?pk=1 HTTP/1.1" 200 119
2018-11-17 20:36:48 [django.server:124] [INFO] - "GET /assets/detail/?pk=12 HTTP/1.1" 200 114
2018-11-17 20:36:50 [django.server:124] [INFO] - "PUT /assets/edit/1/ HTTP/1.1" 200 9
2018-11-17 20:36:50 [django.server:124] [INFO] - "PUT /assets/edit/12/ HTTP/1.1" 200 9
2018-11-17 20:36:54 [django.server:124] [INFO] - "GET /assets/list/ HTTP/1.1" 200 18921
2018-11-17 20:36:54 [django.server:124] [WARNING] - "GET /static/fonts/fontawesome-webfont.woff2?v=4.7.0 HTTP/1.1" 404 1714
2018-11-17 20:37:03 [django.server:124] [WARNING] - "GET /static/css/bootstrap.min.css.map HTTP/1.1" 404 1688
2018-11-17 20:37:25 [django.server:124] [INFO] - "GET /assets/list/ HTTP/1.1" 200 18921
2018-11-17 20:37:25 [django.server:124] [WARNING] - "GET /static/fonts/fontawesome-webfont.woff2?v=4.7.0 HTTP/1.1" 404 1714
2018-11-17 20:37:26 [django.server:124] [INFO] - "GET /assets/list/ HTTP/1.1" 200 18921
2018-11-17 20:37:26 [django.server:124] [WARNING] - "GET /static/fonts/fontawesome-webfont.woff2?v=4.7.0 HTTP/1.1" 404 1714
2018-11-17 20:37:28 [django.server:124] [INFO] - "GET /assets/list/ HTTP/1.1" 200 18921
2018-11-17 20:37:28 [django.server:124] [WARNING] - "GET /static/fonts/fontawesome-webfont.woff2?v=4.7.0 HTTP/1.1" 404 1714
2018-11-17 20:37:38 [django.server:124] [ERROR] - "GET /user/list/ HTTP/1.1" 500 251138
2018-11-17 20:37:46 [django.server:124] [INFO] - "GET /assets/list/ HTTP/1.1" 200 18921
2018-11-17 20:37:46 [django.server:124] [WARNING] - "GET /static/fonts/fontawesome-webfont.woff2?v=4.7.0 HTTP/1.1" 404 1714
